2018-07-13 15:13:58.471  INFO 18892 --- [main] c.y.b.rs.RegionalstabilityApplication    : Starting RegionalstabilityApplication on DESKTOP-9BCQK4L with PID 18892 (E:\java_evn\java_IDE\ideaSpace\regionalstability\target\classes started by wzx in E:\java_evn\java_IDE\ideaSpace\regionalstability)
2018-07-13 15:13:58.517  INFO 18892 --- [main] c.y.b.rs.RegionalstabilityApplication    : The following profiles are active: test
2018-07-13 15:13:58.782  INFO 18892 --- [main] ConfigServletWebServerApplicationContext : Refreshing org.springframework.boot.web.servlet.context.AnnotationConfigServletWebServerApplicationContext@6337c201: startup date [Fri Jul 13 15:13:58 CST 2018]; root of context hierarchy
2018-07-13 15:14:01.792  INFO 18892 --- [main] .s.d.r.c.RepositoryConfigurationDelegate : Multiple Spring Data modules found, entering strict repository configuration mode!
2018-07-13 15:14:02.853  INFO 18892 --- [main] trationDelegate$BeanPostProcessorChecker : Bean 'org.springframework.transaction.annotation.ProxyTransactionManagementConfiguration' of type [org.springframework.transaction.annotation.ProxyTransactionManagementConfiguration$$EnhancerBySpringCGLIB$$81bd4cd] is not eligible for getting processed by all BeanPostProcessors (for example: not eligible for auto-proxying)
2018-07-13 15:14:03.551  INFO 18892 --- [main] o.s.b.w.embedded.tomcat.TomcatWebServer  : Tomcat initialized with port(s): 8080 (http)
2018-07-13 15:14:03.638  INFO 18892 --- [main] o.apache.catalina.core.StandardService   : Starting service [Tomcat]
2018-07-13 15:14:03.639  INFO 18892 --- [main] org.apache.catalina.core.StandardEngine  : Starting Servlet Engine: Apache Tomcat/8.5.31
2018-07-13 15:14:03.659  INFO 18892 --- [localhost-startStop-1] o.a.catalina.core.AprLifecycleListener   : The APR based Apache Tomcat Native library which allows optimal performance in production environments was not found on the java.library.path: [E:\java_evn\java_JDK\bin;C:\WINDOWS\Sun\Java\bin;C:\WINDOWS\system32;C:\WINDOWS;C:\Program Files (x86)\Intel\Intel(R) Management Engine Components\iCLS\;C:\Program Files\Intel\Intel(R) Management Engine Components\iCLS\;C:\Program Files (x86)\Common Files\Oracle\Java\javapath;C:\WINDOWS\system32;C:\WINDOWS;C:\WINDOWS\System32\Wbem;C:\WINDOWS\System32\WindowsPowerShell\v1.0\;E:\java_evn\java_JDK\bin;E:\java_evn\java_JDK\jre\bin;E:\java_evn\Git\Git\cmd;E:\java_evn\Maven\apache-maven-3.5.0\bin\;C:\Program Files (x86)\Intel\Intel(R) Management Engine Components\DAL;C:\Program Files\Intel\Intel(R) Management Engine Components\DAL;C:\Program Files (x86)\Intel\Intel(R) Management Engine Components\IPT;C:\Program Files\Intel\Intel(R) Management Engine Components\IPT;C:\Program Files (x86)\MySQL\MySQL Utilities 1.6\;C:\WINDOWS\System32\OpenSSH\;C:\Users\wzx\AppData\Local\Microsoft\WindowsApps;;.]
2018-07-13 15:14:03.924  INFO 18892 --- [localhost-startStop-1] o.a.c.c.C.[Tomcat].[localhost].[/test]   : Initializing Spring embedded WebApplicationContext
2018-07-13 15:14:03.924  INFO 18892 --- [localhost-startStop-1] o.s.web.context.ContextLoader            : Root WebApplicationContext: initialization completed in 5143 ms
2018-07-13 15:14:04.135  INFO 18892 --- [localhost-startStop-1] o.s.b.w.servlet.ServletRegistrationBean  : Servlet dispatcherServlet mapped to [/]
2018-07-13 15:14:04.154  INFO 18892 --- [localhost-startStop-1] o.s.b.w.servlet.FilterRegistrationBean   : Mapping filter: 'characterEncodingFilter' to: [/*]
2018-07-13 15:14:04.155  INFO 18892 --- [localhost-startStop-1] o.s.b.w.servlet.FilterRegistrationBean   : Mapping filter: 'hiddenHttpMethodFilter' to: [/*]
2018-07-13 15:14:04.155  INFO 18892 --- [localhost-startStop-1] o.s.b.w.servlet.FilterRegistrationBean   : Mapping filter: 'httpPutFormContentFilter' to: [/*]
2018-07-13 15:14:04.155  INFO 18892 --- [localhost-startStop-1] o.s.b.w.servlet.FilterRegistrationBean   : Mapping filter: 'requestContextFilter' to: [/*]
2018-07-13 15:14:05.909  INFO 18892 --- [main] o.s.w.s.handler.SimpleUrlHandlerMapping  : Mapped URL path [/**/favicon.ico] onto handler of type [class org.springframework.web.servlet.resource.ResourceHttpRequestHandler]
2018-07-13 15:14:06.603  INFO 18892 --- [main] s.w.s.m.m.a.RequestMappingHandlerAdapter : Looking for @ControllerAdvice: org.springframework.boot.web.servlet.context.AnnotationConfigServletWebServerApplicationContext@6337c201: startup date [Fri Jul 13 15:13:58 CST 2018]; root of context hierarchy
2018-07-13 15:14:06.686  INFO 18892 --- [main] s.w.s.m.m.a.RequestMappingHandlerMapping : Mapped "{[/user/getUser/{id}],methods=[GET]}" onto public cn.yuchen.bigdate.rs.utility.ResponseResult<cn.yuchen.bigdate.rs.usermanagement.pojo.vo.UserVo> cn.yuchen.bigdate.rs.usermanagement.controller.UserController.findUserVoById(java.lang.Integer)
2018-07-13 15:14:06.688  INFO 18892 --- [main] s.w.s.m.m.a.RequestMappingHandlerMapping : Mapped "{[/user/add],methods=[POST]}" onto public cn.yuchen.bigdate.rs.utility.ResponseResult<java.lang.Boolean> cn.yuchen.bigdate.rs.usermanagement.controller.UserController.addUser(cn.yuchen.bigdate.rs.usermanagement.pojo.vo.UserVo) throws java.lang.reflect.InvocationTargetException,java.lang.IllegalAccessException
2018-07-13 15:14:06.691  INFO 18892 --- [main] s.w.s.m.m.a.RequestMappingHandlerMapping : Mapped "{[/error]}" onto public org.springframework.http.ResponseEntity<java.util.Map<java.lang.String, java.lang.Object>> org.springframework.boot.autoconfigure.web.servlet.error.BasicErrorController.error(javax.servlet.http.HttpServletRequest)
2018-07-13 15:14:06.692  INFO 18892 --- [main] s.w.s.m.m.a.RequestMappingHandlerMapping : Mapped "{[/error],produces=[text/html]}" onto public org.springframework.web.servlet.ModelAndView org.springframework.boot.autoconfigure.web.servlet.error.BasicErrorController.errorHtml(javax.servlet.http.HttpServletRequest,javax.servlet.http.HttpServletResponse)
2018-07-13 15:14:06.725  INFO 18892 --- [main] o.s.w.s.handler.SimpleUrlHandlerMapping  : Mapped URL path [/webjars/**] onto handler of type [class org.springframework.web.servlet.resource.ResourceHttpRequestHandler]
2018-07-13 15:14:06.726  INFO 18892 --- [main] o.s.w.s.handler.SimpleUrlHandlerMapping  : Mapped URL path [/**] onto handler of type [class org.springframework.web.servlet.resource.ResourceHttpRequestHandler]
2018-07-13 15:14:06.741  INFO 18892 --- [main] .m.m.a.ExceptionHandlerExceptionResolver : Detected @ExceptionHandler methods in globalExceptionHandler
2018-07-13 15:14:07.561  INFO 18892 --- [main] o.s.j.e.a.AnnotationMBeanExporter        : Registering beans for JMX exposure on startup
2018-07-13 15:14:07.563  INFO 18892 --- [main] o.s.j.e.a.AnnotationMBeanExporter        : Bean with name 'dataSource' has been autodetected for JMX exposure
2018-07-13 15:14:07.569  INFO 18892 --- [main] o.s.j.e.a.AnnotationMBeanExporter        : Located MBean 'dataSource': registering with JMX server as MBean [com.zaxxer.hikari:name=dataSource,type=HikariDataSource]
2018-07-13 15:14:07.654  INFO 18892 --- [main] o.s.b.w.embedded.tomcat.TomcatWebServer  : Tomcat started on port(s): 8080 (http) with context path '/test'
2018-07-13 15:14:07.672  INFO 18892 --- [main] c.y.b.rs.RegionalstabilityApplication    : Started RegionalstabilityApplication in 10.9 seconds (JVM running for 15.148)
2018-07-13 15:14:35.049  INFO 18892 --- [http-nio-8080-exec-2] o.a.c.c.C.[Tomcat].[localhost].[/test]   : Initializing Spring FrameworkServlet 'dispatcherServlet'
2018-07-13 15:14:35.050  INFO 18892 --- [http-nio-8080-exec-2] o.s.web.servlet.DispatcherServlet        : FrameworkServlet 'dispatcherServlet': initialization started
2018-07-13 15:14:35.074  INFO 18892 --- [http-nio-8080-exec-2] o.s.web.servlet.DispatcherServlet        : FrameworkServlet 'dispatcherServlet': initialization completed in 24 ms
2018-07-13 15:14:35.218  INFO 18892 --- [http-nio-8080-exec-2] com.zaxxer.hikari.HikariDataSource       : HikariPool-1 - Starting...
2018-07-13 15:14:35.996  INFO 18892 --- [http-nio-8080-exec-2] com.zaxxer.hikari.HikariDataSource       : HikariPool-1 - Start completed.
2018-07-13 15:14:36.249  INFO 18892 --- [http-nio-8080-exec-2] c.y.b.r.u.controller.UserController      : stringRedisTemplate类操作redis缓存存储：key:rsName,value:rsValue
2018-07-13 15:14:36.477  INFO 18892 --- [http-nio-8080-exec-2] io.lettuce.core.EpollProvider            : Starting without optional epoll library
2018-07-13 15:14:36.478  INFO 18892 --- [http-nio-8080-exec-2] io.lettuce.core.KqueueProvider           : Starting without optional kqueue library
2018-07-13 15:14:36.846  INFO 18892 --- [http-nio-8080-exec-2] c.y.b.r.u.controller.UserController      : 存储成功
2018-07-13 15:14:36.852  INFO 18892 --- [http-nio-8080-exec-2] c.y.b.r.u.controller.UserController      : stringRedisTemplate类操作redis缓存获取：redisStr:key:rsName,value:rsValue
2018-07-13 15:14:37.025  INFO 18892 --- [http-nio-8080-exec-2] c.y.b.r.u.controller.UserController      : redisCacheTemplate类操作redis存储对象:userVo:UserVo{id=1, userName='测试', password='sfasgfaf', age=24, desc='null'}
2018-07-13 15:16:06.422  INFO 14272 --- [main] c.y.b.rs.RegionalstabilityApplication    : Starting RegionalstabilityApplication on DESKTOP-9BCQK4L with PID 14272 (E:\java_evn\java_IDE\ideaSpace\regionalstability\target\classes started by wzx in E:\java_evn\java_IDE\ideaSpace\regionalstability)
2018-07-13 15:16:06.428  INFO 14272 --- [main] c.y.b.rs.RegionalstabilityApplication    : The following profiles are active: test
2018-07-13 15:16:06.504  INFO 14272 --- [main] ConfigServletWebServerApplicationContext : Refreshing org.springframework.boot.web.servlet.context.AnnotationConfigServletWebServerApplicationContext@2141a12: startup date [Fri Jul 13 15:16:06 CST 2018]; root of context hierarchy
2018-07-13 15:16:07.287  INFO 14272 --- [main] .s.d.r.c.RepositoryConfigurationDelegate : Multiple Spring Data modules found, entering strict repository configuration mode!
2018-07-13 15:16:07.717  INFO 14272 --- [main] trationDelegate$BeanPostProcessorChecker : Bean 'org.springframework.transaction.annotation.ProxyTransactionManagementConfiguration' of type [org.springframework.transaction.annotation.ProxyTransactionManagementConfiguration$$EnhancerBySpringCGLIB$$e9dbe6c6] is not eligible for getting processed by all BeanPostProcessors (for example: not eligible for auto-proxying)
2018-07-13 15:16:08.002  INFO 14272 --- [main] o.s.b.w.embedded.tomcat.TomcatWebServer  : Tomcat initialized with port(s): 8080 (http)
2018-07-13 15:16:08.027  INFO 14272 --- [main] o.apache.catalina.core.StandardService   : Starting service [Tomcat]
2018-07-13 15:16:08.028  INFO 14272 --- [main] org.apache.catalina.core.StandardEngine  : Starting Servlet Engine: Apache Tomcat/8.5.31
2018-07-13 15:16:08.032  INFO 14272 --- [localhost-startStop-1] o.a.catalina.core.AprLifecycleListener   : The APR based Apache Tomcat Native library which allows optimal performance in production environments was not found on the java.library.path: [E:\java_evn\java_JDK\bin;C:\WINDOWS\Sun\Java\bin;C:\WINDOWS\system32;C:\WINDOWS;C:\Program Files (x86)\Intel\Intel(R) Management Engine Components\iCLS\;C:\Program Files\Intel\Intel(R) Management Engine Components\iCLS\;C:\Program Files (x86)\Common Files\Oracle\Java\javapath;C:\WINDOWS\system32;C:\WINDOWS;C:\WINDOWS\System32\Wbem;C:\WINDOWS\System32\WindowsPowerShell\v1.0\;E:\java_evn\java_JDK\bin;E:\java_evn\java_JDK\jre\bin;E:\java_evn\Git\Git\cmd;E:\java_evn\Maven\apache-maven-3.5.0\bin\;C:\Program Files (x86)\Intel\Intel(R) Management Engine Components\DAL;C:\Program Files\Intel\Intel(R) Management Engine Components\DAL;C:\Program Files (x86)\Intel\Intel(R) Management Engine Components\IPT;C:\Program Files\Intel\Intel(R) Management Engine Components\IPT;C:\Program Files (x86)\MySQL\MySQL Utilities 1.6\;C:\WINDOWS\System32\OpenSSH\;C:\Users\wzx\AppData\Local\Microsoft\WindowsApps;;.]
2018-07-13 15:16:08.191  INFO 14272 --- [localhost-startStop-1] o.a.c.c.C.[Tomcat].[localhost].[/test]   : Initializing Spring embedded WebApplicationContext
2018-07-13 15:16:08.193  INFO 14272 --- [localhost-startStop-1] o.s.web.context.ContextLoader            : Root WebApplicationContext: initialization completed in 1688 ms
2018-07-13 15:16:08.503  INFO 14272 --- [localhost-startStop-1] o.s.b.w.servlet.ServletRegistrationBean  : Servlet dispatcherServlet mapped to [/]
2018-07-13 15:16:08.515  INFO 14272 --- [localhost-startStop-1] o.s.b.w.servlet.FilterRegistrationBean   : Mapping filter: 'characterEncodingFilter' to: [/*]
2018-07-13 15:16:08.516  INFO 14272 --- [localhost-startStop-1] o.s.b.w.servlet.FilterRegistrationBean   : Mapping filter: 'hiddenHttpMethodFilter' to: [/*]
2018-07-13 15:16:08.517  INFO 14272 --- [localhost-startStop-1] o.s.b.w.servlet.FilterRegistrationBean   : Mapping filter: 'httpPutFormContentFilter' to: [/*]
2018-07-13 15:16:08.517  INFO 14272 --- [localhost-startStop-1] o.s.b.w.servlet.FilterRegistrationBean   : Mapping filter: 'requestContextFilter' to: [/*]
2018-07-13 15:16:09.484  INFO 14272 --- [main] o.s.w.s.handler.SimpleUrlHandlerMapping  : Mapped URL path [/**/favicon.ico] onto handler of type [class org.springframework.web.servlet.resource.ResourceHttpRequestHandler]
2018-07-13 15:16:09.772  INFO 14272 --- [main] s.w.s.m.m.a.RequestMappingHandlerAdapter : Looking for @ControllerAdvice: org.springframework.boot.web.servlet.context.AnnotationConfigServletWebServerApplicationContext@2141a12: startup date [Fri Jul 13 15:16:06 CST 2018]; root of context hierarchy
2018-07-13 15:16:09.841  INFO 14272 --- [main] s.w.s.m.m.a.RequestMappingHandlerMapping : Mapped "{[/user/add],methods=[POST]}" onto public cn.yuchen.bigdate.rs.utility.ResponseResult<java.lang.Boolean> cn.yuchen.bigdate.rs.usermanagement.controller.UserController.addUser(cn.yuchen.bigdate.rs.usermanagement.pojo.vo.UserVo) throws java.lang.reflect.InvocationTargetException,java.lang.IllegalAccessException
2018-07-13 15:16:09.843  INFO 14272 --- [main] s.w.s.m.m.a.RequestMappingHandlerMapping : Mapped "{[/user/getUser/{id}],methods=[GET]}" onto public cn.yuchen.bigdate.rs.utility.ResponseResult<cn.yuchen.bigdate.rs.usermanagement.pojo.vo.UserVo> cn.yuchen.bigdate.rs.usermanagement.controller.UserController.findUserVoById(java.lang.Integer)
2018-07-13 15:16:09.843  INFO 14272 --- [main] s.w.s.m.m.a.RequestMappingHandlerMapping : Mapped "{[/user/error],methods=[GET]}" onto public void cn.yuchen.bigdate.rs.usermanagement.controller.UserController.testError()
2018-07-13 15:16:09.846  INFO 14272 --- [main] s.w.s.m.m.a.RequestMappingHandlerMapping : Mapped "{[/error]}" onto public org.springframework.http.ResponseEntity<java.util.Map<java.lang.String, java.lang.Object>> org.springframework.boot.autoconfigure.web.servlet.error.BasicErrorController.error(javax.servlet.http.HttpServletRequest)
2018-07-13 15:16:09.846  INFO 14272 --- [main] s.w.s.m.m.a.RequestMappingHandlerMapping : Mapped "{[/error],produces=[text/html]}" onto public org.springframework.web.servlet.ModelAndView org.springframework.boot.autoconfigure.web.servlet.error.BasicErrorController.errorHtml(javax.servlet.http.HttpServletRequest,javax.servlet.http.HttpServletResponse)
2018-07-13 15:16:09.892  INFO 14272 --- [main] o.s.w.s.handler.SimpleUrlHandlerMapping  : Mapped URL path [/webjars/**] onto handler of type [class org.springframework.web.servlet.resource.ResourceHttpRequestHandler]
2018-07-13 15:16:09.893  INFO 14272 --- [main] o.s.w.s.handler.SimpleUrlHandlerMapping  : Mapped URL path [/**] onto handler of type [class org.springframework.web.servlet.resource.ResourceHttpRequestHandler]
2018-07-13 15:16:09.907  INFO 14272 --- [main] .m.m.a.ExceptionHandlerExceptionResolver : Detected @ExceptionHandler methods in globalExceptionHandler
2018-07-13 15:16:10.257  INFO 14272 --- [main] o.s.j.e.a.AnnotationMBeanExporter        : Registering beans for JMX exposure on startup
2018-07-13 15:16:10.259  INFO 14272 --- [main] o.s.j.e.a.AnnotationMBeanExporter        : Bean with name 'dataSource' has been autodetected for JMX exposure
2018-07-13 15:16:10.264  INFO 14272 --- [main] o.s.j.e.a.AnnotationMBeanExporter        : Located MBean 'dataSource': registering with JMX server as MBean [com.zaxxer.hikari:name=dataSource,type=HikariDataSource]
2018-07-13 15:16:10.296  INFO 14272 --- [main] o.s.b.w.embedded.tomcat.TomcatWebServer  : Tomcat started on port(s): 8080 (http) with context path '/test'
2018-07-13 15:16:10.300  INFO 14272 --- [main] c.y.b.rs.RegionalstabilityApplication    : Started RegionalstabilityApplication in 4.448 seconds (JVM running for 5.435)
2018-07-13 15:16:12.120  INFO 14272 --- [http-nio-8080-exec-1] o.a.c.c.C.[Tomcat].[localhost].[/test]   : Initializing Spring FrameworkServlet 'dispatcherServlet'
2018-07-13 15:16:12.121  INFO 14272 --- [http-nio-8080-exec-1] o.s.web.servlet.DispatcherServlet        : FrameworkServlet 'dispatcherServlet': initialization started
2018-07-13 15:16:12.152  INFO 14272 --- [http-nio-8080-exec-1] o.s.web.servlet.DispatcherServlet        : FrameworkServlet 'dispatcherServlet': initialization completed in 31 ms
2018-07-13 15:16:12.200 ERROR 14272 --- [http-nio-8080-exec-1] c.y.b.r.e.GlobalExceptionHandler         : 系统抛出exception异常：{}

java.lang.RuntimeException: 模拟错误
	at cn.yuchen.bigdate.rs.usermanagement.controller.UserController.testError(UserController.java:70) ~[classes/:na]
	at sun.reflect.NativeMethodAccessorImpl.invoke0(Native Method) ~[na:1.8.0_171]
	at sun.reflect.NativeMethodAccessorImpl.invoke(NativeMethodAccessorImpl.java:62) ~[na:1.8.0_171]
	at sun.reflect.DelegatingMethodAccessorImpl.invoke(DelegatingMethodAccessorImpl.java:43) ~[na:1.8.0_171]
	at java.lang.reflect.Method.invoke(Method.java:498) ~[na:1.8.0_171]
	at org.springframework.web.method.support.InvocableHandlerMethod.doInvoke(InvocableHandlerMethod.java:209) ~[spring-web-5.0.7.RELEASE.jar:5.0.7.RELEASE]
	at org.springframework.web.method.support.InvocableHandlerMethod.invokeForRequest(InvocableHandlerMethod.java:136) ~[spring-web-5.0.7.RELEASE.jar:5.0.7.RELEASE]
	at org.springframework.web.servlet.mvc.method.annotation.ServletInvocableHandlerMethod.invokeAndHandle(ServletInvocableHandlerMethod.java:102) ~[spring-webmvc-5.0.7.RELEASE.jar:5.0.7.RELEASE]
	at org.springframework.web.servlet.mvc.method.annotation.RequestMappingHandlerAdapter.invokeHandlerMethod(RequestMappingHandlerAdapter.java:877) ~[spring-webmvc-5.0.7.RELEASE.jar:5.0.7.RELEASE]
	at org.springframework.web.servlet.mvc.method.annotation.RequestMappingHandlerAdapter.handleInternal(RequestMappingHandlerAdapter.java:783) ~[spring-webmvc-5.0.7.RELEASE.jar:5.0.7.RELEASE]
	at org.springframework.web.servlet.mvc.method.AbstractHandlerMethodAdapter.handle(AbstractHandlerMethodAdapter.java:87) ~[spring-webmvc-5.0.7.RELEASE.jar:5.0.7.RELEASE]
	at org.springframework.web.servlet.DispatcherServlet.doDispatch(DispatcherServlet.java:991) ~[spring-webmvc-5.0.7.RELEASE.jar:5.0.7.RELEASE]
	at org.springframework.web.servlet.DispatcherServlet.doService(DispatcherServlet.java:925) ~[spring-webmvc-5.0.7.RELEASE.jar:5.0.7.RELEASE]
	at org.springframework.web.servlet.FrameworkServlet.processRequest(FrameworkServlet.java:974) [spring-webmvc-5.0.7.RELEASE.jar:5.0.7.RELEASE]
	at org.springframework.web.servlet.FrameworkServlet.doGet(FrameworkServlet.java:866) [spring-webmvc-5.0.7.RELEASE.jar:5.0.7.RELEASE]
	at javax.servlet.http.HttpServlet.service(HttpServlet.java:635) [tomcat-embed-core-8.5.31.jar:8.5.31]
	at org.springframework.web.servlet.FrameworkServlet.service(FrameworkServlet.java:851) [spring-webmvc-5.0.7.RELEASE.jar:5.0.7.RELEASE]
	at javax.servlet.http.HttpServlet.service(HttpServlet.java:742) [tomcat-embed-core-8.5.31.jar:8.5.31]
	at org.apache.catalina.core.ApplicationFilterChain.internalDoFilter(ApplicationFilterChain.java:231) [tomcat-embed-core-8.5.31.jar:8.5.31]
	at org.apache.catalina.core.ApplicationFilterChain.doFilter(ApplicationFilterChain.java:166) [tomcat-embed-core-8.5.31.jar:8.5.31]
	at org.apache.tomcat.websocket.server.WsFilter.doFilter(WsFilter.java:52) [tomcat-embed-websocket-8.5.31.jar:8.5.31]
	at org.apache.catalina.core.ApplicationFilterChain.internalDoFilter(ApplicationFilterChain.java:193) [tomcat-embed-core-8.5.31.jar:8.5.31]
	at org.apache.catalina.core.ApplicationFilterChain.doFilter(ApplicationFilterChain.java:166) [tomcat-embed-core-8.5.31.jar:8.5.31]
	at org.springframework.web.filter.RequestContextFilter.doFilterInternal(RequestContextFilter.java:99) [spring-web-5.0.7.RELEASE.jar:5.0.7.RELEASE]
	at org.springframework.web.filter.OncePerRequestFilter.doFilter(OncePerRequestFilter.java:107) [spring-web-5.0.7.RELEASE.jar:5.0.7.RELEASE]
	at org.apache.catalina.core.ApplicationFilterChain.internalDoFilter(ApplicationFilterChain.java:193) [tomcat-embed-core-8.5.31.jar:8.5.31]
	at org.apache.catalina.core.ApplicationFilterChain.doFilter(ApplicationFilterChain.java:166) [tomcat-embed-core-8.5.31.jar:8.5.31]
	at org.springframework.web.filter.HttpPutFormContentFilter.doFilterInternal(HttpPutFormContentFilter.java:109) [spring-web-5.0.7.RELEASE.jar:5.0.7.RELEASE]
	at org.springframework.web.filter.OncePerRequestFilter.doFilter(OncePerRequestFilter.java:107) [spring-web-5.0.7.RELEASE.jar:5.0.7.RELEASE]
	at org.apache.catalina.core.ApplicationFilterChain.internalDoFilter(ApplicationFilterChain.java:193) [tomcat-embed-core-8.5.31.jar:8.5.31]
	at org.apache.catalina.core.ApplicationFilterChain.doFilter(ApplicationFilterChain.java:166) [tomcat-embed-core-8.5.31.jar:8.5.31]
	at org.springframework.web.filter.HiddenHttpMethodFilter.doFilterInternal(HiddenHttpMethodFilter.java:93) [spring-web-5.0.7.RELEASE.jar:5.0.7.RELEASE]
	at org.springframework.web.filter.OncePerRequestFilter.doFilter(OncePerRequestFilter.java:107) [spring-web-5.0.7.RELEASE.jar:5.0.7.RELEASE]
	at org.apache.catalina.core.ApplicationFilterChain.internalDoFilter(ApplicationFilterChain.java:193) [tomcat-embed-core-8.5.31.jar:8.5.31]
	at org.apache.catalina.core.ApplicationFilterChain.doFilter(ApplicationFilterChain.java:166) [tomcat-embed-core-8.5.31.jar:8.5.31]
	at org.springframework.web.filter.CharacterEncodingFilter.doFilterInternal(CharacterEncodingFilter.java:200) [spring-web-5.0.7.RELEASE.jar:5.0.7.RELEASE]
	at org.springframework.web.filter.OncePerRequestFilter.doFilter(OncePerRequestFilter.java:107) [spring-web-5.0.7.RELEASE.jar:5.0.7.RELEASE]
	at org.apache.catalina.core.ApplicationFilterChain.internalDoFilter(ApplicationFilterChain.java:193) [tomcat-embed-core-8.5.31.jar:8.5.31]
	at org.apache.catalina.core.ApplicationFilterChain.doFilter(ApplicationFilterChain.java:166) [tomcat-embed-core-8.5.31.jar:8.5.31]
	at org.apache.catalina.core.StandardWrapperValve.invoke(StandardWrapperValve.java:198) [tomcat-embed-core-8.5.31.jar:8.5.31]
	at org.apache.catalina.core.StandardContextValve.invoke(StandardContextValve.java:96) [tomcat-embed-core-8.5.31.jar:8.5.31]
	at org.apache.catalina.authenticator.AuthenticatorBase.invoke(AuthenticatorBase.java:496) [tomcat-embed-core-8.5.31.jar:8.5.31]
	at org.apache.catalina.core.StandardHostValve.invoke(StandardHostValve.java:140) [tomcat-embed-core-8.5.31.jar:8.5.31]
	at org.apache.catalina.valves.ErrorReportValve.invoke(ErrorReportValve.java:81) [tomcat-embed-core-8.5.31.jar:8.5.31]
	at org.apache.catalina.core.StandardEngineValve.invoke(StandardEngineValve.java:87) [tomcat-embed-core-8.5.31.jar:8.5.31]
	at org.apache.catalina.connector.CoyoteAdapter.service(CoyoteAdapter.java:342) [tomcat-embed-core-8.5.31.jar:8.5.31]
	at org.apache.coyote.http11.Http11Processor.service(Http11Processor.java:803) [tomcat-embed-core-8.5.31.jar:8.5.31]
	at org.apache.coyote.AbstractProcessorLight.process(AbstractProcessorLight.java:66) [tomcat-embed-core-8.5.31.jar:8.5.31]
	at org.apache.coyote.AbstractProtocol$ConnectionHandler.process(AbstractProtocol.java:790) [tomcat-embed-core-8.5.31.jar:8.5.31]
	at org.apache.tomcat.util.net.NioEndpoint$SocketProcessor.doRun(NioEndpoint.java:1468) [tomcat-embed-core-8.5.31.jar:8.5.31]
	at org.apache.tomcat.util.net.SocketProcessorBase.run(SocketProcessorBase.java:49) [tomcat-embed-core-8.5.31.jar:8.5.31]
	at java.util.concurrent.ThreadPoolExecutor.runWorker(ThreadPoolExecutor.java:1149) [na:1.8.0_171]
	at java.util.concurrent.ThreadPoolExecutor$Worker.run(ThreadPoolExecutor.java:624) [na:1.8.0_171]
	at org.apache.tomcat.util.threads.TaskThread$WrappingRunnable.run(TaskThread.java:61) [tomcat-embed-core-8.5.31.jar:8.5.31]
	at java.lang.Thread.run(Thread.java:748) [na:1.8.0_171]

2018-07-13 15:47:36.308  INFO 5716 --- [main] c.y.b.rs.RegionalstabilityApplication    : Starting RegionalstabilityApplication on DESKTOP-9BCQK4L with PID 5716 (E:\java_evn\java_IDE\ideaSpace\regionalstability\target\classes started by wzx in E:\java_evn\java_IDE\ideaSpace\regionalstability)
2018-07-13 15:47:36.311  INFO 5716 --- [main] c.y.b.rs.RegionalstabilityApplication    : The following profiles are active: test
2018-07-13 15:47:36.351  INFO 5716 --- [main] ConfigServletWebServerApplicationContext : Refreshing org.springframework.boot.web.servlet.context.AnnotationConfigServletWebServerApplicationContext@3c7f66c4: startup date [Fri Jul 13 15:47:36 CST 2018]; root of context hierarchy
2018-07-13 15:47:37.135  INFO 5716 --- [main] .s.d.r.c.RepositoryConfigurationDelegate : Multiple Spring Data modules found, entering strict repository configuration mode!
2018-07-13 15:47:37.639  INFO 5716 --- [main] trationDelegate$BeanPostProcessorChecker : Bean 'org.springframework.transaction.annotation.ProxyTransactionManagementConfiguration' of type [org.springframework.transaction.annotation.ProxyTransactionManagementConfiguration$$EnhancerBySpringCGLIB$$b0aa8dfb] is not eligible for getting processed by all BeanPostProcessors (for example: not eligible for auto-proxying)
2018-07-13 15:47:45.799  INFO 18592 --- [main] c.y.b.rs.RegionalstabilityApplication    : Starting RegionalstabilityApplication on DESKTOP-9BCQK4L with PID 18592 (E:\java_evn\java_IDE\ideaSpace\regionalstability\target\classes started by wzx in E:\java_evn\java_IDE\ideaSpace\regionalstability)
2018-07-13 15:47:45.801  INFO 18592 --- [main] c.y.b.rs.RegionalstabilityApplication    : The following profiles are active: test
2018-07-13 15:47:45.857  INFO 18592 --- [main] ConfigServletWebServerApplicationContext : Refreshing org.springframework.boot.web.servlet.context.AnnotationConfigServletWebServerApplicationContext@7d898981: startup date [Fri Jul 13 15:47:45 CST 2018]; root of context hierarchy
2018-07-13 15:47:46.480  INFO 18592 --- [main] .s.d.r.c.RepositoryConfigurationDelegate : Multiple Spring Data modules found, entering strict repository configuration mode!
2018-07-13 15:47:46.825  INFO 18592 --- [main] trationDelegate$BeanPostProcessorChecker : Bean 'org.springframework.transaction.annotation.ProxyTransactionManagementConfiguration' of type [org.springframework.transaction.annotation.ProxyTransactionManagementConfiguration$$EnhancerBySpringCGLIB$$bd1d63c3] is not eligible for getting processed by all BeanPostProcessors (for example: not eligible for auto-proxying)
2018-07-13 15:47:47.087  INFO 18592 --- [main] o.s.b.w.embedded.tomcat.TomcatWebServer  : Tomcat initialized with port(s): 8080 (http)
2018-07-13 15:47:47.107  INFO 18592 --- [main] o.apache.catalina.core.StandardService   : Starting service [Tomcat]
2018-07-13 15:47:47.108  INFO 18592 --- [main] org.apache.catalina.core.StandardEngine  : Starting Servlet Engine: Apache Tomcat/8.5.31
2018-07-13 15:47:47.112  INFO 18592 --- [localhost-startStop-1] o.a.catalina.core.AprLifecycleListener   : The APR based Apache Tomcat Native library which allows optimal performance in production environments was not found on the java.library.path: [E:\java_evn\java_JDK\bin;C:\WINDOWS\Sun\Java\bin;C:\WINDOWS\system32;C:\WINDOWS;C:\Program Files (x86)\Intel\Intel(R) Management Engine Components\iCLS\;C:\Program Files\Intel\Intel(R) Management Engine Components\iCLS\;C:\Program Files (x86)\Common Files\Oracle\Java\javapath;C:\WINDOWS\system32;C:\WINDOWS;C:\WINDOWS\System32\Wbem;C:\WINDOWS\System32\WindowsPowerShell\v1.0\;E:\java_evn\java_JDK\bin;E:\java_evn\java_JDK\jre\bin;E:\java_evn\Git\Git\cmd;E:\java_evn\Maven\apache-maven-3.5.0\bin\;C:\Program Files (x86)\Intel\Intel(R) Management Engine Components\DAL;C:\Program Files\Intel\Intel(R) Management Engine Components\DAL;C:\Program Files (x86)\Intel\Intel(R) Management Engine Components\IPT;C:\Program Files\Intel\Intel(R) Management Engine Components\IPT;C:\Program Files (x86)\MySQL\MySQL Utilities 1.6\;C:\WINDOWS\System32\OpenSSH\;C:\Users\wzx\AppData\Local\Microsoft\WindowsApps;;.]
2018-07-13 15:47:47.193  INFO 18592 --- [localhost-startStop-1] o.a.c.c.C.[Tomcat].[localhost].[/test]   : Initializing Spring embedded WebApplicationContext
2018-07-13 15:47:47.193  INFO 18592 --- [localhost-startStop-1] o.s.web.context.ContextLoader            : Root WebApplicationContext: initialization completed in 1336 ms
2018-07-13 15:47:47.312  INFO 18592 --- [localhost-startStop-1] o.s.b.w.servlet.ServletRegistrationBean  : Servlet dispatcherServlet mapped to [/]
2018-07-13 15:47:47.317  INFO 18592 --- [localhost-startStop-1] o.s.b.w.servlet.FilterRegistrationBean   : Mapping filter: 'characterEncodingFilter' to: [/*]
2018-07-13 15:47:47.317  INFO 18592 --- [localhost-startStop-1] o.s.b.w.servlet.FilterRegistrationBean   : Mapping filter: 'hiddenHttpMethodFilter' to: [/*]
2018-07-13 15:47:47.317  INFO 18592 --- [localhost-startStop-1] o.s.b.w.servlet.FilterRegistrationBean   : Mapping filter: 'httpPutFormContentFilter' to: [/*]
2018-07-13 15:47:47.317  INFO 18592 --- [localhost-startStop-1] o.s.b.w.servlet.FilterRegistrationBean   : Mapping filter: 'requestContextFilter' to: [/*]
2018-07-13 15:47:48.128  INFO 18592 --- [main] o.s.w.s.handler.SimpleUrlHandlerMapping  : Mapped URL path [/**/favicon.ico] onto handler of type [class org.springframework.web.servlet.resource.ResourceHttpRequestHandler]
2018-07-13 15:47:48.350  INFO 18592 --- [main] s.w.s.m.m.a.RequestMappingHandlerAdapter : Looking for @ControllerAdvice: org.springframework.boot.web.servlet.context.AnnotationConfigServletWebServerApplicationContext@7d898981: startup date [Fri Jul 13 15:47:45 CST 2018]; root of context hierarchy
2018-07-13 15:47:48.414  INFO 18592 --- [main] s.w.s.m.m.a.RequestMappingHandlerMapping : Mapped "{[/user/getUser/{id}],methods=[GET]}" onto public cn.yuchen.bigdate.rs.utility.ResponseResult<cn.yuchen.bigdate.rs.usermanagement.pojo.vo.UserVo> cn.yuchen.bigdate.rs.usermanagement.controller.UserController.findUserVoById(java.lang.Integer)
2018-07-13 15:47:48.415  INFO 18592 --- [main] s.w.s.m.m.a.RequestMappingHandlerMapping : Mapped "{[/user/add],methods=[POST]}" onto public cn.yuchen.bigdate.rs.utility.ResponseResult<java.lang.Boolean> cn.yuchen.bigdate.rs.usermanagement.controller.UserController.addUser(cn.yuchen.bigdate.rs.usermanagement.pojo.vo.UserVo)
2018-07-13 15:47:48.418  INFO 18592 --- [main] s.w.s.m.m.a.RequestMappingHandlerMapping : Mapped "{[/error]}" onto public org.springframework.http.ResponseEntity<java.util.Map<java.lang.String, java.lang.Object>> org.springframework.boot.autoconfigure.web.servlet.error.BasicErrorController.error(javax.servlet.http.HttpServletRequest)
2018-07-13 15:47:48.419  INFO 18592 --- [main] s.w.s.m.m.a.RequestMappingHandlerMapping : Mapped "{[/error],produces=[text/html]}" onto public org.springframework.web.servlet.ModelAndView org.springframework.boot.autoconfigure.web.servlet.error.BasicErrorController.errorHtml(javax.servlet.http.HttpServletRequest,javax.servlet.http.HttpServletResponse)
2018-07-13 15:47:48.449  INFO 18592 --- [main] o.s.w.s.handler.SimpleUrlHandlerMapping  : Mapped URL path [/webjars/**] onto handler of type [class org.springframework.web.servlet.resource.ResourceHttpRequestHandler]
2018-07-13 15:47:48.449  INFO 18592 --- [main] o.s.w.s.handler.SimpleUrlHandlerMapping  : Mapped URL path [/**] onto handler of type [class org.springframework.web.servlet.resource.ResourceHttpRequestHandler]
2018-07-13 15:47:48.465  INFO 18592 --- [main] .m.m.a.ExceptionHandlerExceptionResolver : Detected @ExceptionHandler methods in globalExceptionHandler
2018-07-13 15:47:48.822  INFO 18592 --- [main] o.s.j.e.a.AnnotationMBeanExporter        : Registering beans for JMX exposure on startup
2018-07-13 15:47:48.823  INFO 18592 --- [main] o.s.j.e.a.AnnotationMBeanExporter        : Bean with name 'dataSource' has been autodetected for JMX exposure
2018-07-13 15:47:48.827  INFO 18592 --- [main] o.s.j.e.a.AnnotationMBeanExporter        : Located MBean 'dataSource': registering with JMX server as MBean [com.zaxxer.hikari:name=dataSource,type=HikariDataSource]
2018-07-13 15:47:48.859  INFO 18592 --- [main] o.s.b.w.embedded.tomcat.TomcatWebServer  : Tomcat started on port(s): 8080 (http) with context path '/test'
2018-07-13 15:47:48.863  INFO 18592 --- [main] c.y.b.rs.RegionalstabilityApplication    : Started RegionalstabilityApplication in 3.563 seconds (JVM running for 4.395)
2018-07-13 15:48:05.397  INFO 18592 --- [http-nio-8080-exec-1] o.a.c.c.C.[Tomcat].[localhost].[/test]   : Initializing Spring FrameworkServlet 'dispatcherServlet'
2018-07-13 15:48:05.397  INFO 18592 --- [http-nio-8080-exec-1] o.s.web.servlet.DispatcherServlet        : FrameworkServlet 'dispatcherServlet': initialization started
2018-07-13 15:48:05.415  INFO 18592 --- [http-nio-8080-exec-1] o.s.web.servlet.DispatcherServlet        : FrameworkServlet 'dispatcherServlet': initialization completed in 18 ms
2018-07-13 15:48:05.455  INFO 18592 --- [http-nio-8080-exec-1] com.zaxxer.hikari.HikariDataSource       : HikariPool-1 - Starting...
2018-07-13 15:48:05.608  INFO 18592 --- [http-nio-8080-exec-1] com.zaxxer.hikari.HikariDataSource       : HikariPool-1 - Start completed.
2018-07-13 15:48:24.839  INFO 18592 --- [http-nio-8080-exec-1] c.y.b.r.u.controller.UserController      : stringRedisTemplate类操作redis缓存存储：key:rsName,value:rsValue
2018-07-13 15:48:26.905  INFO 14100 --- [main] c.y.b.rs.RegionalstabilityApplication    : Starting RegionalstabilityApplication on DESKTOP-9BCQK4L with PID 14100 (E:\java_evn\java_IDE\ideaSpace\regionalstability\target\classes started by wzx in E:\java_evn\java_IDE\ideaSpace\regionalstability)
2018-07-13 15:48:26.908  INFO 14100 --- [main] c.y.b.rs.RegionalstabilityApplication    : The following profiles are active: test
2018-07-13 15:48:26.979  INFO 14100 --- [main] ConfigServletWebServerApplicationContext : Refreshing org.springframework.boot.web.servlet.context.AnnotationConfigServletWebServerApplicationContext@22a637e7: startup date [Fri Jul 13 15:48:26 CST 2018]; root of context hierarchy
2018-07-13 15:49:27.285  INFO 2604 --- [main] c.y.b.rs.RegionalstabilityApplication    : Starting RegionalstabilityApplication on DESKTOP-9BCQK4L with PID 2604 (E:\java_evn\java_IDE\ideaSpace\regionalstability\target\classes started by wzx in E:\java_evn\java_IDE\ideaSpace\regionalstability)
2018-07-13 15:49:27.287  INFO 2604 --- [main] c.y.b.rs.RegionalstabilityApplication    : The following profiles are active: test
2018-07-13 15:49:27.328  INFO 2604 --- [main] ConfigServletWebServerApplicationContext : Refreshing org.springframework.boot.web.servlet.context.AnnotationConfigServletWebServerApplicationContext@6c0d7c83: startup date [Fri Jul 13 15:49:27 CST 2018]; root of context hierarchy
2018-07-13 15:49:28.041  INFO 2604 --- [main] .s.d.r.c.RepositoryConfigurationDelegate : Multiple Spring Data modules found, entering strict repository configuration mode!
2018-07-13 15:49:28.371  INFO 2604 --- [main] trationDelegate$BeanPostProcessorChecker : Bean 'org.springframework.transaction.annotation.ProxyTransactionManagementConfiguration' of type [org.springframework.transaction.annotation.ProxyTransactionManagementConfiguration$$EnhancerBySpringCGLIB$$bffb7e7e] is not eligible for getting processed by all BeanPostProcessors (for example: not eligible for auto-proxying)
2018-07-13 15:49:28.665  INFO 2604 --- [main] o.s.b.w.embedded.tomcat.TomcatWebServer  : Tomcat initialized with port(s): 8080 (http)
2018-07-13 15:49:28.687  INFO 2604 --- [main] o.apache.catalina.core.StandardService   : Starting service [Tomcat]
2018-07-13 15:49:28.688  INFO 2604 --- [main] org.apache.catalina.core.StandardEngine  : Starting Servlet Engine: Apache Tomcat/8.5.31
2018-07-13 15:49:28.694  INFO 2604 --- [localhost-startStop-1] o.a.catalina.core.AprLifecycleListener   : The APR based Apache Tomcat Native library which allows optimal performance in production environments was not found on the java.library.path: [E:\java_evn\java_JDK\bin;C:\WINDOWS\Sun\Java\bin;C:\WINDOWS\system32;C:\WINDOWS;C:\Program Files (x86)\Intel\Intel(R) Management Engine Components\iCLS\;C:\Program Files\Intel\Intel(R) Management Engine Components\iCLS\;C:\Program Files (x86)\Common Files\Oracle\Java\javapath;C:\WINDOWS\system32;C:\WINDOWS;C:\WINDOWS\System32\Wbem;C:\WINDOWS\System32\WindowsPowerShell\v1.0\;E:\java_evn\java_JDK\bin;E:\java_evn\java_JDK\jre\bin;E:\java_evn\Git\Git\cmd;E:\java_evn\Maven\apache-maven-3.5.0\bin\;C:\Program Files (x86)\Intel\Intel(R) Management Engine Components\DAL;C:\Program Files\Intel\Intel(R) Management Engine Components\DAL;C:\Program Files (x86)\Intel\Intel(R) Management Engine Components\IPT;C:\Program Files\Intel\Intel(R) Management Engine Components\IPT;C:\Program Files (x86)\MySQL\MySQL Utilities 1.6\;C:\WINDOWS\System32\OpenSSH\;C:\Users\wzx\AppData\Local\Microsoft\WindowsApps;;.]
2018-07-13 15:49:28.778  INFO 2604 --- [localhost-startStop-1] o.a.c.c.C.[Tomcat].[localhost].[/test]   : Initializing Spring embedded WebApplicationContext
2018-07-13 15:49:28.778  INFO 2604 --- [localhost-startStop-1] o.s.web.context.ContextLoader            : Root WebApplicationContext: initialization completed in 1450 ms
2018-07-13 15:49:28.907  INFO 2604 --- [localhost-startStop-1] o.s.b.w.servlet.ServletRegistrationBean  : Servlet dispatcherServlet mapped to [/]
2018-07-13 15:49:28.913  INFO 2604 --- [localhost-startStop-1] o.s.b.w.servlet.FilterRegistrationBean   : Mapping filter: 'characterEncodingFilter' to: [/*]
2018-07-13 15:49:28.914  INFO 2604 --- [localhost-startStop-1] o.s.b.w.servlet.FilterRegistrationBean   : Mapping filter: 'hiddenHttpMethodFilter' to: [/*]
2018-07-13 15:49:28.914  INFO 2604 --- [localhost-startStop-1] o.s.b.w.servlet.FilterRegistrationBean   : Mapping filter: 'httpPutFormContentFilter' to: [/*]
2018-07-13 15:49:28.914  INFO 2604 --- [localhost-startStop-1] o.s.b.w.servlet.FilterRegistrationBean   : Mapping filter: 'requestContextFilter' to: [/*]
2018-07-13 15:49:29.746  INFO 2604 --- [main] o.s.w.s.handler.SimpleUrlHandlerMapping  : Mapped URL path [/**/favicon.ico] onto handler of type [class org.springframework.web.servlet.resource.ResourceHttpRequestHandler]
2018-07-13 15:49:29.968  INFO 2604 --- [main] s.w.s.m.m.a.RequestMappingHandlerAdapter : Looking for @ControllerAdvice: org.springframework.boot.web.servlet.context.AnnotationConfigServletWebServerApplicationContext@6c0d7c83: startup date [Fri Jul 13 15:49:27 CST 2018]; root of context hierarchy
2018-07-13 15:49:30.026  INFO 2604 --- [main] s.w.s.m.m.a.RequestMappingHandlerMapping : Mapped "{[/user/add],methods=[POST]}" onto public cn.yuchen.bigdate.rs.utility.ResponseResult<java.lang.Boolean> cn.yuchen.bigdate.rs.usermanagement.controller.UserController.addUser(cn.yuchen.bigdate.rs.usermanagement.pojo.vo.UserVo)
2018-07-13 15:49:30.027  INFO 2604 --- [main] s.w.s.m.m.a.RequestMappingHandlerMapping : Mapped "{[/user/getUser/{id}],methods=[GET]}" onto public cn.yuchen.bigdate.rs.utility.ResponseResult<cn.yuchen.bigdate.rs.usermanagement.pojo.vo.UserVo> cn.yuchen.bigdate.rs.usermanagement.controller.UserController.findUserVoById(java.lang.Integer)
2018-07-13 15:49:30.028  INFO 2604 --- [main] s.w.s.m.m.a.RequestMappingHandlerMapping : Mapped "{[/error]}" onto public org.springframework.http.ResponseEntity<java.util.Map<java.lang.String, java.lang.Object>> org.springframework.boot.autoconfigure.web.servlet.error.BasicErrorController.error(javax.servlet.http.HttpServletRequest)
2018-07-13 15:49:30.029  INFO 2604 --- [main] s.w.s.m.m.a.RequestMappingHandlerMapping : Mapped "{[/error],produces=[text/html]}" onto public org.springframework.web.servlet.ModelAndView org.springframework.boot.autoconfigure.web.servlet.error.BasicErrorController.errorHtml(javax.servlet.http.HttpServletRequest,javax.servlet.http.HttpServletResponse)
2018-07-13 15:49:30.057  INFO 2604 --- [main] o.s.w.s.handler.SimpleUrlHandlerMapping  : Mapped URL path [/webjars/**] onto handler of type [class org.springframework.web.servlet.resource.ResourceHttpRequestHandler]
2018-07-13 15:49:30.058  INFO 2604 --- [main] o.s.w.s.handler.SimpleUrlHandlerMapping  : Mapped URL path [/**] onto handler of type [class org.springframework.web.servlet.resource.ResourceHttpRequestHandler]
2018-07-13 15:49:30.074  INFO 2604 --- [main] .m.m.a.ExceptionHandlerExceptionResolver : Detected @ExceptionHandler methods in globalExceptionHandler
2018-07-13 15:49:30.422  INFO 2604 --- [main] o.s.j.e.a.AnnotationMBeanExporter        : Registering beans for JMX exposure on startup
2018-07-13 15:49:30.423  INFO 2604 --- [main] o.s.j.e.a.AnnotationMBeanExporter        : Bean with name 'dataSource' has been autodetected for JMX exposure
2018-07-13 15:49:30.428  INFO 2604 --- [main] o.s.j.e.a.AnnotationMBeanExporter        : Located MBean 'dataSource': registering with JMX server as MBean [com.zaxxer.hikari:name=dataSource,type=HikariDataSource]
2018-07-13 15:49:30.459  INFO 2604 --- [main] o.s.b.w.embedded.tomcat.TomcatWebServer  : Tomcat started on port(s): 8080 (http) with context path '/test'
2018-07-13 15:49:30.463  INFO 2604 --- [main] c.y.b.rs.RegionalstabilityApplication    : Started RegionalstabilityApplication in 3.587 seconds (JVM running for 4.425)
2018-07-13 15:50:06.230  INFO 2604 --- [http-nio-8080-exec-2] o.a.c.c.C.[Tomcat].[localhost].[/test]   : Initializing Spring FrameworkServlet 'dispatcherServlet'
2018-07-13 15:50:06.230  INFO 2604 --- [http-nio-8080-exec-2] o.s.web.servlet.DispatcherServlet        : FrameworkServlet 'dispatcherServlet': initialization started
2018-07-13 15:50:06.248  INFO 2604 --- [http-nio-8080-exec-2] o.s.web.servlet.DispatcherServlet        : FrameworkServlet 'dispatcherServlet': initialization completed in 18 ms
2018-07-13 15:50:06.288  INFO 2604 --- [http-nio-8080-exec-2] com.zaxxer.hikari.HikariDataSource       : HikariPool-1 - Starting...
2018-07-13 15:50:06.442  INFO 2604 --- [http-nio-8080-exec-2] com.zaxxer.hikari.HikariDataSource       : HikariPool-1 - Start completed.
2018-07-13 15:51:28.208  WARN 2604 --- [HikariPool-1 housekeeper] com.zaxxer.hikari.pool.HikariPool        : HikariPool-1 - Thread starvation or clock leap detected (housekeeper delta=1m21s656ms936µs847ns).
2018-07-13 15:51:34.729  INFO 2604 --- [http-nio-8080-exec-2] c.y.b.r.u.controller.UserController      : stringRedisTemplate类操作redis缓存存储：key:rsName,value:rsValue
2018-07-13 15:51:34.844  INFO 2604 --- [http-nio-8080-exec-2] io.lettuce.core.EpollProvider            : Starting without optional epoll library
2018-07-13 15:51:34.847  INFO 2604 --- [http-nio-8080-exec-2] io.lettuce.core.KqueueProvider           : Starting without optional kqueue library
2018-07-13 15:51:35.171  INFO 2604 --- [http-nio-8080-exec-2] c.y.b.r.u.controller.UserController      : 存储成功
2018-07-13 15:51:35.173  INFO 2604 --- [http-nio-8080-exec-2] c.y.b.r.u.controller.UserController      : stringRedisTemplate类操作redis缓存获取：redisStr:key:rsName,value:rsValue
2018-07-13 15:51:35.251  INFO 2604 --- [http-nio-8080-exec-2] c.y.b.r.u.controller.UserController      : redisCacheTemplate类操作redis存储对象:userVo:UserVo{id=1, userName='测试', password='sfasgfaf', age=24, desc='null'}
