2018-08-15 16:02:24.439 [main] DEBUG cn.yuchen.bigdate.rs.RegionalstabilityApplication - Running with Spring Boot v2.0.3.RELEASE, Spring v5.0.7.RELEASE
2018-08-15 16:02:42.214 [http-nio-8080-exec-2] DEBUG c.y.b.r.s.s.dao.SysUserDao.selectByUsername - ==>  Preparing: select id, username, nickname, truename, password, deleted, operator, insert_time, update_time from sys_user where deleted = 0 AND `username` = ? limit 0,1 
2018-08-15 16:02:42.231 [http-nio-8080-exec-2] DEBUG c.y.b.r.s.s.dao.SysUserDao.selectByUsername - ==> Parameters: wzx(String)
2018-08-15 16:02:42.242 [http-nio-8080-exec-2] DEBUG c.y.b.r.s.s.dao.SysUserDao.selectByUsername - <==      Total: 1
2018-08-15 16:02:49.717 [http-nio-8080-exec-1] DEBUG c.y.b.r.s.s.dao.SysUserDao.selectByUsername - ==>  Preparing: select id, username, nickname, truename, password, deleted, operator, insert_time, update_time from sys_user where deleted = 0 AND `username` = ? limit 0,1 
2018-08-15 16:02:49.718 [http-nio-8080-exec-1] DEBUG c.y.b.r.s.s.dao.SysUserDao.selectByUsername - ==> Parameters: wzx(String)
2018-08-15 16:02:49.721 [http-nio-8080-exec-1] DEBUG c.y.b.r.s.s.dao.SysUserDao.selectByUsername - <==      Total: 1
2018-08-15 16:02:57.846 [http-nio-8080-exec-3] DEBUG c.y.b.r.s.s.dao.SysUserDao.selectByUsername - ==>  Preparing: select id, username, nickname, truename, password, deleted, operator, insert_time, update_time from sys_user where deleted = 0 AND `username` = ? limit 0,1 
2018-08-15 16:02:57.846 [http-nio-8080-exec-3] DEBUG c.y.b.r.s.s.dao.SysUserDao.selectByUsername - ==> Parameters: wzx(String)
2018-08-15 16:02:57.848 [http-nio-8080-exec-3] DEBUG c.y.b.r.s.s.dao.SysUserDao.selectByUsername - <==      Total: 1
2018-08-15 16:03:45.021 [http-nio-8080-exec-4] DEBUG c.y.b.r.s.s.dao.SysUserDao.selectByUsername - ==>  Preparing: select id, username, nickname, truename, password, deleted, operator, insert_time, update_time from sys_user where deleted = 0 AND `username` = ? limit 0,1 
2018-08-15 16:03:45.021 [http-nio-8080-exec-4] DEBUG c.y.b.r.s.s.dao.SysUserDao.selectByUsername - ==> Parameters: wzx(String)
2018-08-15 16:03:45.023 [http-nio-8080-exec-4] DEBUG c.y.b.r.s.s.dao.SysUserDao.selectByUsername - <==      Total: 0
2018-08-15 16:04:27.363 [http-nio-8080-exec-5] DEBUG c.y.b.r.s.s.dao.SysUserDao.selectByUsername - ==>  Preparing: select id, username, nickname, truename, password, deleted, operator, insert_time, update_time from sys_user where deleted = 0 AND `username` = ? limit 0,1 
2018-08-15 16:04:27.363 [http-nio-8080-exec-5] DEBUG c.y.b.r.s.s.dao.SysUserDao.selectByUsername - ==> Parameters: wzx(String)
2018-08-15 16:04:27.366 [http-nio-8080-exec-5] DEBUG c.y.b.r.s.s.dao.SysUserDao.selectByUsername - <==      Total: 0
2018-08-15 16:05:14.098 [main] DEBUG cn.yuchen.bigdate.rs.RegionalstabilityApplication - Running with Spring Boot v2.0.3.RELEASE, Spring v5.0.7.RELEASE
2018-08-15 16:05:34.363 [http-nio-8080-exec-2] DEBUG c.y.b.r.s.s.dao.SysUserDao.selectByUsername - ==>  Preparing: select id, username, nickname, truename, password, deleted, operator, insert_time, update_time from sys_user where deleted = 0 AND `username` = ? limit 0,1 
2018-08-15 16:05:34.601 [http-nio-8080-exec-2] DEBUG c.y.b.r.s.s.dao.SysUserDao.selectByUsername - ==> Parameters: wzx(String)
2018-08-15 16:05:34.756 [http-nio-8080-exec-2] DEBUG c.y.b.r.s.s.dao.SysUserDao.selectByUsername - <==      Total: 0
2018-08-15 16:06:46.409 [main] DEBUG cn.yuchen.bigdate.rs.RegionalstabilityApplication - Running with Spring Boot v2.0.3.RELEASE, Spring v5.0.7.RELEASE
2018-08-15 16:07:16.179 [http-nio-8080-exec-2] DEBUG c.y.b.r.s.s.dao.SysUserDao.selectByUsername - ==>  Preparing: select id, username, nickname, truename, password, deleted, operator, insert_time, update_time from sys_user where deleted = 0 AND `username` = ? limit 0,1 
2018-08-15 16:07:16.410 [http-nio-8080-exec-2] DEBUG c.y.b.r.s.s.dao.SysUserDao.selectByUsername - ==> Parameters: ylh(String)
2018-08-15 16:07:16.561 [http-nio-8080-exec-2] DEBUG c.y.b.r.s.s.dao.SysUserDao.selectByUsername - <==      Total: 0
2018-08-15 16:08:18.715 [http-nio-8080-exec-1] DEBUG c.y.b.r.s.s.dao.SysUserDao.selectByUsername - ==>  Preparing: select id, username, nickname, truename, password, deleted, operator, insert_time, update_time from sys_user where deleted = 0 AND `username` = ? limit 0,1 
2018-08-15 16:08:18.716 [http-nio-8080-exec-1] DEBUG c.y.b.r.s.s.dao.SysUserDao.selectByUsername - ==> Parameters: ylh(String)
2018-08-15 16:08:18.719 [http-nio-8080-exec-1] DEBUG c.y.b.r.s.s.dao.SysUserDao.selectByUsername - <==      Total: 1
2018-08-15 16:08:19.971 [http-nio-8080-exec-1] DEBUG c.y.b.r.s.s.dao.SysUserDao.selectByUsername - ==>  Preparing: select id, username, nickname, truename, password, deleted, operator, insert_time, update_time from sys_user where deleted = 0 AND `username` = ? limit 0,1 
2018-08-15 16:08:19.972 [http-nio-8080-exec-1] DEBUG c.y.b.r.s.s.dao.SysUserDao.selectByUsername - ==> Parameters: ylh(String)
2018-08-15 16:08:19.974 [http-nio-8080-exec-1] DEBUG c.y.b.r.s.s.dao.SysUserDao.selectByUsername - <==      Total: 1
2018-08-15 16:08:19.977 [http-nio-8080-exec-1] DEBUG c.y.b.r.s.s.dao.SysUserRoleDao.selectByUserId - ==>  Preparing: select id, user_id, role_id, deleted, operator, insert_time, update_time from sys_user_role where deleted = 0 and user_id = ? 
2018-08-15 16:08:19.977 [http-nio-8080-exec-1] DEBUG c.y.b.r.s.s.dao.SysUserRoleDao.selectByUserId - ==> Parameters: 2(Long)
2018-08-15 16:08:19.979 [http-nio-8080-exec-1] DEBUG c.y.b.r.s.s.dao.SysUserRoleDao.selectByUserId - <==      Total: 0
2018-08-15 17:37:40.607 [main] DEBUG cn.yuchen.bigdate.rs.RegionalstabilityApplication - Running with Spring Boot v2.0.3.RELEASE, Spring v5.0.7.RELEASE
2018-08-15 17:37:51.339 [http-nio-8080-exec-2] DEBUG c.y.b.r.s.s.dao.SysUserDao.selectByUsername - ==>  Preparing: select id, username, nickname, truename, password, deleted, operator, insert_time, update_time from sys_user where deleted = 0 AND `username` = ? limit 0,1 
2018-08-15 17:37:51.356 [http-nio-8080-exec-2] DEBUG c.y.b.r.s.s.dao.SysUserDao.selectByUsername - ==> Parameters: wzx(String)
2018-08-15 17:37:51.375 [http-nio-8080-exec-2] DEBUG c.y.b.r.s.s.dao.SysUserDao.selectByUsername - <==      Total: 1
2018-08-15 17:37:51.386 [http-nio-8080-exec-2] DEBUG c.y.b.r.s.s.dao.SysUserDao.selectByUsername - ==>  Preparing: select id, username, nickname, truename, password, deleted, operator, insert_time, update_time from sys_user where deleted = 0 AND `username` = ? limit 0,1 
2018-08-15 17:37:51.387 [http-nio-8080-exec-2] DEBUG c.y.b.r.s.s.dao.SysUserDao.selectByUsername - ==> Parameters: wzx(String)
2018-08-15 17:37:51.388 [http-nio-8080-exec-2] DEBUG c.y.b.r.s.s.dao.SysUserDao.selectByUsername - <==      Total: 1
2018-08-15 17:37:51.390 [http-nio-8080-exec-2] DEBUG c.y.b.r.s.s.dao.SysUserRoleDao.selectByUserId - ==>  Preparing: select id, user_id, role_id, deleted, operator, insert_time, update_time from sys_user_role where deleted = 0 and user_id = ? 
2018-08-15 17:37:51.390 [http-nio-8080-exec-2] DEBUG c.y.b.r.s.s.dao.SysUserRoleDao.selectByUserId - ==> Parameters: 1(Long)
2018-08-15 17:37:51.393 [http-nio-8080-exec-2] DEBUG c.y.b.r.s.s.dao.SysUserRoleDao.selectByUserId - <==      Total: 1
2018-08-15 17:37:51.395 [http-nio-8080-exec-2] DEBUG c.y.b.r.s.s.dao.SysRoleDao.selectByPrimaryKey - ==>  Preparing: select id, role_name, role_script, role_code, deleted, operator, insert_time, update_time from sys_role where id = ? 
2018-08-15 17:37:51.396 [http-nio-8080-exec-2] DEBUG c.y.b.r.s.s.dao.SysRoleDao.selectByPrimaryKey - ==> Parameters: 1(Long)
2018-08-15 17:37:51.398 [http-nio-8080-exec-2] DEBUG c.y.b.r.s.s.dao.SysRoleDao.selectByPrimaryKey - <==      Total: 1
2018-08-15 17:37:51.400 [http-nio-8080-exec-2] DEBUG c.y.b.r.s.s.dao.SysRolePowerDao.selectByRoleId - ==>  Preparing: select id, role_id, power_id, deleted, operator, insert_time, update_time from sys_role_power where deleted = 0 and role_id = ? 
2018-08-15 17:37:51.400 [http-nio-8080-exec-2] DEBUG c.y.b.r.s.s.dao.SysRolePowerDao.selectByRoleId - ==> Parameters: 1(Long)
2018-08-15 17:37:51.410 [http-nio-8080-exec-2] DEBUG c.y.b.r.s.s.dao.SysRolePowerDao.selectByRoleId - <==      Total: 22
2018-08-15 17:37:51.411 [http-nio-8080-exec-2] DEBUG c.y.b.r.s.s.dao.SysPowerDao.selectByPrimaryKey - ==>  Preparing: select id, power_name, power_script, power_code, parent_id, power_status, deleted, operator, insert_time, update_time from sys_power where id = ? 
2018-08-15 17:37:51.412 [http-nio-8080-exec-2] DEBUG c.y.b.r.s.s.dao.SysPowerDao.selectByPrimaryKey - ==> Parameters: 2(Long)
2018-08-15 17:37:51.413 [http-nio-8080-exec-2] DEBUG c.y.b.r.s.s.dao.SysPowerDao.selectByPrimaryKey - <==      Total: 1
2018-08-15 17:37:51.414 [http-nio-8080-exec-2] DEBUG c.y.b.r.s.s.dao.SysPowerDao.selectByPrimaryKey - ==>  Preparing: select id, power_name, power_script, power_code, parent_id, power_status, deleted, operator, insert_time, update_time from sys_power where id = ? 
2018-08-15 17:37:51.414 [http-nio-8080-exec-2] DEBUG c.y.b.r.s.s.dao.SysPowerDao.selectByPrimaryKey - ==> Parameters: 3(Long)
2018-08-15 17:37:51.415 [http-nio-8080-exec-2] DEBUG c.y.b.r.s.s.dao.SysPowerDao.selectByPrimaryKey - <==      Total: 1
2018-08-15 17:37:51.415 [http-nio-8080-exec-2] DEBUG c.y.b.r.s.s.dao.SysPowerDao.selectByPrimaryKey - ==>  Preparing: select id, power_name, power_script, power_code, parent_id, power_status, deleted, operator, insert_time, update_time from sys_power where id = ? 
2018-08-15 17:37:51.416 [http-nio-8080-exec-2] DEBUG c.y.b.r.s.s.dao.SysPowerDao.selectByPrimaryKey - ==> Parameters: 4(Long)
2018-08-15 17:37:51.417 [http-nio-8080-exec-2] DEBUG c.y.b.r.s.s.dao.SysPowerDao.selectByPrimaryKey - <==      Total: 1
2018-08-15 17:37:51.417 [http-nio-8080-exec-2] DEBUG c.y.b.r.s.s.dao.SysPowerDao.selectByPrimaryKey - ==>  Preparing: select id, power_name, power_script, power_code, parent_id, power_status, deleted, operator, insert_time, update_time from sys_power where id = ? 
2018-08-15 17:37:51.418 [http-nio-8080-exec-2] DEBUG c.y.b.r.s.s.dao.SysPowerDao.selectByPrimaryKey - ==> Parameters: 5(Long)
2018-08-15 17:37:51.419 [http-nio-8080-exec-2] DEBUG c.y.b.r.s.s.dao.SysPowerDao.selectByPrimaryKey - <==      Total: 1
2018-08-15 17:37:51.419 [http-nio-8080-exec-2] DEBUG c.y.b.r.s.s.dao.SysPowerDao.selectByPrimaryKey - ==>  Preparing: select id, power_name, power_script, power_code, parent_id, power_status, deleted, operator, insert_time, update_time from sys_power where id = ? 
2018-08-15 17:37:51.419 [http-nio-8080-exec-2] DEBUG c.y.b.r.s.s.dao.SysPowerDao.selectByPrimaryKey - ==> Parameters: 6(Long)
2018-08-15 17:37:51.421 [http-nio-8080-exec-2] DEBUG c.y.b.r.s.s.dao.SysPowerDao.selectByPrimaryKey - <==      Total: 1
2018-08-15 17:37:51.421 [http-nio-8080-exec-2] DEBUG c.y.b.r.s.s.dao.SysPowerDao.selectByPrimaryKey - ==>  Preparing: select id, power_name, power_script, power_code, parent_id, power_status, deleted, operator, insert_time, update_time from sys_power where id = ? 
2018-08-15 17:37:51.422 [http-nio-8080-exec-2] DEBUG c.y.b.r.s.s.dao.SysPowerDao.selectByPrimaryKey - ==> Parameters: 7(Long)
2018-08-15 17:37:51.423 [http-nio-8080-exec-2] DEBUG c.y.b.r.s.s.dao.SysPowerDao.selectByPrimaryKey - <==      Total: 1
2018-08-15 17:37:51.423 [http-nio-8080-exec-2] DEBUG c.y.b.r.s.s.dao.SysPowerDao.selectByPrimaryKey - ==>  Preparing: select id, power_name, power_script, power_code, parent_id, power_status, deleted, operator, insert_time, update_time from sys_power where id = ? 
2018-08-15 17:37:51.423 [http-nio-8080-exec-2] DEBUG c.y.b.r.s.s.dao.SysPowerDao.selectByPrimaryKey - ==> Parameters: 8(Long)
2018-08-15 17:37:51.424 [http-nio-8080-exec-2] DEBUG c.y.b.r.s.s.dao.SysPowerDao.selectByPrimaryKey - <==      Total: 1
2018-08-15 17:37:51.425 [http-nio-8080-exec-2] DEBUG c.y.b.r.s.s.dao.SysPowerDao.selectByPrimaryKey - ==>  Preparing: select id, power_name, power_script, power_code, parent_id, power_status, deleted, operator, insert_time, update_time from sys_power where id = ? 
2018-08-15 17:37:51.425 [http-nio-8080-exec-2] DEBUG c.y.b.r.s.s.dao.SysPowerDao.selectByPrimaryKey - ==> Parameters: 9(Long)
2018-08-15 17:37:51.426 [http-nio-8080-exec-2] DEBUG c.y.b.r.s.s.dao.SysPowerDao.selectByPrimaryKey - <==      Total: 1
2018-08-15 17:37:51.427 [http-nio-8080-exec-2] DEBUG c.y.b.r.s.s.dao.SysPowerDao.selectByPrimaryKey - ==>  Preparing: select id, power_name, power_script, power_code, parent_id, power_status, deleted, operator, insert_time, update_time from sys_power where id = ? 
2018-08-15 17:37:51.427 [http-nio-8080-exec-2] DEBUG c.y.b.r.s.s.dao.SysPowerDao.selectByPrimaryKey - ==> Parameters: 10(Long)
2018-08-15 17:37:51.428 [http-nio-8080-exec-2] DEBUG c.y.b.r.s.s.dao.SysPowerDao.selectByPrimaryKey - <==      Total: 1
2018-08-15 17:37:51.429 [http-nio-8080-exec-2] DEBUG c.y.b.r.s.s.dao.SysPowerDao.selectByPrimaryKey - ==>  Preparing: select id, power_name, power_script, power_code, parent_id, power_status, deleted, operator, insert_time, update_time from sys_power where id = ? 
2018-08-15 17:37:51.429 [http-nio-8080-exec-2] DEBUG c.y.b.r.s.s.dao.SysPowerDao.selectByPrimaryKey - ==> Parameters: 11(Long)
2018-08-15 17:37:51.430 [http-nio-8080-exec-2] DEBUG c.y.b.r.s.s.dao.SysPowerDao.selectByPrimaryKey - <==      Total: 1
2018-08-15 17:37:51.431 [http-nio-8080-exec-2] DEBUG c.y.b.r.s.s.dao.SysPowerDao.selectByPrimaryKey - ==>  Preparing: select id, power_name, power_script, power_code, parent_id, power_status, deleted, operator, insert_time, update_time from sys_power where id = ? 
2018-08-15 17:37:51.432 [http-nio-8080-exec-2] DEBUG c.y.b.r.s.s.dao.SysPowerDao.selectByPrimaryKey - ==> Parameters: 12(Long)
2018-08-15 17:37:51.434 [http-nio-8080-exec-2] DEBUG c.y.b.r.s.s.dao.SysPowerDao.selectByPrimaryKey - <==      Total: 1
2018-08-15 17:37:51.436 [http-nio-8080-exec-2] DEBUG c.y.b.r.s.s.dao.SysPowerDao.selectByPrimaryKey - ==>  Preparing: select id, power_name, power_script, power_code, parent_id, power_status, deleted, operator, insert_time, update_time from sys_power where id = ? 
2018-08-15 17:37:51.436 [http-nio-8080-exec-2] DEBUG c.y.b.r.s.s.dao.SysPowerDao.selectByPrimaryKey - ==> Parameters: 13(Long)
2018-08-15 17:37:51.437 [http-nio-8080-exec-2] DEBUG c.y.b.r.s.s.dao.SysPowerDao.selectByPrimaryKey - <==      Total: 1
2018-08-15 17:37:51.438 [http-nio-8080-exec-2] DEBUG c.y.b.r.s.s.dao.SysPowerDao.selectByPrimaryKey - ==>  Preparing: select id, power_name, power_script, power_code, parent_id, power_status, deleted, operator, insert_time, update_time from sys_power where id = ? 
2018-08-15 17:37:51.438 [http-nio-8080-exec-2] DEBUG c.y.b.r.s.s.dao.SysPowerDao.selectByPrimaryKey - ==> Parameters: 14(Long)
2018-08-15 17:37:51.439 [http-nio-8080-exec-2] DEBUG c.y.b.r.s.s.dao.SysPowerDao.selectByPrimaryKey - <==      Total: 1
2018-08-15 17:37:51.440 [http-nio-8080-exec-2] DEBUG c.y.b.r.s.s.dao.SysPowerDao.selectByPrimaryKey - ==>  Preparing: select id, power_name, power_script, power_code, parent_id, power_status, deleted, operator, insert_time, update_time from sys_power where id = ? 
2018-08-15 17:37:51.440 [http-nio-8080-exec-2] DEBUG c.y.b.r.s.s.dao.SysPowerDao.selectByPrimaryKey - ==> Parameters: 15(Long)
2018-08-15 17:37:51.441 [http-nio-8080-exec-2] DEBUG c.y.b.r.s.s.dao.SysPowerDao.selectByPrimaryKey - <==      Total: 1
2018-08-15 17:37:51.442 [http-nio-8080-exec-2] DEBUG c.y.b.r.s.s.dao.SysPowerDao.selectByPrimaryKey - ==>  Preparing: select id, power_name, power_script, power_code, parent_id, power_status, deleted, operator, insert_time, update_time from sys_power where id = ? 
2018-08-15 17:37:51.442 [http-nio-8080-exec-2] DEBUG c.y.b.r.s.s.dao.SysPowerDao.selectByPrimaryKey - ==> Parameters: 16(Long)
2018-08-15 17:37:51.443 [http-nio-8080-exec-2] DEBUG c.y.b.r.s.s.dao.SysPowerDao.selectByPrimaryKey - <==      Total: 1
2018-08-15 17:37:51.444 [http-nio-8080-exec-2] DEBUG c.y.b.r.s.s.dao.SysPowerDao.selectByPrimaryKey - ==>  Preparing: select id, power_name, power_script, power_code, parent_id, power_status, deleted, operator, insert_time, update_time from sys_power where id = ? 
2018-08-15 17:37:51.444 [http-nio-8080-exec-2] DEBUG c.y.b.r.s.s.dao.SysPowerDao.selectByPrimaryKey - ==> Parameters: 17(Long)
2018-08-15 17:37:51.447 [http-nio-8080-exec-2] DEBUG c.y.b.r.s.s.dao.SysPowerDao.selectByPrimaryKey - <==      Total: 1
2018-08-15 17:37:51.448 [http-nio-8080-exec-2] DEBUG c.y.b.r.s.s.dao.SysPowerDao.selectByPrimaryKey - ==>  Preparing: select id, power_name, power_script, power_code, parent_id, power_status, deleted, operator, insert_time, update_time from sys_power where id = ? 
2018-08-15 17:37:51.448 [http-nio-8080-exec-2] DEBUG c.y.b.r.s.s.dao.SysPowerDao.selectByPrimaryKey - ==> Parameters: 18(Long)
2018-08-15 17:37:51.449 [http-nio-8080-exec-2] DEBUG c.y.b.r.s.s.dao.SysPowerDao.selectByPrimaryKey - <==      Total: 1
2018-08-15 17:37:51.449 [http-nio-8080-exec-2] DEBUG c.y.b.r.s.s.dao.SysPowerDao.selectByPrimaryKey - ==>  Preparing: select id, power_name, power_script, power_code, parent_id, power_status, deleted, operator, insert_time, update_time from sys_power where id = ? 
2018-08-15 17:37:51.449 [http-nio-8080-exec-2] DEBUG c.y.b.r.s.s.dao.SysPowerDao.selectByPrimaryKey - ==> Parameters: 19(Long)
2018-08-15 17:37:51.450 [http-nio-8080-exec-2] DEBUG c.y.b.r.s.s.dao.SysPowerDao.selectByPrimaryKey - <==      Total: 1
2018-08-15 17:37:51.451 [http-nio-8080-exec-2] DEBUG c.y.b.r.s.s.dao.SysPowerDao.selectByPrimaryKey - ==>  Preparing: select id, power_name, power_script, power_code, parent_id, power_status, deleted, operator, insert_time, update_time from sys_power where id = ? 
2018-08-15 17:37:51.451 [http-nio-8080-exec-2] DEBUG c.y.b.r.s.s.dao.SysPowerDao.selectByPrimaryKey - ==> Parameters: 20(Long)
2018-08-15 17:37:51.452 [http-nio-8080-exec-2] DEBUG c.y.b.r.s.s.dao.SysPowerDao.selectByPrimaryKey - <==      Total: 1
2018-08-15 17:37:51.452 [http-nio-8080-exec-2] DEBUG c.y.b.r.s.s.dao.SysPowerDao.selectByPrimaryKey - ==>  Preparing: select id, power_name, power_script, power_code, parent_id, power_status, deleted, operator, insert_time, update_time from sys_power where id = ? 
2018-08-15 17:37:51.452 [http-nio-8080-exec-2] DEBUG c.y.b.r.s.s.dao.SysPowerDao.selectByPrimaryKey - ==> Parameters: 21(Long)
2018-08-15 17:37:51.453 [http-nio-8080-exec-2] DEBUG c.y.b.r.s.s.dao.SysPowerDao.selectByPrimaryKey - <==      Total: 1
2018-08-15 17:37:51.454 [http-nio-8080-exec-2] DEBUG c.y.b.r.s.s.dao.SysPowerDao.selectByPrimaryKey - ==>  Preparing: select id, power_name, power_script, power_code, parent_id, power_status, deleted, operator, insert_time, update_time from sys_power where id = ? 
2018-08-15 17:37:51.454 [http-nio-8080-exec-2] DEBUG c.y.b.r.s.s.dao.SysPowerDao.selectByPrimaryKey - ==> Parameters: 22(Long)
2018-08-15 17:37:51.455 [http-nio-8080-exec-2] DEBUG c.y.b.r.s.s.dao.SysPowerDao.selectByPrimaryKey - <==      Total: 1
2018-08-15 17:37:51.455 [http-nio-8080-exec-2] DEBUG c.y.b.r.s.s.dao.SysPowerDao.selectByPrimaryKey - ==>  Preparing: select id, power_name, power_script, power_code, parent_id, power_status, deleted, operator, insert_time, update_time from sys_power where id = ? 
2018-08-15 17:37:51.455 [http-nio-8080-exec-2] DEBUG c.y.b.r.s.s.dao.SysPowerDao.selectByPrimaryKey - ==> Parameters: 23(Long)
2018-08-15 17:37:51.456 [http-nio-8080-exec-2] DEBUG c.y.b.r.s.s.dao.SysPowerDao.selectByPrimaryKey - <==      Total: 1
