2018-08-26 12:04:41.269 [main] INFO  cn.yuchen.bigdate.rs.RegionalstabilityApplication - Starting RegionalstabilityApplication on DESKTOP-9BCQK4L with PID 8816 (started by wzx in E:\开发工程\区域稳定性\java\程序源码\regionalstability)
2018-08-26 12:04:41.276 [main] INFO  cn.yuchen.bigdate.rs.RegionalstabilityApplication - The following profiles are active: test
2018-08-26 12:04:41.357 [main] INFO  o.s.b.w.s.c.AnnotationConfigServletWebServerApplicationContext - Refreshing org.springframework.boot.web.servlet.context.AnnotationConfigServletWebServerApplicationContext@26ceffa8: startup date [Sun Aug 26 12:04:41 CST 2018]; root of context hierarchy
2018-08-26 12:04:43.236 [main] INFO  o.s.d.r.config.RepositoryConfigurationDelegate - Multiple Spring Data modules found, entering strict repository configuration mode!
2018-08-26 12:04:43.380 [main] INFO  o.s.d.r.config.RepositoryConfigurationDelegate - Multiple Spring Data modules found, entering strict repository configuration mode!
2018-08-26 12:04:43.400 [main] INFO  o.s.d.r.c.RepositoryConfigurationExtensionSupport - Spring Data Redis - Could not safely identify store assignment for repository candidate interface cn.yuchen.bigdate.rs.usermanagement.repository.TestRepository.
2018-08-26 12:04:43.402 [main] INFO  o.s.d.r.c.RepositoryConfigurationExtensionSupport - Spring Data Redis - Could not safely identify store assignment for repository candidate interface cn.yuchen.bigdate.rs.usermanagement.repository.UserRepository.
2018-08-26 12:04:43.716 [main] INFO  o.s.c.s.PostProcessorRegistrationDelegate$BeanPostProcessorChecker - Bean 'shiroConfiguration' of type [cn.yuchen.bigdate.rs.config.ShiroConfiguration$$EnhancerBySpringCGLIB$$51f09c30] is not eligible for getting processed by all BeanPostProcessors (for example: not eligible for auto-proxying)
2018-08-26 12:04:43.955 [main] INFO  o.s.c.s.PostProcessorRegistrationDelegate$BeanPostProcessorChecker - Bean 'getEhCacheManager' of type [org.apache.shiro.cache.ehcache.EhCacheManager] is not eligible for getting processed by all BeanPostProcessors (for example: not eligible for auto-proxying)
2018-08-26 12:04:43.960 [main] INFO  org.apache.shiro.cache.ehcache.EhCacheManager - Cache with name 'cn.yuchen.bigdate.rs.config.AuthRealm.authorizationCache' does not yet exist.  Creating now.
2018-08-26 12:04:43.984 [main] INFO  org.apache.shiro.cache.ehcache.EhCacheManager - Added EhCache named [cn.yuchen.bigdate.rs.config.AuthRealm.authorizationCache]
2018-08-26 12:04:44.033 [main] INFO  o.s.c.s.PostProcessorRegistrationDelegate$BeanPostProcessorChecker - Bean 'org.springframework.boot.context.properties.ConversionServiceDeducer$Factory' of type [org.springframework.boot.context.properties.ConversionServiceDeducer$Factory] is not eligible for getting processed by all BeanPostProcessors (for example: not eligible for auto-proxying)
2018-08-26 12:04:44.186 [main] INFO  o.s.c.s.PostProcessorRegistrationDelegate$BeanPostProcessorChecker - Bean 'mybatis-org.mybatis.spring.boot.autoconfigure.MybatisProperties' of type [org.mybatis.spring.boot.autoconfigure.MybatisProperties] is not eligible for getting processed by all BeanPostProcessors (for example: not eligible for auto-proxying)
2018-08-26 12:04:44.208 [main] INFO  o.s.c.s.PostProcessorRegistrationDelegate$BeanPostProcessorChecker - Bean 'org.mybatis.spring.boot.autoconfigure.MybatisAutoConfiguration' of type [org.mybatis.spring.boot.autoconfigure.MybatisAutoConfiguration$$EnhancerBySpringCGLIB$$9cee7036] is not eligible for getting processed by all BeanPostProcessors (for example: not eligible for auto-proxying)
2018-08-26 12:04:44.219 [main] INFO  o.s.c.s.PostProcessorRegistrationDelegate$BeanPostProcessorChecker - Bean 'org.springframework.boot.autoconfigure.jdbc.DataSourceConfiguration$Hikari' of type [org.springframework.boot.autoconfigure.jdbc.DataSourceConfiguration$Hikari] is not eligible for getting processed by all BeanPostProcessors (for example: not eligible for auto-proxying)
2018-08-26 12:04:44.256 [main] INFO  o.s.c.s.PostProcessorRegistrationDelegate$BeanPostProcessorChecker - Bean 'spring.datasource-org.springframework.boot.autoconfigure.jdbc.DataSourceProperties' of type [org.springframework.boot.autoconfigure.jdbc.DataSourceProperties] is not eligible for getting processed by all BeanPostProcessors (for example: not eligible for auto-proxying)
2018-08-26 12:04:44.362 [main] INFO  o.s.c.s.PostProcessorRegistrationDelegate$BeanPostProcessorChecker - Bean 'dataSource' of type [com.zaxxer.hikari.HikariDataSource] is not eligible for getting processed by all BeanPostProcessors (for example: not eligible for auto-proxying)
2018-08-26 12:04:45.010 [main] INFO  o.s.c.s.PostProcessorRegistrationDelegate$BeanPostProcessorChecker - Bean 'sqlSessionFactory' of type [org.apache.ibatis.session.defaults.DefaultSqlSessionFactory] is not eligible for getting processed by all BeanPostProcessors (for example: not eligible for auto-proxying)
2018-08-26 12:04:45.021 [main] INFO  o.s.c.s.PostProcessorRegistrationDelegate$BeanPostProcessorChecker - Bean 'sqlSessionTemplate' of type [org.mybatis.spring.SqlSessionTemplate] is not eligible for getting processed by all BeanPostProcessors (for example: not eligible for auto-proxying)
2018-08-26 12:04:45.021 [main] INFO  o.s.c.s.PostProcessorRegistrationDelegate$BeanPostProcessorChecker - Bean 'sysUserDao' of type [org.mybatis.spring.mapper.MapperFactoryBean] is not eligible for getting processed by all BeanPostProcessors (for example: not eligible for auto-proxying)
2018-08-26 12:04:45.023 [main] INFO  o.s.c.s.PostProcessorRegistrationDelegate$BeanPostProcessorChecker - Bean 'sysUserDao' of type [com.sun.proxy.$Proxy65] is not eligible for getting processed by all BeanPostProcessors (for example: not eligible for auto-proxying)
2018-08-26 12:04:45.024 [main] INFO  o.s.c.s.PostProcessorRegistrationDelegate$BeanPostProcessorChecker - Bean 'sysUserServiceImpl' of type [cn.yuchen.bigdate.rs.service.sysmanage.service.impl.SysUserServiceImpl] is not eligible for getting processed by all BeanPostProcessors (for example: not eligible for auto-proxying)
2018-08-26 12:04:45.029 [main] INFO  o.s.c.s.PostProcessorRegistrationDelegate$BeanPostProcessorChecker - Bean 'sysPowerDao' of type [org.mybatis.spring.mapper.MapperFactoryBean] is not eligible for getting processed by all BeanPostProcessors (for example: not eligible for auto-proxying)
2018-08-26 12:04:45.029 [main] INFO  o.s.c.s.PostProcessorRegistrationDelegate$BeanPostProcessorChecker - Bean 'sysPowerDao' of type [com.sun.proxy.$Proxy67] is not eligible for getting processed by all BeanPostProcessors (for example: not eligible for auto-proxying)
2018-08-26 12:04:45.034 [main] INFO  o.s.c.s.PostProcessorRegistrationDelegate$BeanPostProcessorChecker - Bean 'sysRolePowerDao' of type [org.mybatis.spring.mapper.MapperFactoryBean] is not eligible for getting processed by all BeanPostProcessors (for example: not eligible for auto-proxying)
2018-08-26 12:04:45.035 [main] INFO  o.s.c.s.PostProcessorRegistrationDelegate$BeanPostProcessorChecker - Bean 'sysRolePowerDao' of type [com.sun.proxy.$Proxy68] is not eligible for getting processed by all BeanPostProcessors (for example: not eligible for auto-proxying)
2018-08-26 12:04:45.035 [main] INFO  o.s.c.s.PostProcessorRegistrationDelegate$BeanPostProcessorChecker - Bean 'sysRolePowerServiceImpl' of type [cn.yuchen.bigdate.rs.service.sysmanage.service.impl.SysRolePowerServiceImpl] is not eligible for getting processed by all BeanPostProcessors (for example: not eligible for auto-proxying)
2018-08-26 12:04:45.036 [main] INFO  o.s.c.s.PostProcessorRegistrationDelegate$BeanPostProcessorChecker - Bean 'sysPowerServiceImpl' of type [cn.yuchen.bigdate.rs.service.sysmanage.service.impl.SysPowerServiceImpl] is not eligible for getting processed by all BeanPostProcessors (for example: not eligible for auto-proxying)
2018-08-26 12:04:45.041 [main] INFO  o.s.c.s.PostProcessorRegistrationDelegate$BeanPostProcessorChecker - Bean 'sysRoleDao' of type [org.mybatis.spring.mapper.MapperFactoryBean] is not eligible for getting processed by all BeanPostProcessors (for example: not eligible for auto-proxying)
2018-08-26 12:04:45.041 [main] INFO  o.s.c.s.PostProcessorRegistrationDelegate$BeanPostProcessorChecker - Bean 'sysRoleDao' of type [com.sun.proxy.$Proxy69] is not eligible for getting processed by all BeanPostProcessors (for example: not eligible for auto-proxying)
2018-08-26 12:04:45.046 [main] INFO  o.s.c.s.PostProcessorRegistrationDelegate$BeanPostProcessorChecker - Bean 'sysUserRoleDao' of type [org.mybatis.spring.mapper.MapperFactoryBean] is not eligible for getting processed by all BeanPostProcessors (for example: not eligible for auto-proxying)
2018-08-26 12:04:45.046 [main] INFO  o.s.c.s.PostProcessorRegistrationDelegate$BeanPostProcessorChecker - Bean 'sysUserRoleDao' of type [com.sun.proxy.$Proxy70] is not eligible for getting processed by all BeanPostProcessors (for example: not eligible for auto-proxying)
2018-08-26 12:04:45.046 [main] INFO  o.s.c.s.PostProcessorRegistrationDelegate$BeanPostProcessorChecker - Bean 'sysUserRoleServiceImpl' of type [cn.yuchen.bigdate.rs.service.sysmanage.service.impl.SysUserRoleServiceImpl] is not eligible for getting processed by all BeanPostProcessors (for example: not eligible for auto-proxying)
2018-08-26 12:04:45.047 [main] INFO  o.s.c.s.PostProcessorRegistrationDelegate$BeanPostProcessorChecker - Bean 'sysRoleServiceImpl' of type [cn.yuchen.bigdate.rs.service.sysmanage.service.impl.SysRoleServiceImpl] is not eligible for getting processed by all BeanPostProcessors (for example: not eligible for auto-proxying)
2018-08-26 12:04:45.047 [main] INFO  o.s.c.s.PostProcessorRegistrationDelegate$BeanPostProcessorChecker - Bean 'authRealm' of type [cn.yuchen.bigdate.rs.config.AuthRealm] is not eligible for getting processed by all BeanPostProcessors (for example: not eligible for auto-proxying)
2018-08-26 12:04:45.762 [main] INFO  o.s.c.s.PostProcessorRegistrationDelegate$BeanPostProcessorChecker - Bean 'securityManager' of type [org.apache.shiro.web.mgt.DefaultWebSecurityManager] is not eligible for getting processed by all BeanPostProcessors (for example: not eligible for auto-proxying)
2018-08-26 12:04:45.808 [main] INFO  o.s.c.s.PostProcessorRegistrationDelegate$BeanPostProcessorChecker - Bean 'org.springframework.transaction.annotation.ProxyTransactionManagementConfiguration' of type [org.springframework.transaction.annotation.ProxyTransactionManagementConfiguration$$EnhancerBySpringCGLIB$$6a1a1f06] is not eligible for getting processed by all BeanPostProcessors (for example: not eligible for auto-proxying)
2018-08-26 12:04:45.824 [main] INFO  o.s.c.s.PostProcessorRegistrationDelegate$BeanPostProcessorChecker - Bean 'getAuthorizationAttributeSourceAdvisor' of type [org.apache.shiro.spring.security.interceptor.AuthorizationAttributeSourceAdvisor] is not eligible for getting processed by all BeanPostProcessors (for example: not eligible for auto-proxying)
2018-08-26 12:04:46.188 [main] INFO  o.s.boot.web.embedded.tomcat.TomcatWebServer - Tomcat initialized with port(s): 8080 (http)
2018-08-26 12:04:46.210 [main] INFO  org.apache.coyote.http11.Http11NioProtocol - Initializing ProtocolHandler ["http-nio-8080"]
2018-08-26 12:04:46.226 [main] INFO  org.apache.catalina.core.StandardService - Starting service [Tomcat]
2018-08-26 12:04:46.226 [main] INFO  org.apache.catalina.core.StandardEngine - Starting Servlet Engine: Apache Tomcat/8.5.31
2018-08-26 12:04:46.237 [localhost-startStop-1] INFO  org.apache.catalina.core.AprLifecycleListener - The APR based Apache Tomcat Native library which allows optimal performance in production environments was not found on the java.library.path: [E:\java_evn\java_JDK\bin;C:\WINDOWS\Sun\Java\bin;C:\WINDOWS\system32;C:\WINDOWS;C:\Program Files (x86)\Intel\Intel(R) Management Engine Components\iCLS\;C:\Program Files\Intel\Intel(R) Management Engine Components\iCLS\;C:\Program Files (x86)\Common Files\Oracle\Java\javapath;C:\WINDOWS\system32;C:\WINDOWS;C:\WINDOWS\System32\Wbem;C:\WINDOWS\System32\WindowsPowerShell\v1.0\;E:\java_evn\java_JDK\bin;E:\java_evn\java_JDK\jre\bin;E:\java_evn\Git\Git\cmd;E:\java_evn\Maven\apache-maven-3.5.0\bin\;C:\Program Files (x86)\Intel\Intel(R) Management Engine Components\DAL;C:\Program Files\Intel\Intel(R) Management Engine Components\DAL;C:\Program Files (x86)\Intel\Intel(R) Management Engine Components\IPT;C:\Program Files\Intel\Intel(R) Management Engine Components\IPT;C:\Program Files (x86)\MySQL\MySQL Utilities 1.6\;C:\WINDOWS\System32\OpenSSH\;E:\java_evn\svn\bin;C:\Users\wzx\AppData\Local\Microsoft\WindowsApps;;.]
2018-08-26 12:04:46.377 [localhost-startStop-1] INFO  o.a.c.c.ContainerBase.[Tomcat].[localhost].[/test] - Initializing Spring embedded WebApplicationContext
2018-08-26 12:04:46.377 [localhost-startStop-1] INFO  org.springframework.web.context.ContextLoader - Root WebApplicationContext: initialization completed in 5020 ms
2018-08-26 12:04:46.601 [localhost-startStop-1] INFO  o.s.boot.web.servlet.ServletRegistrationBean - Servlet dispatcherServlet mapped to [/]
2018-08-26 12:04:46.613 [localhost-startStop-1] INFO  o.s.boot.web.servlet.FilterRegistrationBean - Mapping filter: 'characterEncodingFilter' to: [/*]
2018-08-26 12:04:46.613 [localhost-startStop-1] INFO  o.s.boot.web.servlet.FilterRegistrationBean - Mapping filter: 'hiddenHttpMethodFilter' to: [/*]
2018-08-26 12:04:46.613 [localhost-startStop-1] INFO  o.s.boot.web.servlet.FilterRegistrationBean - Mapping filter: 'httpPutFormContentFilter' to: [/*]
2018-08-26 12:04:46.614 [localhost-startStop-1] INFO  o.s.boot.web.servlet.FilterRegistrationBean - Mapping filter: 'requestContextFilter' to: [/*]
2018-08-26 12:04:46.614 [localhost-startStop-1] INFO  o.s.boot.web.servlet.FilterRegistrationBean - Mapping filter: 'shiroFilter' to: [/*]
2018-08-26 12:04:46.697 [main] INFO  org.apache.catalina.core.StandardService - Stopping service [Tomcat]
2018-08-26 12:04:46.736 [main] INFO  o.s.b.a.l.ConditionEvaluationReportLoggingListener - 

Error starting ApplicationContext. To display the conditions report re-run your application with 'debug' enabled.
2018-08-26 12:05:26.916 [main] INFO  cn.yuchen.bigdate.rs.RegionalstabilityApplication - Starting RegionalstabilityApplication on DESKTOP-9BCQK4L with PID 14908 (started by wzx in E:\开发工程\区域稳定性\java\程序源码\regionalstability)
2018-08-26 12:05:26.919 [main] INFO  cn.yuchen.bigdate.rs.RegionalstabilityApplication - The following profiles are active: test
2018-08-26 12:05:27.027 [main] INFO  o.s.b.w.s.c.AnnotationConfigServletWebServerApplicationContext - Refreshing org.springframework.boot.web.servlet.context.AnnotationConfigServletWebServerApplicationContext@7776ab: startup date [Sun Aug 26 12:05:27 CST 2018]; root of context hierarchy
2018-08-26 12:05:27.990 [main] INFO  o.s.d.r.config.RepositoryConfigurationDelegate - Multiple Spring Data modules found, entering strict repository configuration mode!
2018-08-26 12:05:28.063 [main] INFO  o.s.d.r.config.RepositoryConfigurationDelegate - Multiple Spring Data modules found, entering strict repository configuration mode!
2018-08-26 12:05:28.082 [main] INFO  o.s.d.r.c.RepositoryConfigurationExtensionSupport - Spring Data Redis - Could not safely identify store assignment for repository candidate interface cn.yuchen.bigdate.rs.usermanagement.repository.TestRepository.
2018-08-26 12:05:28.084 [main] INFO  o.s.d.r.c.RepositoryConfigurationExtensionSupport - Spring Data Redis - Could not safely identify store assignment for repository candidate interface cn.yuchen.bigdate.rs.usermanagement.repository.UserRepository.
2018-08-26 12:05:28.383 [main] INFO  o.s.c.s.PostProcessorRegistrationDelegate$BeanPostProcessorChecker - Bean 'shiroConfiguration' of type [cn.yuchen.bigdate.rs.config.ShiroConfiguration$$EnhancerBySpringCGLIB$$ebe82c9c] is not eligible for getting processed by all BeanPostProcessors (for example: not eligible for auto-proxying)
2018-08-26 12:05:28.489 [main] INFO  o.s.c.s.PostProcessorRegistrationDelegate$BeanPostProcessorChecker - Bean 'getEhCacheManager' of type [org.apache.shiro.cache.ehcache.EhCacheManager] is not eligible for getting processed by all BeanPostProcessors (for example: not eligible for auto-proxying)
2018-08-26 12:05:28.493 [main] INFO  org.apache.shiro.cache.ehcache.EhCacheManager - Cache with name 'cn.yuchen.bigdate.rs.config.AuthRealm.authorizationCache' does not yet exist.  Creating now.
2018-08-26 12:05:28.515 [main] INFO  org.apache.shiro.cache.ehcache.EhCacheManager - Added EhCache named [cn.yuchen.bigdate.rs.config.AuthRealm.authorizationCache]
2018-08-26 12:05:28.555 [main] INFO  o.s.c.s.PostProcessorRegistrationDelegate$BeanPostProcessorChecker - Bean 'org.springframework.boot.context.properties.ConversionServiceDeducer$Factory' of type [org.springframework.boot.context.properties.ConversionServiceDeducer$Factory] is not eligible for getting processed by all BeanPostProcessors (for example: not eligible for auto-proxying)
2018-08-26 12:05:28.652 [main] INFO  o.s.c.s.PostProcessorRegistrationDelegate$BeanPostProcessorChecker - Bean 'mybatis-org.mybatis.spring.boot.autoconfigure.MybatisProperties' of type [org.mybatis.spring.boot.autoconfigure.MybatisProperties] is not eligible for getting processed by all BeanPostProcessors (for example: not eligible for auto-proxying)
2018-08-26 12:05:28.668 [main] INFO  o.s.c.s.PostProcessorRegistrationDelegate$BeanPostProcessorChecker - Bean 'org.mybatis.spring.boot.autoconfigure.MybatisAutoConfiguration' of type [org.mybatis.spring.boot.autoconfigure.MybatisAutoConfiguration$$EnhancerBySpringCGLIB$$36e600a2] is not eligible for getting processed by all BeanPostProcessors (for example: not eligible for auto-proxying)
2018-08-26 12:05:28.672 [main] INFO  o.s.c.s.PostProcessorRegistrationDelegate$BeanPostProcessorChecker - Bean 'org.springframework.boot.autoconfigure.jdbc.DataSourceConfiguration$Hikari' of type [org.springframework.boot.autoconfigure.jdbc.DataSourceConfiguration$Hikari] is not eligible for getting processed by all BeanPostProcessors (for example: not eligible for auto-proxying)
2018-08-26 12:05:28.689 [main] INFO  o.s.c.s.PostProcessorRegistrationDelegate$BeanPostProcessorChecker - Bean 'spring.datasource-org.springframework.boot.autoconfigure.jdbc.DataSourceProperties' of type [org.springframework.boot.autoconfigure.jdbc.DataSourceProperties] is not eligible for getting processed by all BeanPostProcessors (for example: not eligible for auto-proxying)
2018-08-26 12:05:28.723 [main] INFO  o.s.c.s.PostProcessorRegistrationDelegate$BeanPostProcessorChecker - Bean 'dataSource' of type [com.zaxxer.hikari.HikariDataSource] is not eligible for getting processed by all BeanPostProcessors (for example: not eligible for auto-proxying)
2018-08-26 12:05:29.051 [main] INFO  o.s.c.s.PostProcessorRegistrationDelegate$BeanPostProcessorChecker - Bean 'sqlSessionFactory' of type [org.apache.ibatis.session.defaults.DefaultSqlSessionFactory] is not eligible for getting processed by all BeanPostProcessors (for example: not eligible for auto-proxying)
2018-08-26 12:05:29.060 [main] INFO  o.s.c.s.PostProcessorRegistrationDelegate$BeanPostProcessorChecker - Bean 'sqlSessionTemplate' of type [org.mybatis.spring.SqlSessionTemplate] is not eligible for getting processed by all BeanPostProcessors (for example: not eligible for auto-proxying)
2018-08-26 12:05:29.060 [main] INFO  o.s.c.s.PostProcessorRegistrationDelegate$BeanPostProcessorChecker - Bean 'sysUserDao' of type [org.mybatis.spring.mapper.MapperFactoryBean] is not eligible for getting processed by all BeanPostProcessors (for example: not eligible for auto-proxying)
2018-08-26 12:05:29.061 [main] INFO  o.s.c.s.PostProcessorRegistrationDelegate$BeanPostProcessorChecker - Bean 'sysUserDao' of type [com.sun.proxy.$Proxy65] is not eligible for getting processed by all BeanPostProcessors (for example: not eligible for auto-proxying)
2018-08-26 12:05:29.062 [main] INFO  o.s.c.s.PostProcessorRegistrationDelegate$BeanPostProcessorChecker - Bean 'sysUserServiceImpl' of type [cn.yuchen.bigdate.rs.service.sysmanage.service.impl.SysUserServiceImpl] is not eligible for getting processed by all BeanPostProcessors (for example: not eligible for auto-proxying)
2018-08-26 12:05:29.068 [main] INFO  o.s.c.s.PostProcessorRegistrationDelegate$BeanPostProcessorChecker - Bean 'sysPowerDao' of type [org.mybatis.spring.mapper.MapperFactoryBean] is not eligible for getting processed by all BeanPostProcessors (for example: not eligible for auto-proxying)
2018-08-26 12:05:29.068 [main] INFO  o.s.c.s.PostProcessorRegistrationDelegate$BeanPostProcessorChecker - Bean 'sysPowerDao' of type [com.sun.proxy.$Proxy67] is not eligible for getting processed by all BeanPostProcessors (for example: not eligible for auto-proxying)
2018-08-26 12:05:29.073 [main] INFO  o.s.c.s.PostProcessorRegistrationDelegate$BeanPostProcessorChecker - Bean 'sysRolePowerDao' of type [org.mybatis.spring.mapper.MapperFactoryBean] is not eligible for getting processed by all BeanPostProcessors (for example: not eligible for auto-proxying)
2018-08-26 12:05:29.074 [main] INFO  o.s.c.s.PostProcessorRegistrationDelegate$BeanPostProcessorChecker - Bean 'sysRolePowerDao' of type [com.sun.proxy.$Proxy68] is not eligible for getting processed by all BeanPostProcessors (for example: not eligible for auto-proxying)
2018-08-26 12:05:29.074 [main] INFO  o.s.c.s.PostProcessorRegistrationDelegate$BeanPostProcessorChecker - Bean 'sysRolePowerServiceImpl' of type [cn.yuchen.bigdate.rs.service.sysmanage.service.impl.SysRolePowerServiceImpl] is not eligible for getting processed by all BeanPostProcessors (for example: not eligible for auto-proxying)
2018-08-26 12:05:29.074 [main] INFO  o.s.c.s.PostProcessorRegistrationDelegate$BeanPostProcessorChecker - Bean 'sysPowerServiceImpl' of type [cn.yuchen.bigdate.rs.service.sysmanage.service.impl.SysPowerServiceImpl] is not eligible for getting processed by all BeanPostProcessors (for example: not eligible for auto-proxying)
2018-08-26 12:05:29.080 [main] INFO  o.s.c.s.PostProcessorRegistrationDelegate$BeanPostProcessorChecker - Bean 'sysRoleDao' of type [org.mybatis.spring.mapper.MapperFactoryBean] is not eligible for getting processed by all BeanPostProcessors (for example: not eligible for auto-proxying)
2018-08-26 12:05:29.080 [main] INFO  o.s.c.s.PostProcessorRegistrationDelegate$BeanPostProcessorChecker - Bean 'sysRoleDao' of type [com.sun.proxy.$Proxy69] is not eligible for getting processed by all BeanPostProcessors (for example: not eligible for auto-proxying)
2018-08-26 12:05:29.085 [main] INFO  o.s.c.s.PostProcessorRegistrationDelegate$BeanPostProcessorChecker - Bean 'sysUserRoleDao' of type [org.mybatis.spring.mapper.MapperFactoryBean] is not eligible for getting processed by all BeanPostProcessors (for example: not eligible for auto-proxying)
2018-08-26 12:05:29.085 [main] INFO  o.s.c.s.PostProcessorRegistrationDelegate$BeanPostProcessorChecker - Bean 'sysUserRoleDao' of type [com.sun.proxy.$Proxy70] is not eligible for getting processed by all BeanPostProcessors (for example: not eligible for auto-proxying)
2018-08-26 12:05:29.086 [main] INFO  o.s.c.s.PostProcessorRegistrationDelegate$BeanPostProcessorChecker - Bean 'sysUserRoleServiceImpl' of type [cn.yuchen.bigdate.rs.service.sysmanage.service.impl.SysUserRoleServiceImpl] is not eligible for getting processed by all BeanPostProcessors (for example: not eligible for auto-proxying)
2018-08-26 12:05:29.086 [main] INFO  o.s.c.s.PostProcessorRegistrationDelegate$BeanPostProcessorChecker - Bean 'sysRoleServiceImpl' of type [cn.yuchen.bigdate.rs.service.sysmanage.service.impl.SysRoleServiceImpl] is not eligible for getting processed by all BeanPostProcessors (for example: not eligible for auto-proxying)
2018-08-26 12:05:29.086 [main] INFO  o.s.c.s.PostProcessorRegistrationDelegate$BeanPostProcessorChecker - Bean 'authRealm' of type [cn.yuchen.bigdate.rs.config.AuthRealm] is not eligible for getting processed by all BeanPostProcessors (for example: not eligible for auto-proxying)
2018-08-26 12:05:29.391 [main] INFO  o.s.c.s.PostProcessorRegistrationDelegate$BeanPostProcessorChecker - Bean 'securityManager' of type [org.apache.shiro.web.mgt.DefaultWebSecurityManager] is not eligible for getting processed by all BeanPostProcessors (for example: not eligible for auto-proxying)
2018-08-26 12:05:29.437 [main] INFO  o.s.c.s.PostProcessorRegistrationDelegate$BeanPostProcessorChecker - Bean 'org.springframework.transaction.annotation.ProxyTransactionManagementConfiguration' of type [org.springframework.transaction.annotation.ProxyTransactionManagementConfiguration$$EnhancerBySpringCGLIB$$411af72] is not eligible for getting processed by all BeanPostProcessors (for example: not eligible for auto-proxying)
2018-08-26 12:05:29.451 [main] INFO  o.s.c.s.PostProcessorRegistrationDelegate$BeanPostProcessorChecker - Bean 'getAuthorizationAttributeSourceAdvisor' of type [org.apache.shiro.spring.security.interceptor.AuthorizationAttributeSourceAdvisor] is not eligible for getting processed by all BeanPostProcessors (for example: not eligible for auto-proxying)
2018-08-26 12:05:29.746 [main] INFO  o.s.boot.web.embedded.tomcat.TomcatWebServer - Tomcat initialized with port(s): 8080 (http)
2018-08-26 12:05:29.758 [main] INFO  org.apache.coyote.http11.Http11NioProtocol - Initializing ProtocolHandler ["http-nio-8080"]
2018-08-26 12:05:29.769 [main] INFO  org.apache.catalina.core.StandardService - Starting service [Tomcat]
2018-08-26 12:05:29.769 [main] INFO  org.apache.catalina.core.StandardEngine - Starting Servlet Engine: Apache Tomcat/8.5.31
2018-08-26 12:05:29.774 [localhost-startStop-1] INFO  org.apache.catalina.core.AprLifecycleListener - The APR based Apache Tomcat Native library which allows optimal performance in production environments was not found on the java.library.path: [E:\java_evn\java_JDK\bin;C:\WINDOWS\Sun\Java\bin;C:\WINDOWS\system32;C:\WINDOWS;C:\Program Files (x86)\Intel\Intel(R) Management Engine Components\iCLS\;C:\Program Files\Intel\Intel(R) Management Engine Components\iCLS\;C:\Program Files (x86)\Common Files\Oracle\Java\javapath;C:\WINDOWS\system32;C:\WINDOWS;C:\WINDOWS\System32\Wbem;C:\WINDOWS\System32\WindowsPowerShell\v1.0\;E:\java_evn\java_JDK\bin;E:\java_evn\java_JDK\jre\bin;E:\java_evn\Git\Git\cmd;E:\java_evn\Maven\apache-maven-3.5.0\bin\;C:\Program Files (x86)\Intel\Intel(R) Management Engine Components\DAL;C:\Program Files\Intel\Intel(R) Management Engine Components\DAL;C:\Program Files (x86)\Intel\Intel(R) Management Engine Components\IPT;C:\Program Files\Intel\Intel(R) Management Engine Components\IPT;C:\Program Files (x86)\MySQL\MySQL Utilities 1.6\;C:\WINDOWS\System32\OpenSSH\;E:\java_evn\svn\bin;C:\Users\wzx\AppData\Local\Microsoft\WindowsApps;;.]
2018-08-26 12:05:29.874 [localhost-startStop-1] INFO  o.a.c.c.ContainerBase.[Tomcat].[localhost].[/test] - Initializing Spring embedded WebApplicationContext
2018-08-26 12:05:29.874 [localhost-startStop-1] INFO  org.springframework.web.context.ContextLoader - Root WebApplicationContext: initialization completed in 2847 ms
2018-08-26 12:05:30.090 [localhost-startStop-1] INFO  o.s.boot.web.servlet.ServletRegistrationBean - Servlet dispatcherServlet mapped to [/]
2018-08-26 12:05:30.097 [localhost-startStop-1] INFO  o.s.boot.web.servlet.FilterRegistrationBean - Mapping filter: 'characterEncodingFilter' to: [/*]
2018-08-26 12:05:30.097 [localhost-startStop-1] INFO  o.s.boot.web.servlet.FilterRegistrationBean - Mapping filter: 'hiddenHttpMethodFilter' to: [/*]
2018-08-26 12:05:30.097 [localhost-startStop-1] INFO  o.s.boot.web.servlet.FilterRegistrationBean - Mapping filter: 'httpPutFormContentFilter' to: [/*]
2018-08-26 12:05:30.097 [localhost-startStop-1] INFO  o.s.boot.web.servlet.FilterRegistrationBean - Mapping filter: 'requestContextFilter' to: [/*]
2018-08-26 12:05:30.097 [localhost-startStop-1] INFO  o.s.boot.web.servlet.FilterRegistrationBean - Mapping filter: 'shiroFilter' to: [/*]
2018-08-26 12:05:30.643 [main] INFO  org.mongodb.driver.cluster - Cluster created with settings {hosts=[192.168.100.188:27017], mode=SINGLE, requiredClusterType=UNKNOWN, serverSelectionTimeout='30000 ms', maxWaitQueueSize=500}
2018-08-26 12:05:30.798 [cluster-ClusterId{value='5b82270a22c0ff3a3c3e53dc', description='null'}-192.168.100.188:27017] INFO  org.mongodb.driver.connection - Opened connection [connectionId{localValue:1, serverValue:1400}] to 192.168.100.188:27017
2018-08-26 12:05:30.817 [cluster-ClusterId{value='5b82270a22c0ff3a3c3e53dc', description='null'}-192.168.100.188:27017] INFO  org.mongodb.driver.cluster - Monitor thread successfully connected to server with description ServerDescription{address=192.168.100.188:27017, type=STANDALONE, state=CONNECTED, ok=true, version=ServerVersion{versionList=[3, 6, 1]}, minWireVersion=0, maxWireVersion=6, maxDocumentSize=16777216, logicalSessionTimeoutMinutes=30, roundTripTimeNanos=3131731}
2018-08-26 12:05:31.937 [main] INFO  o.s.web.servlet.handler.SimpleUrlHandlerMapping - Mapped URL path [/**/favicon.ico] onto handler of type [class org.springframework.web.servlet.resource.ResourceHttpRequestHandler]
2018-08-26 12:05:32.274 [main] INFO  o.s.w.s.m.m.a.RequestMappingHandlerAdapter - Looking for @ControllerAdvice: org.springframework.boot.web.servlet.context.AnnotationConfigServletWebServerApplicationContext@7776ab: startup date [Sun Aug 26 12:05:27 CST 2018]; root of context hierarchy
2018-08-26 12:05:32.341 [main] INFO  o.s.w.s.m.m.a.RequestMappingHandlerMapping - Mapped "{[/eventbase/add],methods=[POST]}" onto public cn.yuchen.bigdate.rs.utility.ResponseResult<java.lang.Boolean> cn.yuchen.bigdate.rs.service.information.controller.EventBaseInformationController.add(cn.yuchen.bigdate.rs.service.information.pojo.po.EventBasePoWithBLOBs)
2018-08-26 12:05:32.342 [main] INFO  o.s.w.s.m.m.a.RequestMappingHandlerMapping - Mapped "{[/eventbase/update],methods=[POST]}" onto public cn.yuchen.bigdate.rs.utility.ResponseResult<java.lang.Boolean> cn.yuchen.bigdate.rs.service.information.controller.EventBaseInformationController.update(cn.yuchen.bigdate.rs.service.information.pojo.po.EventBasePoWithBLOBs)
2018-08-26 12:05:32.342 [main] INFO  o.s.w.s.m.m.a.RequestMappingHandlerMapping - Mapped "{[/eventbase/find/{id}],methods=[POST]}" onto public cn.yuchen.bigdate.rs.utility.ResponseResult<cn.yuchen.bigdate.rs.service.information.pojo.po.EventBasePoWithBLOBs> cn.yuchen.bigdate.rs.service.information.controller.EventBaseInformationController.findById(java.lang.String)
2018-08-26 12:05:32.343 [main] INFO  o.s.w.s.m.m.a.RequestMappingHandlerMapping - Mapped "{[/gtd/import],methods=[POST]}" onto public cn.yuchen.bigdate.rs.utility.ResponseResult<java.lang.Boolean> cn.yuchen.bigdate.rs.service.information.controller.GtdInformationController.importData(org.springframework.web.multipart.MultipartFile) throws java.text.ParseException
2018-08-26 12:05:32.344 [main] INFO  o.s.w.s.m.m.a.RequestMappingHandlerMapping - Mapped "{[/gtd/findbypage],methods=[POST]}" onto public cn.yuchen.bigdate.rs.utility.ResponseResult<com.github.pagehelper.PageInfo<cn.yuchen.bigdate.rs.service.information.pojo.po.GtdPo>> cn.yuchen.bigdate.rs.service.information.controller.GtdInformationController.findByPage(cn.yuchen.bigdate.rs.service.information.pojo.webpo.GtdPage)
2018-08-26 12:05:32.346 [main] INFO  o.s.w.s.m.m.a.RequestMappingHandlerMapping - Mapped "{[/news/update],methods=[POST]}" onto public cn.yuchen.bigdate.rs.utility.ResponseResult<com.mongodb.client.result.UpdateResult> cn.yuchen.bigdate.rs.service.information.controller.NewsInformationController.update(cn.yuchen.bigdate.rs.service.information.pojo.mogopo.news.Tagdata)
2018-08-26 12:05:32.346 [main] INFO  o.s.w.s.m.m.a.RequestMappingHandlerMapping - Mapped "{[/news/findbyid/{id}],methods=[POST]}" onto public cn.yuchen.bigdate.rs.utility.ResponseResult<cn.yuchen.bigdate.rs.service.information.pojo.mogopo.news.Tagdata> cn.yuchen.bigdate.rs.service.information.controller.NewsInformationController.findById(java.lang.String)
2018-08-26 12:05:32.346 [main] INFO  o.s.w.s.m.m.a.RequestMappingHandlerMapping - Mapped "{[/news/updateone/{id}],methods=[POST]}" onto public cn.yuchen.bigdate.rs.utility.ResponseResult<com.mongodb.client.result.UpdateResult> cn.yuchen.bigdate.rs.service.information.controller.NewsInformationController.updateOneById(java.lang.String)
2018-08-26 12:05:32.347 [main] INFO  o.s.w.s.m.m.a.RequestMappingHandlerMapping - Mapped "{[/news/updatetwo/{id}],methods=[POST]}" onto public cn.yuchen.bigdate.rs.utility.ResponseResult<com.mongodb.client.result.UpdateResult> cn.yuchen.bigdate.rs.service.information.controller.NewsInformationController.updatetwoById(java.lang.String)
2018-08-26 12:05:32.347 [main] INFO  o.s.w.s.m.m.a.RequestMappingHandlerMapping - Mapped "{[/news/findbypage],methods=[POST]}" onto public cn.yuchen.bigdate.rs.utility.ResponseResult<java.util.List<cn.yuchen.bigdate.rs.service.information.pojo.mogopo.news.Tagdata>> cn.yuchen.bigdate.rs.service.information.controller.NewsInformationController.findByPage(cn.yuchen.bigdate.rs.service.information.pojo.webpo.NewsWeb)
2018-08-26 12:05:32.349 [main] INFO  o.s.w.s.m.m.a.RequestMappingHandlerMapping - Mapped "{[/model/add],methods=[POST]}" onto public cn.yuchen.bigdate.rs.utility.ResponseResult<java.lang.Boolean> cn.yuchen.bigdate.rs.service.model.controller.ModelController.add(cn.yuchen.bigdate.rs.service.model.pojo.vo.ModelVo)
2018-08-26 12:05:32.349 [main] INFO  o.s.w.s.m.m.a.RequestMappingHandlerMapping - Mapped "{[/model/update],methods=[POST]}" onto public cn.yuchen.bigdate.rs.utility.ResponseResult<java.lang.Boolean> cn.yuchen.bigdate.rs.service.model.controller.ModelController.update(cn.yuchen.bigdate.rs.service.model.pojo.vo.ModelVo)
2018-08-26 12:05:32.350 [main] INFO  o.s.w.s.m.m.a.RequestMappingHandlerMapping - Mapped "{[/model/delete/{id}],methods=[POST]}" onto public cn.yuchen.bigdate.rs.utility.ResponseResult<java.lang.Boolean> cn.yuchen.bigdate.rs.service.model.controller.ModelController.delete(java.lang.Long)
2018-08-26 12:05:32.350 [main] INFO  o.s.w.s.m.m.a.RequestMappingHandlerMapping - Mapped "{[/model/find/{id}],methods=[POST]}" onto public cn.yuchen.bigdate.rs.utility.ResponseResult<cn.yuchen.bigdate.rs.service.model.pojo.vo.ModelVo> cn.yuchen.bigdate.rs.service.model.controller.ModelController.findById(java.lang.Long)
2018-08-26 12:05:32.350 [main] INFO  o.s.w.s.m.m.a.RequestMappingHandlerMapping - Mapped "{[/model/findbypage],methods=[POST]}" onto public cn.yuchen.bigdate.rs.utility.ResponseResult<com.github.pagehelper.PageInfo<cn.yuchen.bigdate.rs.service.model.pojo.vo.ModelVo>> cn.yuchen.bigdate.rs.service.model.controller.ModelController.findByPage(cn.yuchen.bigdate.rs.service.model.pojo.webvo.ModelPageVo)
2018-08-26 12:05:32.355 [main] INFO  o.s.w.s.m.m.a.RequestMappingHandlerMapping - Mapped "{[/modelmethod/add],methods=[POST]}" onto public cn.yuchen.bigdate.rs.utility.ResponseResult<java.lang.Boolean> cn.yuchen.bigdate.rs.service.model.controller.ModelMethodController.add(cn.yuchen.bigdate.rs.service.model.pojo.webvo.ModelMethodParameterVo)
2018-08-26 12:05:32.357 [main] INFO  o.s.w.s.m.m.a.RequestMappingHandlerMapping - Mapped "{[/modelmethod/update],methods=[POST]}" onto public cn.yuchen.bigdate.rs.utility.ResponseResult<java.lang.Boolean> cn.yuchen.bigdate.rs.service.model.controller.ModelMethodController.update(cn.yuchen.bigdate.rs.service.model.pojo.webvo.ModelMethodParameterVo)
2018-08-26 12:05:32.358 [main] INFO  o.s.w.s.m.m.a.RequestMappingHandlerMapping - Mapped "{[/modelmethod/delete/{id}],methods=[POST]}" onto public cn.yuchen.bigdate.rs.utility.ResponseResult<java.lang.Boolean> cn.yuchen.bigdate.rs.service.model.controller.ModelMethodController.delete(java.lang.Long)
2018-08-26 12:05:32.359 [main] INFO  o.s.w.s.m.m.a.RequestMappingHandlerMapping - Mapped "{[/modelmethod/findall],methods=[POST]}" onto public cn.yuchen.bigdate.rs.utility.ResponseResult<com.github.pagehelper.PageInfo<cn.yuchen.bigdate.rs.service.model.pojo.webvo.ModelMethodParameterVo>> cn.yuchen.bigdate.rs.service.model.controller.ModelMethodController.findAll(cn.yuchen.bigdate.rs.service.model.pojo.webvo.ModelPageVo)
2018-08-26 12:05:32.359 [main] INFO  o.s.w.s.m.m.a.RequestMappingHandlerMapping - Mapped "{[/modelmethod/findmmpvo/{id}],methods=[POST]}" onto public cn.yuchen.bigdate.rs.utility.ResponseResult<cn.yuchen.bigdate.rs.service.model.pojo.webvo.ModelMethodParameterVo> cn.yuchen.bigdate.rs.service.model.controller.ModelMethodController.findModelMethodParameterVoByMethodId(java.lang.Long)
2018-08-26 12:05:32.359 [main] INFO  o.s.w.s.m.m.a.RequestMappingHandlerMapping - Mapped "{[/modelmethod/findbypage],methods=[POST]}" onto public cn.yuchen.bigdate.rs.utility.ResponseResult<com.github.pagehelper.PageInfo<cn.yuchen.bigdate.rs.service.model.pojo.vo.ModelMethodVo>> cn.yuchen.bigdate.rs.service.model.controller.ModelMethodController.findByPage(cn.yuchen.bigdate.rs.service.model.pojo.webvo.ModelPageVo)
2018-08-26 12:05:32.360 [main] INFO  o.s.w.s.m.m.a.RequestMappingHandlerMapping - Mapped "{[/modelmethod/find/{id}],methods=[POST]}" onto public cn.yuchen.bigdate.rs.utility.ResponseResult<cn.yuchen.bigdate.rs.service.model.pojo.vo.ModelMethodVo> cn.yuchen.bigdate.rs.service.model.controller.ModelMethodController.findByPage(java.lang.Long)
2018-08-26 12:05:32.361 [main] INFO  o.s.w.s.m.m.a.RequestMappingHandlerMapping - Mapped "{[/modelmodule/add],methods=[POST]}" onto public cn.yuchen.bigdate.rs.utility.ResponseResult<java.lang.Boolean> cn.yuchen.bigdate.rs.service.model.controller.ModelModuleController.add(cn.yuchen.bigdate.rs.service.model.pojo.vo.ModelModuleVo)
2018-08-26 12:05:32.361 [main] INFO  o.s.w.s.m.m.a.RequestMappingHandlerMapping - Mapped "{[/modelmodule/update],methods=[POST]}" onto public cn.yuchen.bigdate.rs.utility.ResponseResult<java.lang.Boolean> cn.yuchen.bigdate.rs.service.model.controller.ModelModuleController.update(cn.yuchen.bigdate.rs.service.model.pojo.vo.ModelModuleVo)
2018-08-26 12:05:32.361 [main] INFO  o.s.w.s.m.m.a.RequestMappingHandlerMapping - Mapped "{[/modelmodule/delete/{id}],methods=[POST]}" onto public cn.yuchen.bigdate.rs.utility.ResponseResult<java.lang.Boolean> cn.yuchen.bigdate.rs.service.model.controller.ModelModuleController.delete(java.lang.Long)
2018-08-26 12:05:32.362 [main] INFO  o.s.w.s.m.m.a.RequestMappingHandlerMapping - Mapped "{[/modelmodule/findall],methods=[POST]}" onto public cn.yuchen.bigdate.rs.utility.ResponseResult<java.util.List<cn.yuchen.bigdate.rs.service.model.pojo.vo.ModelModuleVo>> cn.yuchen.bigdate.rs.service.model.controller.ModelModuleController.findAll()
2018-08-26 12:05:32.362 [main] INFO  o.s.w.s.m.m.a.RequestMappingHandlerMapping - Mapped "{[/modelmodule/findbypage],methods=[POST]}" onto public cn.yuchen.bigdate.rs.utility.ResponseResult<com.github.pagehelper.PageInfo<cn.yuchen.bigdate.rs.service.model.pojo.vo.ModelModuleVo>> cn.yuchen.bigdate.rs.service.model.controller.ModelModuleController.findByPage(cn.yuchen.bigdate.rs.service.model.pojo.webvo.ModelPageVo)
2018-08-26 12:05:32.363 [main] INFO  o.s.w.s.m.m.a.RequestMappingHandlerMapping - Mapped "{[/modelparameter/add],methods=[POST]}" onto public cn.yuchen.bigdate.rs.utility.ResponseResult<java.lang.Boolean> cn.yuchen.bigdate.rs.service.model.controller.ModelParameterController.add(cn.yuchen.bigdate.rs.service.model.pojo.vo.ModelParameterVo)
2018-08-26 12:05:32.364 [main] INFO  o.s.w.s.m.m.a.RequestMappingHandlerMapping - Mapped "{[/modelparameter/update],methods=[POST]}" onto public cn.yuchen.bigdate.rs.utility.ResponseResult<java.lang.Boolean> cn.yuchen.bigdate.rs.service.model.controller.ModelParameterController.update(cn.yuchen.bigdate.rs.service.model.pojo.vo.ModelParameterVo)
2018-08-26 12:05:32.364 [main] INFO  o.s.w.s.m.m.a.RequestMappingHandlerMapping - Mapped "{[/modelparameter/delete/{id}],methods=[POST]}" onto public cn.yuchen.bigdate.rs.utility.ResponseResult<java.lang.Boolean> cn.yuchen.bigdate.rs.service.model.controller.ModelParameterController.delete(java.lang.Long)
2018-08-26 12:05:32.365 [main] INFO  o.s.w.s.m.m.a.RequestMappingHandlerMapping - Mapped "{[/modelparameter/find/{id}],methods=[POST]}" onto public cn.yuchen.bigdate.rs.utility.ResponseResult<cn.yuchen.bigdate.rs.service.model.pojo.vo.ModelParameterVo> cn.yuchen.bigdate.rs.service.model.controller.ModelParameterController.findByPage(java.lang.Long)
2018-08-26 12:05:32.365 [main] INFO  o.s.w.s.m.m.a.RequestMappingHandlerMapping - Mapped "{[/log/add],methods=[POST]}" onto public cn.yuchen.bigdate.rs.utility.ResponseResult<java.lang.Boolean> cn.yuchen.bigdate.rs.service.operatedlog.controller.OperatedLogController.add(cn.yuchen.bigdate.rs.service.operatedlog.pojo.vo.OperatedLogVo)
2018-08-26 12:05:32.365 [main] INFO  o.s.w.s.m.m.a.RequestMappingHandlerMapping - Mapped "{[/log/findByPage],methods=[POST]}" onto public cn.yuchen.bigdate.rs.utility.ResponseResult<com.github.pagehelper.PageInfo<cn.yuchen.bigdate.rs.service.operatedlog.pojo.vo.OperatedLogVo>> cn.yuchen.bigdate.rs.service.operatedlog.controller.OperatedLogController.findByPage(cn.yuchen.bigdate.rs.service.operatedlog.pojo.vo.OperatedLogVo)
2018-08-26 12:05:32.367 [main] INFO  o.s.w.s.m.m.a.RequestMappingHandlerMapping - Mapped "{[/helloshiro],methods=[GET]}" onto public cn.yuchen.bigdate.rs.utility.ResponseResult<java.lang.String> cn.yuchen.bigdate.rs.service.sysmanage.controller.LoginController.test()
2018-08-26 12:05:32.367 [main] INFO  o.s.w.s.m.m.a.RequestMappingHandlerMapping - Mapped "{[/login],methods=[POST]}" onto public cn.yuchen.bigdate.rs.utility.ResponseResult<java.lang.String> cn.yuchen.bigdate.rs.service.sysmanage.controller.LoginController.login(cn.yuchen.bigdate.rs.service.sysmanage.pojo.vo.SysUserVo)
2018-08-26 12:05:32.367 [main] INFO  o.s.w.s.m.m.a.RequestMappingHandlerMapping - Mapped "{[/denied],methods=[GET]}" onto public cn.yuchen.bigdate.rs.utility.ResponseResult<java.lang.String> cn.yuchen.bigdate.rs.service.sysmanage.controller.LoginController.denied()
2018-08-26 12:05:32.368 [main] INFO  o.s.w.s.m.m.a.RequestMappingHandlerMapping - Mapped "{[/gologin],methods=[GET]}" onto public cn.yuchen.bigdate.rs.utility.ResponseResult<java.lang.String> cn.yuchen.bigdate.rs.service.sysmanage.controller.LoginController.goLogin()
2018-08-26 12:05:32.368 [main] INFO  o.s.w.s.m.m.a.RequestMappingHandlerMapping - Mapped "{[/success],methods=[GET]}" onto public cn.yuchen.bigdate.rs.utility.ResponseResult<java.lang.String> cn.yuchen.bigdate.rs.service.sysmanage.controller.LoginController.loginsucces()
2018-08-26 12:05:32.370 [main] INFO  o.s.w.s.m.m.a.RequestMappingHandlerMapping - Mapped "{[/syspower/add],methods=[POST]}" onto public cn.yuchen.bigdate.rs.utility.ResponseResult<java.lang.Boolean> cn.yuchen.bigdate.rs.service.sysmanage.controller.SysPowerController.add(cn.yuchen.bigdate.rs.service.sysmanage.pojo.vo.SysPowerVo)
2018-08-26 12:05:32.372 [main] INFO  o.s.w.s.m.m.a.RequestMappingHandlerMapping - Mapped "{[/syspower/update],methods=[POST]}" onto public cn.yuchen.bigdate.rs.utility.ResponseResult<java.lang.Boolean> cn.yuchen.bigdate.rs.service.sysmanage.controller.SysPowerController.update(cn.yuchen.bigdate.rs.service.sysmanage.pojo.vo.SysPowerVo)
2018-08-26 12:05:32.373 [main] INFO  o.s.w.s.m.m.a.RequestMappingHandlerMapping - Mapped "{[/syspower/delete/{id}],methods=[POST]}" onto public cn.yuchen.bigdate.rs.utility.ResponseResult<java.lang.Boolean> cn.yuchen.bigdate.rs.service.sysmanage.controller.SysPowerController.delete(java.lang.Long)
2018-08-26 12:05:32.374 [main] INFO  o.s.w.s.m.m.a.RequestMappingHandlerMapping - Mapped "{[/syspower/find/{id}],methods=[POST]}" onto public cn.yuchen.bigdate.rs.utility.ResponseResult<cn.yuchen.bigdate.rs.service.sysmanage.pojo.vo.SysPowerVo> cn.yuchen.bigdate.rs.service.sysmanage.controller.SysPowerController.findById(java.lang.Long)
2018-08-26 12:05:32.374 [main] INFO  o.s.w.s.m.m.a.RequestMappingHandlerMapping - Mapped "{[/syspower/findbypage],methods=[POST]}" onto public cn.yuchen.bigdate.rs.utility.ResponseResult<com.github.pagehelper.PageInfo<cn.yuchen.bigdate.rs.service.sysmanage.pojo.vo.SysPowerVo>> cn.yuchen.bigdate.rs.service.sysmanage.controller.SysPowerController.findByPage(cn.yuchen.bigdate.rs.service.sysmanage.pojo.webvo.SysPageVo)
2018-08-26 12:05:32.375 [main] INFO  o.s.w.s.m.m.a.RequestMappingHandlerMapping - Mapped "{[/sysrole/add],methods=[POST]}" onto public cn.yuchen.bigdate.rs.utility.ResponseResult<java.lang.Boolean> cn.yuchen.bigdate.rs.service.sysmanage.controller.SysRoleController.add(cn.yuchen.bigdate.rs.service.sysmanage.pojo.vo.SysRoleVo)
2018-08-26 12:05:32.376 [main] INFO  o.s.w.s.m.m.a.RequestMappingHandlerMapping - Mapped "{[/sysrole/update],methods=[POST]}" onto public cn.yuchen.bigdate.rs.utility.ResponseResult<java.lang.Boolean> cn.yuchen.bigdate.rs.service.sysmanage.controller.SysRoleController.update(cn.yuchen.bigdate.rs.service.sysmanage.pojo.vo.SysRoleVo)
2018-08-26 12:05:32.377 [main] INFO  o.s.w.s.m.m.a.RequestMappingHandlerMapping - Mapped "{[/sysrole/delete/{id}],methods=[POST]}" onto public cn.yuchen.bigdate.rs.utility.ResponseResult<java.lang.Boolean> cn.yuchen.bigdate.rs.service.sysmanage.controller.SysRoleController.delete(java.lang.Long)
2018-08-26 12:05:32.377 [main] INFO  o.s.w.s.m.m.a.RequestMappingHandlerMapping - Mapped "{[/sysrole/find/{id}],methods=[POST]}" onto public cn.yuchen.bigdate.rs.utility.ResponseResult<cn.yuchen.bigdate.rs.service.sysmanage.pojo.vo.SysRoleVo> cn.yuchen.bigdate.rs.service.sysmanage.controller.SysRoleController.findById(java.lang.Long)
2018-08-26 12:05:32.377 [main] INFO  o.s.w.s.m.m.a.RequestMappingHandlerMapping - Mapped "{[/sysrole/findbypage],methods=[POST]}" onto public cn.yuchen.bigdate.rs.utility.ResponseResult<com.github.pagehelper.PageInfo<cn.yuchen.bigdate.rs.service.sysmanage.pojo.vo.SysRoleVo>> cn.yuchen.bigdate.rs.service.sysmanage.controller.SysRoleController.findByPage(cn.yuchen.bigdate.rs.service.sysmanage.pojo.webvo.SysPageVo)
2018-08-26 12:05:32.378 [main] INFO  o.s.w.s.m.m.a.RequestMappingHandlerMapping - Mapped "{[/sysrolepower/add],methods=[POST]}" onto public cn.yuchen.bigdate.rs.utility.ResponseResult<java.lang.Boolean> cn.yuchen.bigdate.rs.service.sysmanage.controller.SysRolePowerController.add(cn.yuchen.bigdate.rs.service.sysmanage.pojo.vo.SysRolePowerVo)
2018-08-26 12:05:32.378 [main] INFO  o.s.w.s.m.m.a.RequestMappingHandlerMapping - Mapped "{[/sysrolepower/delete/{id}],methods=[POST]}" onto public cn.yuchen.bigdate.rs.utility.ResponseResult<java.lang.Boolean> cn.yuchen.bigdate.rs.service.sysmanage.controller.SysRolePowerController.delete(java.lang.Long)
2018-08-26 12:05:32.379 [main] INFO  o.s.w.s.m.m.a.RequestMappingHandlerMapping - Mapped "{[/sysrolepower/find/{id}],methods=[POST]}" onto public cn.yuchen.bigdate.rs.utility.ResponseResult<java.util.List<cn.yuchen.bigdate.rs.service.sysmanage.pojo.vo.SysRolePowerVo>> cn.yuchen.bigdate.rs.service.sysmanage.controller.SysRolePowerController.findByUserId(java.lang.Long)
2018-08-26 12:05:32.380 [main] INFO  o.s.w.s.m.m.a.RequestMappingHandlerMapping - Mapped "{[/sysuser/add],methods=[POST]}" onto public cn.yuchen.bigdate.rs.utility.ResponseResult<java.lang.Boolean> cn.yuchen.bigdate.rs.service.sysmanage.controller.SysUserController.add(cn.yuchen.bigdate.rs.service.sysmanage.pojo.vo.SysUserVo)
2018-08-26 12:05:32.380 [main] INFO  o.s.w.s.m.m.a.RequestMappingHandlerMapping - Mapped "{[/sysuser/init/{id}],methods=[POST]}" onto public cn.yuchen.bigdate.rs.utility.ResponseResult<java.lang.Boolean> cn.yuchen.bigdate.rs.service.sysmanage.controller.SysUserController.update(java.lang.Long)
2018-08-26 12:05:32.380 [main] INFO  o.s.w.s.m.m.a.RequestMappingHandlerMapping - Mapped "{[/sysuser/update],methods=[POST]}" onto public cn.yuchen.bigdate.rs.utility.ResponseResult<java.lang.Boolean> cn.yuchen.bigdate.rs.service.sysmanage.controller.SysUserController.update(cn.yuchen.bigdate.rs.service.sysmanage.pojo.vo.SysUserVo)
2018-08-26 12:05:32.380 [main] INFO  o.s.w.s.m.m.a.RequestMappingHandlerMapping - Mapped "{[/sysuser/delete/{id}],methods=[POST]}" onto public cn.yuchen.bigdate.rs.utility.ResponseResult<java.lang.Boolean> cn.yuchen.bigdate.rs.service.sysmanage.controller.SysUserController.delete(java.lang.Long)
2018-08-26 12:05:32.381 [main] INFO  o.s.w.s.m.m.a.RequestMappingHandlerMapping - Mapped "{[/sysuser/find/{id}],methods=[POST]}" onto public cn.yuchen.bigdate.rs.utility.ResponseResult<cn.yuchen.bigdate.rs.service.sysmanage.pojo.vo.SysUserVo> cn.yuchen.bigdate.rs.service.sysmanage.controller.SysUserController.findById(java.lang.Long)
2018-08-26 12:05:32.381 [main] INFO  o.s.w.s.m.m.a.RequestMappingHandlerMapping - Mapped "{[/sysuser/findbypage],methods=[POST]}" onto public cn.yuchen.bigdate.rs.utility.ResponseResult<com.github.pagehelper.PageInfo<cn.yuchen.bigdate.rs.service.sysmanage.pojo.vo.SysUserVo>> cn.yuchen.bigdate.rs.service.sysmanage.controller.SysUserController.findByPage(cn.yuchen.bigdate.rs.service.sysmanage.pojo.webvo.SysPageVo)
2018-08-26 12:05:32.381 [main] INFO  o.s.w.s.m.m.a.RequestMappingHandlerMapping - Mapped "{[/sysuserrole/add],methods=[POST]}" onto public cn.yuchen.bigdate.rs.utility.ResponseResult<java.lang.Boolean> cn.yuchen.bigdate.rs.service.sysmanage.controller.SysUserRoleController.add(cn.yuchen.bigdate.rs.service.sysmanage.pojo.vo.SysUserRoleVo)
2018-08-26 12:05:32.382 [main] INFO  o.s.w.s.m.m.a.RequestMappingHandlerMapping - Mapped "{[/sysuserrole/delete/{id}],methods=[POST]}" onto public cn.yuchen.bigdate.rs.utility.ResponseResult<java.lang.Boolean> cn.yuchen.bigdate.rs.service.sysmanage.controller.SysUserRoleController.delete(java.lang.Long)
2018-08-26 12:05:32.382 [main] INFO  o.s.w.s.m.m.a.RequestMappingHandlerMapping - Mapped "{[/sysuserrole/find/{id}],methods=[POST]}" onto public cn.yuchen.bigdate.rs.utility.ResponseResult<java.util.List<cn.yuchen.bigdate.rs.service.sysmanage.pojo.vo.SysUserRoleVo>> cn.yuchen.bigdate.rs.service.sysmanage.controller.SysUserRoleController.findByUserId(java.lang.Long)
2018-08-26 12:05:32.384 [main] INFO  o.s.w.s.m.m.a.RequestMappingHandlerMapping - Mapped "{[/user/add],methods=[POST]}" onto public cn.yuchen.bigdate.rs.utility.ResponseResult<java.lang.Boolean> cn.yuchen.bigdate.rs.usermanagement.controller.UserController.addUser(cn.yuchen.bigdate.rs.usermanagement.pojo.vo.UserVo)
2018-08-26 12:05:32.384 [main] INFO  o.s.w.s.m.m.a.RequestMappingHandlerMapping - Mapped "{[/user/getSolr/{id}],methods=[GET]}" onto public cn.yuchen.bigdate.rs.utility.ResponseResult<cn.yuchen.bigdate.rs.usermanagement.pojo.vo.UserVo> cn.yuchen.bigdate.rs.usermanagement.controller.UserController.findUserVoFromSolr(java.lang.Integer) throws java.io.IOException,org.apache.solr.client.solrj.SolrServerException
2018-08-26 12:05:32.384 [main] INFO  o.s.w.s.m.m.a.RequestMappingHandlerMapping - Mapped "{[/user/findDB],methods=[POST]}" onto public cn.yuchen.bigdate.rs.utility.ResponseResult<java.util.List<cn.yuchen.bigdate.rs.usermanagement.pojo.po.UserPo>> cn.yuchen.bigdate.rs.usermanagement.controller.UserController.findUserForDB()
2018-08-26 12:05:32.384 [main] INFO  o.s.w.s.m.m.a.RequestMappingHandlerMapping - Mapped "{[/user/hello/{s}],methods=[POST]}" onto public cn.yuchen.bigdate.rs.utility.ResponseResult<java.lang.String> cn.yuchen.bigdate.rs.usermanagement.controller.UserController.sayHello(java.lang.String)
2018-08-26 12:05:32.385 [main] INFO  o.s.w.s.m.m.a.RequestMappingHandlerMapping - Mapped "{[/user/findalldb],methods=[POST]}" onto public cn.yuchen.bigdate.rs.utility.ResponseResult<org.springframework.data.domain.Page<cn.yuchen.bigdate.rs.usermanagement.pojo.mogopo.Tagdata>> cn.yuchen.bigdate.rs.usermanagement.controller.UserController.findAllDB()
2018-08-26 12:05:32.385 [main] INFO  o.s.w.s.m.m.a.RequestMappingHandlerMapping - Mapped "{[/user/addDB],methods=[POST]}" onto public cn.yuchen.bigdate.rs.utility.ResponseResult<java.lang.String> cn.yuchen.bigdate.rs.usermanagement.controller.UserController.addUserForDB(cn.yuchen.bigdate.rs.usermanagement.pojo.vo.UserVo)
2018-08-26 12:05:32.385 [main] INFO  o.s.w.s.m.m.a.RequestMappingHandlerMapping - Mapped "{[/user/getUser/{id}],methods=[GET]}" onto public cn.yuchen.bigdate.rs.utility.ResponseResult<cn.yuchen.bigdate.rs.usermanagement.pojo.vo.UserVo> cn.yuchen.bigdate.rs.usermanagement.controller.UserController.findUserVoById(java.lang.Integer)
2018-08-26 12:05:32.387 [main] INFO  o.s.w.s.m.m.a.RequestMappingHandlerMapping - Mapped "{[/error]}" onto public org.springframework.http.ResponseEntity<java.util.Map<java.lang.String, java.lang.Object>> org.springframework.boot.autoconfigure.web.servlet.error.BasicErrorController.error(javax.servlet.http.HttpServletRequest)
2018-08-26 12:05:32.388 [main] INFO  o.s.w.s.m.m.a.RequestMappingHandlerMapping - Mapped "{[/error],produces=[text/html]}" onto public org.springframework.web.servlet.ModelAndView org.springframework.boot.autoconfigure.web.servlet.error.BasicErrorController.errorHtml(javax.servlet.http.HttpServletRequest,javax.servlet.http.HttpServletResponse)
2018-08-26 12:05:32.430 [main] INFO  o.s.web.servlet.handler.SimpleUrlHandlerMapping - Mapped URL path [/webjars/**] onto handler of type [class org.springframework.web.servlet.resource.ResourceHttpRequestHandler]
2018-08-26 12:05:32.430 [main] INFO  o.s.web.servlet.handler.SimpleUrlHandlerMapping - Mapped URL path [/**] onto handler of type [class org.springframework.web.servlet.resource.ResourceHttpRequestHandler]
2018-08-26 12:05:32.454 [main] INFO  o.s.w.s.m.m.a.ExceptionHandlerExceptionResolver - Detected @ExceptionHandler methods in globalExceptionHandler
2018-08-26 12:05:33.329 [main] INFO  o.s.jmx.export.annotation.AnnotationMBeanExporter - Registering beans for JMX exposure on startup
2018-08-26 12:05:33.330 [main] INFO  o.s.jmx.export.annotation.AnnotationMBeanExporter - Bean with name 'dataSource' has been autodetected for JMX exposure
2018-08-26 12:05:33.337 [main] INFO  o.s.jmx.export.annotation.AnnotationMBeanExporter - Located MBean 'dataSource': registering with JMX server as MBean [com.zaxxer.hikari:name=dataSource,type=HikariDataSource]
2018-08-26 12:05:33.379 [main] INFO  org.apache.coyote.http11.Http11NioProtocol - Starting ProtocolHandler ["http-nio-8080"]
2018-08-26 12:05:33.409 [main] INFO  org.apache.tomcat.util.net.NioSelectorPool - Using a shared selector for servlet write/read
2018-08-26 12:05:33.445 [main] INFO  o.s.boot.web.embedded.tomcat.TomcatWebServer - Tomcat started on port(s): 8080 (http) with context path '/test'
2018-08-26 12:05:33.447 [main] INFO  cn.yuchen.bigdate.rs.RegionalstabilityApplication - Started RegionalstabilityApplication in 7.229 seconds (JVM running for 8.474)
2018-08-26 12:05:56.245 [http-nio-8080-exec-1] INFO  o.a.c.c.ContainerBase.[Tomcat].[localhost].[/test] - Initializing Spring FrameworkServlet 'dispatcherServlet'
2018-08-26 12:05:56.245 [http-nio-8080-exec-1] INFO  org.springframework.web.servlet.DispatcherServlet - FrameworkServlet 'dispatcherServlet': initialization started
2018-08-26 12:05:56.267 [http-nio-8080-exec-1] INFO  org.springframework.web.servlet.DispatcherServlet - FrameworkServlet 'dispatcherServlet': initialization completed in 22 ms
2018-08-26 12:05:56.752 [http-nio-8080-exec-1] INFO  com.zaxxer.hikari.HikariDataSource - HikariPool-1 - Starting...
2018-08-26 12:05:57.216 [http-nio-8080-exec-1] INFO  com.zaxxer.hikari.HikariDataSource - HikariPool-1 - Start completed.
2018-08-26 12:29:19.526 [http-nio-8080-exec-3] INFO  org.mongodb.driver.connection - Opened connection [connectionId{localValue:2, serverValue:1411}] to 192.168.100.188:27017
2018-08-26 12:55:43.757 [main] INFO  cn.yuchen.bigdate.rs.RegionalstabilityApplication - Starting RegionalstabilityApplication on DESKTOP-9BCQK4L with PID 10004 (started by wzx in E:\开发工程\区域稳定性\java\程序源码\regionalstability)
2018-08-26 12:55:43.760 [main] INFO  cn.yuchen.bigdate.rs.RegionalstabilityApplication - The following profiles are active: test
2018-08-26 12:55:43.856 [main] INFO  o.s.b.w.s.c.AnnotationConfigServletWebServerApplicationContext - Refreshing org.springframework.boot.web.servlet.context.AnnotationConfigServletWebServerApplicationContext@3f9342d4: startup date [Sun Aug 26 12:55:43 CST 2018]; root of context hierarchy
2018-08-26 12:55:44.624 [main] INFO  o.s.d.r.config.RepositoryConfigurationDelegate - Multiple Spring Data modules found, entering strict repository configuration mode!
2018-08-26 12:55:44.705 [main] INFO  o.s.d.r.config.RepositoryConfigurationDelegate - Multiple Spring Data modules found, entering strict repository configuration mode!
2018-08-26 12:55:44.724 [main] INFO  o.s.d.r.c.RepositoryConfigurationExtensionSupport - Spring Data Redis - Could not safely identify store assignment for repository candidate interface cn.yuchen.bigdate.rs.usermanagement.repository.TestRepository.
2018-08-26 12:55:44.725 [main] INFO  o.s.d.r.c.RepositoryConfigurationExtensionSupport - Spring Data Redis - Could not safely identify store assignment for repository candidate interface cn.yuchen.bigdate.rs.usermanagement.repository.UserRepository.
2018-08-26 12:55:45.100 [main] INFO  o.s.c.s.PostProcessorRegistrationDelegate$BeanPostProcessorChecker - Bean 'shiroConfiguration' of type [cn.yuchen.bigdate.rs.config.ShiroConfiguration$$EnhancerBySpringCGLIB$$b61bd45] is not eligible for getting processed by all BeanPostProcessors (for example: not eligible for auto-proxying)
2018-08-26 12:55:45.244 [main] INFO  o.s.c.s.PostProcessorRegistrationDelegate$BeanPostProcessorChecker - Bean 'getEhCacheManager' of type [org.apache.shiro.cache.ehcache.EhCacheManager] is not eligible for getting processed by all BeanPostProcessors (for example: not eligible for auto-proxying)
2018-08-26 12:55:45.247 [main] INFO  org.apache.shiro.cache.ehcache.EhCacheManager - Cache with name 'cn.yuchen.bigdate.rs.config.AuthRealm.authorizationCache' does not yet exist.  Creating now.
2018-08-26 12:55:45.267 [main] INFO  org.apache.shiro.cache.ehcache.EhCacheManager - Added EhCache named [cn.yuchen.bigdate.rs.config.AuthRealm.authorizationCache]
2018-08-26 12:55:45.303 [main] INFO  o.s.c.s.PostProcessorRegistrationDelegate$BeanPostProcessorChecker - Bean 'org.springframework.boot.context.properties.ConversionServiceDeducer$Factory' of type [org.springframework.boot.context.properties.ConversionServiceDeducer$Factory] is not eligible for getting processed by all BeanPostProcessors (for example: not eligible for auto-proxying)
2018-08-26 12:55:45.413 [main] INFO  o.s.c.s.PostProcessorRegistrationDelegate$BeanPostProcessorChecker - Bean 'mybatis-org.mybatis.spring.boot.autoconfigure.MybatisProperties' of type [org.mybatis.spring.boot.autoconfigure.MybatisProperties] is not eligible for getting processed by all BeanPostProcessors (for example: not eligible for auto-proxying)
2018-08-26 12:55:45.426 [main] INFO  o.s.c.s.PostProcessorRegistrationDelegate$BeanPostProcessorChecker - Bean 'org.mybatis.spring.boot.autoconfigure.MybatisAutoConfiguration' of type [org.mybatis.spring.boot.autoconfigure.MybatisAutoConfiguration$$EnhancerBySpringCGLIB$$565f914b] is not eligible for getting processed by all BeanPostProcessors (for example: not eligible for auto-proxying)
2018-08-26 12:55:45.429 [main] INFO  o.s.c.s.PostProcessorRegistrationDelegate$BeanPostProcessorChecker - Bean 'org.springframework.boot.autoconfigure.jdbc.DataSourceConfiguration$Hikari' of type [org.springframework.boot.autoconfigure.jdbc.DataSourceConfiguration$Hikari] is not eligible for getting processed by all BeanPostProcessors (for example: not eligible for auto-proxying)
2018-08-26 12:55:45.446 [main] INFO  o.s.c.s.PostProcessorRegistrationDelegate$BeanPostProcessorChecker - Bean 'spring.datasource-org.springframework.boot.autoconfigure.jdbc.DataSourceProperties' of type [org.springframework.boot.autoconfigure.jdbc.DataSourceProperties] is not eligible for getting processed by all BeanPostProcessors (for example: not eligible for auto-proxying)
2018-08-26 12:55:45.593 [main] INFO  o.s.c.s.PostProcessorRegistrationDelegate$BeanPostProcessorChecker - Bean 'dataSource' of type [com.zaxxer.hikari.HikariDataSource] is not eligible for getting processed by all BeanPostProcessors (for example: not eligible for auto-proxying)
2018-08-26 12:55:45.942 [main] INFO  o.s.c.s.PostProcessorRegistrationDelegate$BeanPostProcessorChecker - Bean 'sqlSessionFactory' of type [org.apache.ibatis.session.defaults.DefaultSqlSessionFactory] is not eligible for getting processed by all BeanPostProcessors (for example: not eligible for auto-proxying)
2018-08-26 12:55:45.950 [main] INFO  o.s.c.s.PostProcessorRegistrationDelegate$BeanPostProcessorChecker - Bean 'sqlSessionTemplate' of type [org.mybatis.spring.SqlSessionTemplate] is not eligible for getting processed by all BeanPostProcessors (for example: not eligible for auto-proxying)
2018-08-26 12:55:45.951 [main] INFO  o.s.c.s.PostProcessorRegistrationDelegate$BeanPostProcessorChecker - Bean 'sysUserDao' of type [org.mybatis.spring.mapper.MapperFactoryBean] is not eligible for getting processed by all BeanPostProcessors (for example: not eligible for auto-proxying)
2018-08-26 12:55:45.952 [main] INFO  o.s.c.s.PostProcessorRegistrationDelegate$BeanPostProcessorChecker - Bean 'sysUserDao' of type [com.sun.proxy.$Proxy65] is not eligible for getting processed by all BeanPostProcessors (for example: not eligible for auto-proxying)
2018-08-26 12:55:45.953 [main] INFO  o.s.c.s.PostProcessorRegistrationDelegate$BeanPostProcessorChecker - Bean 'sysUserServiceImpl' of type [cn.yuchen.bigdate.rs.service.sysmanage.service.impl.SysUserServiceImpl] is not eligible for getting processed by all BeanPostProcessors (for example: not eligible for auto-proxying)
2018-08-26 12:55:45.958 [main] INFO  o.s.c.s.PostProcessorRegistrationDelegate$BeanPostProcessorChecker - Bean 'sysPowerDao' of type [org.mybatis.spring.mapper.MapperFactoryBean] is not eligible for getting processed by all BeanPostProcessors (for example: not eligible for auto-proxying)
2018-08-26 12:55:45.959 [main] INFO  o.s.c.s.PostProcessorRegistrationDelegate$BeanPostProcessorChecker - Bean 'sysPowerDao' of type [com.sun.proxy.$Proxy67] is not eligible for getting processed by all BeanPostProcessors (for example: not eligible for auto-proxying)
2018-08-26 12:55:45.963 [main] INFO  o.s.c.s.PostProcessorRegistrationDelegate$BeanPostProcessorChecker - Bean 'sysRolePowerDao' of type [org.mybatis.spring.mapper.MapperFactoryBean] is not eligible for getting processed by all BeanPostProcessors (for example: not eligible for auto-proxying)
2018-08-26 12:55:45.964 [main] INFO  o.s.c.s.PostProcessorRegistrationDelegate$BeanPostProcessorChecker - Bean 'sysRolePowerDao' of type [com.sun.proxy.$Proxy68] is not eligible for getting processed by all BeanPostProcessors (for example: not eligible for auto-proxying)
2018-08-26 12:55:45.964 [main] INFO  o.s.c.s.PostProcessorRegistrationDelegate$BeanPostProcessorChecker - Bean 'sysRolePowerServiceImpl' of type [cn.yuchen.bigdate.rs.service.sysmanage.service.impl.SysRolePowerServiceImpl] is not eligible for getting processed by all BeanPostProcessors (for example: not eligible for auto-proxying)
2018-08-26 12:55:45.964 [main] INFO  o.s.c.s.PostProcessorRegistrationDelegate$BeanPostProcessorChecker - Bean 'sysPowerServiceImpl' of type [cn.yuchen.bigdate.rs.service.sysmanage.service.impl.SysPowerServiceImpl] is not eligible for getting processed by all BeanPostProcessors (for example: not eligible for auto-proxying)
2018-08-26 12:55:45.970 [main] INFO  o.s.c.s.PostProcessorRegistrationDelegate$BeanPostProcessorChecker - Bean 'sysRoleDao' of type [org.mybatis.spring.mapper.MapperFactoryBean] is not eligible for getting processed by all BeanPostProcessors (for example: not eligible for auto-proxying)
2018-08-26 12:55:45.971 [main] INFO  o.s.c.s.PostProcessorRegistrationDelegate$BeanPostProcessorChecker - Bean 'sysRoleDao' of type [com.sun.proxy.$Proxy69] is not eligible for getting processed by all BeanPostProcessors (for example: not eligible for auto-proxying)
2018-08-26 12:55:45.975 [main] INFO  o.s.c.s.PostProcessorRegistrationDelegate$BeanPostProcessorChecker - Bean 'sysUserRoleDao' of type [org.mybatis.spring.mapper.MapperFactoryBean] is not eligible for getting processed by all BeanPostProcessors (for example: not eligible for auto-proxying)
2018-08-26 12:55:45.976 [main] INFO  o.s.c.s.PostProcessorRegistrationDelegate$BeanPostProcessorChecker - Bean 'sysUserRoleDao' of type [com.sun.proxy.$Proxy70] is not eligible for getting processed by all BeanPostProcessors (for example: not eligible for auto-proxying)
2018-08-26 12:55:45.976 [main] INFO  o.s.c.s.PostProcessorRegistrationDelegate$BeanPostProcessorChecker - Bean 'sysUserRoleServiceImpl' of type [cn.yuchen.bigdate.rs.service.sysmanage.service.impl.SysUserRoleServiceImpl] is not eligible for getting processed by all BeanPostProcessors (for example: not eligible for auto-proxying)
2018-08-26 12:55:45.976 [main] INFO  o.s.c.s.PostProcessorRegistrationDelegate$BeanPostProcessorChecker - Bean 'sysRoleServiceImpl' of type [cn.yuchen.bigdate.rs.service.sysmanage.service.impl.SysRoleServiceImpl] is not eligible for getting processed by all BeanPostProcessors (for example: not eligible for auto-proxying)
2018-08-26 12:55:45.977 [main] INFO  o.s.c.s.PostProcessorRegistrationDelegate$BeanPostProcessorChecker - Bean 'authRealm' of type [cn.yuchen.bigdate.rs.config.AuthRealm] is not eligible for getting processed by all BeanPostProcessors (for example: not eligible for auto-proxying)
2018-08-26 12:55:46.379 [main] INFO  o.s.c.s.PostProcessorRegistrationDelegate$BeanPostProcessorChecker - Bean 'securityManager' of type [org.apache.shiro.web.mgt.DefaultWebSecurityManager] is not eligible for getting processed by all BeanPostProcessors (for example: not eligible for auto-proxying)
2018-08-26 12:55:46.457 [main] INFO  o.s.c.s.PostProcessorRegistrationDelegate$BeanPostProcessorChecker - Bean 'org.springframework.transaction.annotation.ProxyTransactionManagementConfiguration' of type [org.springframework.transaction.annotation.ProxyTransactionManagementConfiguration$$EnhancerBySpringCGLIB$$238b401b] is not eligible for getting processed by all BeanPostProcessors (for example: not eligible for auto-proxying)
2018-08-26 12:55:46.470 [main] INFO  o.s.c.s.PostProcessorRegistrationDelegate$BeanPostProcessorChecker - Bean 'getAuthorizationAttributeSourceAdvisor' of type [org.apache.shiro.spring.security.interceptor.AuthorizationAttributeSourceAdvisor] is not eligible for getting processed by all BeanPostProcessors (for example: not eligible for auto-proxying)
2018-08-26 12:55:46.761 [main] INFO  o.s.boot.web.embedded.tomcat.TomcatWebServer - Tomcat initialized with port(s): 8080 (http)
2018-08-26 12:55:46.772 [main] INFO  org.apache.coyote.http11.Http11NioProtocol - Initializing ProtocolHandler ["http-nio-8080"]
2018-08-26 12:55:46.781 [main] INFO  org.apache.catalina.core.StandardService - Starting service [Tomcat]
2018-08-26 12:55:46.781 [main] INFO  org.apache.catalina.core.StandardEngine - Starting Servlet Engine: Apache Tomcat/8.5.31
2018-08-26 12:55:46.785 [localhost-startStop-1] INFO  org.apache.catalina.core.AprLifecycleListener - The APR based Apache Tomcat Native library which allows optimal performance in production environments was not found on the java.library.path: [E:\java_evn\java_JDK\bin;C:\WINDOWS\Sun\Java\bin;C:\WINDOWS\system32;C:\WINDOWS;C:\Program Files (x86)\Intel\Intel(R) Management Engine Components\iCLS\;C:\Program Files\Intel\Intel(R) Management Engine Components\iCLS\;C:\Program Files (x86)\Common Files\Oracle\Java\javapath;C:\WINDOWS\system32;C:\WINDOWS;C:\WINDOWS\System32\Wbem;C:\WINDOWS\System32\WindowsPowerShell\v1.0\;E:\java_evn\java_JDK\bin;E:\java_evn\java_JDK\jre\bin;E:\java_evn\Git\Git\cmd;E:\java_evn\Maven\apache-maven-3.5.0\bin\;C:\Program Files (x86)\Intel\Intel(R) Management Engine Components\DAL;C:\Program Files\Intel\Intel(R) Management Engine Components\DAL;C:\Program Files (x86)\Intel\Intel(R) Management Engine Components\IPT;C:\Program Files\Intel\Intel(R) Management Engine Components\IPT;C:\Program Files (x86)\MySQL\MySQL Utilities 1.6\;C:\WINDOWS\System32\OpenSSH\;E:\java_evn\svn\bin;C:\Users\wzx\AppData\Local\Microsoft\WindowsApps;;.]
2018-08-26 12:55:46.887 [localhost-startStop-1] INFO  o.a.c.c.ContainerBase.[Tomcat].[localhost].[/test] - Initializing Spring embedded WebApplicationContext
2018-08-26 12:55:46.888 [localhost-startStop-1] INFO  org.springframework.web.context.ContextLoader - Root WebApplicationContext: initialization completed in 3032 ms
2018-08-26 12:55:47.092 [localhost-startStop-1] INFO  o.s.boot.web.servlet.ServletRegistrationBean - Servlet dispatcherServlet mapped to [/]
2018-08-26 12:55:47.098 [localhost-startStop-1] INFO  o.s.boot.web.servlet.FilterRegistrationBean - Mapping filter: 'characterEncodingFilter' to: [/*]
2018-08-26 12:55:47.098 [localhost-startStop-1] INFO  o.s.boot.web.servlet.FilterRegistrationBean - Mapping filter: 'hiddenHttpMethodFilter' to: [/*]
2018-08-26 12:55:47.098 [localhost-startStop-1] INFO  o.s.boot.web.servlet.FilterRegistrationBean - Mapping filter: 'httpPutFormContentFilter' to: [/*]
2018-08-26 12:55:47.098 [localhost-startStop-1] INFO  o.s.boot.web.servlet.FilterRegistrationBean - Mapping filter: 'requestContextFilter' to: [/*]
2018-08-26 12:55:47.098 [localhost-startStop-1] INFO  o.s.boot.web.servlet.FilterRegistrationBean - Mapping filter: 'shiroFilter' to: [/*]
2018-08-26 12:55:47.526 [main] INFO  org.mongodb.driver.cluster - Cluster created with settings {hosts=[192.168.100.188:27017], mode=SINGLE, requiredClusterType=UNKNOWN, serverSelectionTimeout='30000 ms', maxWaitQueueSize=500}
2018-08-26 12:55:47.636 [cluster-ClusterId{value='5b8232d322c0ff2714d86b9d', description='null'}-192.168.100.188:27017] INFO  org.mongodb.driver.connection - Opened connection [connectionId{localValue:1, serverValue:1477}] to 192.168.100.188:27017
2018-08-26 12:55:47.640 [cluster-ClusterId{value='5b8232d322c0ff2714d86b9d', description='null'}-192.168.100.188:27017] INFO  org.mongodb.driver.cluster - Monitor thread successfully connected to server with description ServerDescription{address=192.168.100.188:27017, type=STANDALONE, state=CONNECTED, ok=true, version=ServerVersion{versionList=[3, 6, 1]}, minWireVersion=0, maxWireVersion=6, maxDocumentSize=16777216, logicalSessionTimeoutMinutes=30, roundTripTimeNanos=2454868}
2018-08-26 12:55:48.545 [main] INFO  o.s.web.servlet.handler.SimpleUrlHandlerMapping - Mapped URL path [/**/favicon.ico] onto handler of type [class org.springframework.web.servlet.resource.ResourceHttpRequestHandler]
2018-08-26 12:55:48.849 [main] INFO  o.s.w.s.m.m.a.RequestMappingHandlerAdapter - Looking for @ControllerAdvice: org.springframework.boot.web.servlet.context.AnnotationConfigServletWebServerApplicationContext@3f9342d4: startup date [Sun Aug 26 12:55:43 CST 2018]; root of context hierarchy
2018-08-26 12:55:48.915 [main] INFO  o.s.w.s.m.m.a.RequestMappingHandlerMapping - Mapped "{[/eventbase/add],methods=[POST]}" onto public cn.yuchen.bigdate.rs.utility.ResponseResult<java.lang.Boolean> cn.yuchen.bigdate.rs.service.information.controller.EventBaseInformationController.add(cn.yuchen.bigdate.rs.service.information.pojo.po.EventBasePoWithBLOBs)
2018-08-26 12:55:48.916 [main] INFO  o.s.w.s.m.m.a.RequestMappingHandlerMapping - Mapped "{[/eventbase/update],methods=[POST]}" onto public cn.yuchen.bigdate.rs.utility.ResponseResult<java.lang.Boolean> cn.yuchen.bigdate.rs.service.information.controller.EventBaseInformationController.update(cn.yuchen.bigdate.rs.service.information.pojo.po.EventBasePoWithBLOBs)
2018-08-26 12:55:48.916 [main] INFO  o.s.w.s.m.m.a.RequestMappingHandlerMapping - Mapped "{[/eventbase/find/{nid}],methods=[POST]}" onto public cn.yuchen.bigdate.rs.utility.ResponseResult<cn.yuchen.bigdate.rs.service.information.pojo.po.EventBasePoWithBLOBs> cn.yuchen.bigdate.rs.service.information.controller.EventBaseInformationController.findById(java.lang.String)
2018-08-26 12:55:48.917 [main] INFO  o.s.w.s.m.m.a.RequestMappingHandlerMapping - Mapped "{[/gtd/import],methods=[POST]}" onto public cn.yuchen.bigdate.rs.utility.ResponseResult<java.lang.Boolean> cn.yuchen.bigdate.rs.service.information.controller.GtdInformationController.importData(org.springframework.web.multipart.MultipartFile) throws java.text.ParseException
2018-08-26 12:55:48.918 [main] INFO  o.s.w.s.m.m.a.RequestMappingHandlerMapping - Mapped "{[/gtd/findbypage],methods=[POST]}" onto public cn.yuchen.bigdate.rs.utility.ResponseResult<com.github.pagehelper.PageInfo<cn.yuchen.bigdate.rs.service.information.pojo.po.GtdPo>> cn.yuchen.bigdate.rs.service.information.controller.GtdInformationController.findByPage(cn.yuchen.bigdate.rs.service.information.pojo.webpo.GtdPage)
2018-08-26 12:55:48.919 [main] INFO  o.s.w.s.m.m.a.RequestMappingHandlerMapping - Mapped "{[/news/update],methods=[POST]}" onto public cn.yuchen.bigdate.rs.utility.ResponseResult<com.mongodb.client.result.UpdateResult> cn.yuchen.bigdate.rs.service.information.controller.NewsInformationController.update(cn.yuchen.bigdate.rs.service.information.pojo.mogopo.news.Tagdata)
2018-08-26 12:55:48.919 [main] INFO  o.s.w.s.m.m.a.RequestMappingHandlerMapping - Mapped "{[/news/findbyid/{id}],methods=[POST]}" onto public cn.yuchen.bigdate.rs.utility.ResponseResult<cn.yuchen.bigdate.rs.service.information.pojo.mogopo.news.Tagdata> cn.yuchen.bigdate.rs.service.information.controller.NewsInformationController.findById(java.lang.String)
2018-08-26 12:55:48.920 [main] INFO  o.s.w.s.m.m.a.RequestMappingHandlerMapping - Mapped "{[/news/findbypage],methods=[POST]}" onto public cn.yuchen.bigdate.rs.utility.ResponseResult<java.util.List<cn.yuchen.bigdate.rs.service.information.pojo.mogopo.news.Tagdata>> cn.yuchen.bigdate.rs.service.information.controller.NewsInformationController.findByPage(cn.yuchen.bigdate.rs.service.information.pojo.webpo.NewsWeb)
2018-08-26 12:55:48.920 [main] INFO  o.s.w.s.m.m.a.RequestMappingHandlerMapping - Mapped "{[/news/updateone/{id}],methods=[POST]}" onto public cn.yuchen.bigdate.rs.utility.ResponseResult<com.mongodb.client.result.UpdateResult> cn.yuchen.bigdate.rs.service.information.controller.NewsInformationController.updateOneById(java.lang.String)
2018-08-26 12:55:48.920 [main] INFO  o.s.w.s.m.m.a.RequestMappingHandlerMapping - Mapped "{[/news/updatetwo/{id}],methods=[POST]}" onto public cn.yuchen.bigdate.rs.utility.ResponseResult<com.mongodb.client.result.UpdateResult> cn.yuchen.bigdate.rs.service.information.controller.NewsInformationController.updatetwoById(java.lang.String)
2018-08-26 12:55:48.922 [main] INFO  o.s.w.s.m.m.a.RequestMappingHandlerMapping - Mapped "{[/model/add],methods=[POST]}" onto public cn.yuchen.bigdate.rs.utility.ResponseResult<java.lang.Boolean> cn.yuchen.bigdate.rs.service.model.controller.ModelController.add(cn.yuchen.bigdate.rs.service.model.pojo.vo.ModelVo)
2018-08-26 12:55:48.923 [main] INFO  o.s.w.s.m.m.a.RequestMappingHandlerMapping - Mapped "{[/model/update],methods=[POST]}" onto public cn.yuchen.bigdate.rs.utility.ResponseResult<java.lang.Boolean> cn.yuchen.bigdate.rs.service.model.controller.ModelController.update(cn.yuchen.bigdate.rs.service.model.pojo.vo.ModelVo)
2018-08-26 12:55:48.924 [main] INFO  o.s.w.s.m.m.a.RequestMappingHandlerMapping - Mapped "{[/model/delete/{id}],methods=[POST]}" onto public cn.yuchen.bigdate.rs.utility.ResponseResult<java.lang.Boolean> cn.yuchen.bigdate.rs.service.model.controller.ModelController.delete(java.lang.Long)
2018-08-26 12:55:48.924 [main] INFO  o.s.w.s.m.m.a.RequestMappingHandlerMapping - Mapped "{[/model/find/{id}],methods=[POST]}" onto public cn.yuchen.bigdate.rs.utility.ResponseResult<cn.yuchen.bigdate.rs.service.model.pojo.vo.ModelVo> cn.yuchen.bigdate.rs.service.model.controller.ModelController.findById(java.lang.Long)
2018-08-26 12:55:48.924 [main] INFO  o.s.w.s.m.m.a.RequestMappingHandlerMapping - Mapped "{[/model/findbypage],methods=[POST]}" onto public cn.yuchen.bigdate.rs.utility.ResponseResult<com.github.pagehelper.PageInfo<cn.yuchen.bigdate.rs.service.model.pojo.vo.ModelVo>> cn.yuchen.bigdate.rs.service.model.controller.ModelController.findByPage(cn.yuchen.bigdate.rs.service.model.pojo.webvo.ModelPageVo)
2018-08-26 12:55:48.928 [main] INFO  o.s.w.s.m.m.a.RequestMappingHandlerMapping - Mapped "{[/modelmethod/add],methods=[POST]}" onto public cn.yuchen.bigdate.rs.utility.ResponseResult<java.lang.Boolean> cn.yuchen.bigdate.rs.service.model.controller.ModelMethodController.add(cn.yuchen.bigdate.rs.service.model.pojo.webvo.ModelMethodParameterVo)
2018-08-26 12:55:48.930 [main] INFO  o.s.w.s.m.m.a.RequestMappingHandlerMapping - Mapped "{[/modelmethod/update],methods=[POST]}" onto public cn.yuchen.bigdate.rs.utility.ResponseResult<java.lang.Boolean> cn.yuchen.bigdate.rs.service.model.controller.ModelMethodController.update(cn.yuchen.bigdate.rs.service.model.pojo.webvo.ModelMethodParameterVo)
2018-08-26 12:55:48.931 [main] INFO  o.s.w.s.m.m.a.RequestMappingHandlerMapping - Mapped "{[/modelmethod/delete/{id}],methods=[POST]}" onto public cn.yuchen.bigdate.rs.utility.ResponseResult<java.lang.Boolean> cn.yuchen.bigdate.rs.service.model.controller.ModelMethodController.delete(java.lang.Long)
2018-08-26 12:55:48.931 [main] INFO  o.s.w.s.m.m.a.RequestMappingHandlerMapping - Mapped "{[/modelmethod/findall],methods=[POST]}" onto public cn.yuchen.bigdate.rs.utility.ResponseResult<com.github.pagehelper.PageInfo<cn.yuchen.bigdate.rs.service.model.pojo.webvo.ModelMethodParameterVo>> cn.yuchen.bigdate.rs.service.model.controller.ModelMethodController.findAll(cn.yuchen.bigdate.rs.service.model.pojo.webvo.ModelPageVo)
2018-08-26 12:55:48.932 [main] INFO  o.s.w.s.m.m.a.RequestMappingHandlerMapping - Mapped "{[/modelmethod/findbypage],methods=[POST]}" onto public cn.yuchen.bigdate.rs.utility.ResponseResult<com.github.pagehelper.PageInfo<cn.yuchen.bigdate.rs.service.model.pojo.vo.ModelMethodVo>> cn.yuchen.bigdate.rs.service.model.controller.ModelMethodController.findByPage(cn.yuchen.bigdate.rs.service.model.pojo.webvo.ModelPageVo)
2018-08-26 12:55:48.932 [main] INFO  o.s.w.s.m.m.a.RequestMappingHandlerMapping - Mapped "{[/modelmethod/find/{id}],methods=[POST]}" onto public cn.yuchen.bigdate.rs.utility.ResponseResult<cn.yuchen.bigdate.rs.service.model.pojo.vo.ModelMethodVo> cn.yuchen.bigdate.rs.service.model.controller.ModelMethodController.findByPage(java.lang.Long)
2018-08-26 12:55:48.932 [main] INFO  o.s.w.s.m.m.a.RequestMappingHandlerMapping - Mapped "{[/modelmethod/findmmpvo/{id}],methods=[POST]}" onto public cn.yuchen.bigdate.rs.utility.ResponseResult<cn.yuchen.bigdate.rs.service.model.pojo.webvo.ModelMethodParameterVo> cn.yuchen.bigdate.rs.service.model.controller.ModelMethodController.findModelMethodParameterVoByMethodId(java.lang.Long)
2018-08-26 12:55:48.934 [main] INFO  o.s.w.s.m.m.a.RequestMappingHandlerMapping - Mapped "{[/modelmodule/add],methods=[POST]}" onto public cn.yuchen.bigdate.rs.utility.ResponseResult<java.lang.Boolean> cn.yuchen.bigdate.rs.service.model.controller.ModelModuleController.add(cn.yuchen.bigdate.rs.service.model.pojo.vo.ModelModuleVo)
2018-08-26 12:55:48.934 [main] INFO  o.s.w.s.m.m.a.RequestMappingHandlerMapping - Mapped "{[/modelmodule/update],methods=[POST]}" onto public cn.yuchen.bigdate.rs.utility.ResponseResult<java.lang.Boolean> cn.yuchen.bigdate.rs.service.model.controller.ModelModuleController.update(cn.yuchen.bigdate.rs.service.model.pojo.vo.ModelModuleVo)
2018-08-26 12:55:48.934 [main] INFO  o.s.w.s.m.m.a.RequestMappingHandlerMapping - Mapped "{[/modelmodule/delete/{id}],methods=[POST]}" onto public cn.yuchen.bigdate.rs.utility.ResponseResult<java.lang.Boolean> cn.yuchen.bigdate.rs.service.model.controller.ModelModuleController.delete(java.lang.Long)
2018-08-26 12:55:48.935 [main] INFO  o.s.w.s.m.m.a.RequestMappingHandlerMapping - Mapped "{[/modelmodule/findall],methods=[POST]}" onto public cn.yuchen.bigdate.rs.utility.ResponseResult<java.util.List<cn.yuchen.bigdate.rs.service.model.pojo.vo.ModelModuleVo>> cn.yuchen.bigdate.rs.service.model.controller.ModelModuleController.findAll()
2018-08-26 12:55:48.935 [main] INFO  o.s.w.s.m.m.a.RequestMappingHandlerMapping - Mapped "{[/modelmodule/findbypage],methods=[POST]}" onto public cn.yuchen.bigdate.rs.utility.ResponseResult<com.github.pagehelper.PageInfo<cn.yuchen.bigdate.rs.service.model.pojo.vo.ModelModuleVo>> cn.yuchen.bigdate.rs.service.model.controller.ModelModuleController.findByPage(cn.yuchen.bigdate.rs.service.model.pojo.webvo.ModelPageVo)
2018-08-26 12:55:48.936 [main] INFO  o.s.w.s.m.m.a.RequestMappingHandlerMapping - Mapped "{[/modelparameter/add],methods=[POST]}" onto public cn.yuchen.bigdate.rs.utility.ResponseResult<java.lang.Boolean> cn.yuchen.bigdate.rs.service.model.controller.ModelParameterController.add(cn.yuchen.bigdate.rs.service.model.pojo.vo.ModelParameterVo)
2018-08-26 12:55:48.936 [main] INFO  o.s.w.s.m.m.a.RequestMappingHandlerMapping - Mapped "{[/modelparameter/update],methods=[POST]}" onto public cn.yuchen.bigdate.rs.utility.ResponseResult<java.lang.Boolean> cn.yuchen.bigdate.rs.service.model.controller.ModelParameterController.update(cn.yuchen.bigdate.rs.service.model.pojo.vo.ModelParameterVo)
2018-08-26 12:55:48.936 [main] INFO  o.s.w.s.m.m.a.RequestMappingHandlerMapping - Mapped "{[/modelparameter/delete/{id}],methods=[POST]}" onto public cn.yuchen.bigdate.rs.utility.ResponseResult<java.lang.Boolean> cn.yuchen.bigdate.rs.service.model.controller.ModelParameterController.delete(java.lang.Long)
2018-08-26 12:55:48.937 [main] INFO  o.s.w.s.m.m.a.RequestMappingHandlerMapping - Mapped "{[/modelparameter/find/{id}],methods=[POST]}" onto public cn.yuchen.bigdate.rs.utility.ResponseResult<cn.yuchen.bigdate.rs.service.model.pojo.vo.ModelParameterVo> cn.yuchen.bigdate.rs.service.model.controller.ModelParameterController.findByPage(java.lang.Long)
2018-08-26 12:55:48.938 [main] INFO  o.s.w.s.m.m.a.RequestMappingHandlerMapping - Mapped "{[/log/add],methods=[POST]}" onto public cn.yuchen.bigdate.rs.utility.ResponseResult<java.lang.Boolean> cn.yuchen.bigdate.rs.service.operatedlog.controller.OperatedLogController.add(cn.yuchen.bigdate.rs.service.operatedlog.pojo.vo.OperatedLogVo)
2018-08-26 12:55:48.939 [main] INFO  o.s.w.s.m.m.a.RequestMappingHandlerMapping - Mapped "{[/log/findByPage],methods=[POST]}" onto public cn.yuchen.bigdate.rs.utility.ResponseResult<com.github.pagehelper.PageInfo<cn.yuchen.bigdate.rs.service.operatedlog.pojo.vo.OperatedLogVo>> cn.yuchen.bigdate.rs.service.operatedlog.controller.OperatedLogController.findByPage(cn.yuchen.bigdate.rs.service.operatedlog.pojo.vo.OperatedLogVo)
2018-08-26 12:55:48.941 [main] INFO  o.s.w.s.m.m.a.RequestMappingHandlerMapping - Mapped "{[/helloshiro],methods=[GET]}" onto public cn.yuchen.bigdate.rs.utility.ResponseResult<java.lang.String> cn.yuchen.bigdate.rs.service.sysmanage.controller.LoginController.test()
2018-08-26 12:55:48.941 [main] INFO  o.s.w.s.m.m.a.RequestMappingHandlerMapping - Mapped "{[/gologin],methods=[GET]}" onto public cn.yuchen.bigdate.rs.utility.ResponseResult<java.lang.String> cn.yuchen.bigdate.rs.service.sysmanage.controller.LoginController.goLogin()
2018-08-26 12:55:48.942 [main] INFO  o.s.w.s.m.m.a.RequestMappingHandlerMapping - Mapped "{[/login],methods=[POST]}" onto public cn.yuchen.bigdate.rs.utility.ResponseResult<java.lang.String> cn.yuchen.bigdate.rs.service.sysmanage.controller.LoginController.login(cn.yuchen.bigdate.rs.service.sysmanage.pojo.vo.SysUserVo)
2018-08-26 12:55:48.942 [main] INFO  o.s.w.s.m.m.a.RequestMappingHandlerMapping - Mapped "{[/success],methods=[GET]}" onto public cn.yuchen.bigdate.rs.utility.ResponseResult<java.lang.String> cn.yuchen.bigdate.rs.service.sysmanage.controller.LoginController.loginsucces()
2018-08-26 12:55:48.942 [main] INFO  o.s.w.s.m.m.a.RequestMappingHandlerMapping - Mapped "{[/denied],methods=[GET]}" onto public cn.yuchen.bigdate.rs.utility.ResponseResult<java.lang.String> cn.yuchen.bigdate.rs.service.sysmanage.controller.LoginController.denied()
2018-08-26 12:55:48.943 [main] INFO  o.s.w.s.m.m.a.RequestMappingHandlerMapping - Mapped "{[/syspower/add],methods=[POST]}" onto public cn.yuchen.bigdate.rs.utility.ResponseResult<java.lang.Boolean> cn.yuchen.bigdate.rs.service.sysmanage.controller.SysPowerController.add(cn.yuchen.bigdate.rs.service.sysmanage.pojo.vo.SysPowerVo)
2018-08-26 12:55:48.944 [main] INFO  o.s.w.s.m.m.a.RequestMappingHandlerMapping - Mapped "{[/syspower/update],methods=[POST]}" onto public cn.yuchen.bigdate.rs.utility.ResponseResult<java.lang.Boolean> cn.yuchen.bigdate.rs.service.sysmanage.controller.SysPowerController.update(cn.yuchen.bigdate.rs.service.sysmanage.pojo.vo.SysPowerVo)
2018-08-26 12:55:48.944 [main] INFO  o.s.w.s.m.m.a.RequestMappingHandlerMapping - Mapped "{[/syspower/delete/{id}],methods=[POST]}" onto public cn.yuchen.bigdate.rs.utility.ResponseResult<java.lang.Boolean> cn.yuchen.bigdate.rs.service.sysmanage.controller.SysPowerController.delete(java.lang.Long)
2018-08-26 12:55:48.945 [main] INFO  o.s.w.s.m.m.a.RequestMappingHandlerMapping - Mapped "{[/syspower/find/{id}],methods=[POST]}" onto public cn.yuchen.bigdate.rs.utility.ResponseResult<cn.yuchen.bigdate.rs.service.sysmanage.pojo.vo.SysPowerVo> cn.yuchen.bigdate.rs.service.sysmanage.controller.SysPowerController.findById(java.lang.Long)
2018-08-26 12:55:48.945 [main] INFO  o.s.w.s.m.m.a.RequestMappingHandlerMapping - Mapped "{[/syspower/findbypage],methods=[POST]}" onto public cn.yuchen.bigdate.rs.utility.ResponseResult<com.github.pagehelper.PageInfo<cn.yuchen.bigdate.rs.service.sysmanage.pojo.vo.SysPowerVo>> cn.yuchen.bigdate.rs.service.sysmanage.controller.SysPowerController.findByPage(cn.yuchen.bigdate.rs.service.sysmanage.pojo.webvo.SysPageVo)
2018-08-26 12:55:48.946 [main] INFO  o.s.w.s.m.m.a.RequestMappingHandlerMapping - Mapped "{[/sysrole/add],methods=[POST]}" onto public cn.yuchen.bigdate.rs.utility.ResponseResult<java.lang.Boolean> cn.yuchen.bigdate.rs.service.sysmanage.controller.SysRoleController.add(cn.yuchen.bigdate.rs.service.sysmanage.pojo.vo.SysRoleVo)
2018-08-26 12:55:48.947 [main] INFO  o.s.w.s.m.m.a.RequestMappingHandlerMapping - Mapped "{[/sysrole/update],methods=[POST]}" onto public cn.yuchen.bigdate.rs.utility.ResponseResult<java.lang.Boolean> cn.yuchen.bigdate.rs.service.sysmanage.controller.SysRoleController.update(cn.yuchen.bigdate.rs.service.sysmanage.pojo.vo.SysRoleVo)
2018-08-26 12:55:48.947 [main] INFO  o.s.w.s.m.m.a.RequestMappingHandlerMapping - Mapped "{[/sysrole/delete/{id}],methods=[POST]}" onto public cn.yuchen.bigdate.rs.utility.ResponseResult<java.lang.Boolean> cn.yuchen.bigdate.rs.service.sysmanage.controller.SysRoleController.delete(java.lang.Long)
2018-08-26 12:55:48.947 [main] INFO  o.s.w.s.m.m.a.RequestMappingHandlerMapping - Mapped "{[/sysrole/find/{id}],methods=[POST]}" onto public cn.yuchen.bigdate.rs.utility.ResponseResult<cn.yuchen.bigdate.rs.service.sysmanage.pojo.vo.SysRoleVo> cn.yuchen.bigdate.rs.service.sysmanage.controller.SysRoleController.findById(java.lang.Long)
2018-08-26 12:55:48.948 [main] INFO  o.s.w.s.m.m.a.RequestMappingHandlerMapping - Mapped "{[/sysrole/findbypage],methods=[POST]}" onto public cn.yuchen.bigdate.rs.utility.ResponseResult<com.github.pagehelper.PageInfo<cn.yuchen.bigdate.rs.service.sysmanage.pojo.vo.SysRoleVo>> cn.yuchen.bigdate.rs.service.sysmanage.controller.SysRoleController.findByPage(cn.yuchen.bigdate.rs.service.sysmanage.pojo.webvo.SysPageVo)
2018-08-26 12:55:48.948 [main] INFO  o.s.w.s.m.m.a.RequestMappingHandlerMapping - Mapped "{[/sysrolepower/add],methods=[POST]}" onto public cn.yuchen.bigdate.rs.utility.ResponseResult<java.lang.Boolean> cn.yuchen.bigdate.rs.service.sysmanage.controller.SysRolePowerController.add(cn.yuchen.bigdate.rs.service.sysmanage.pojo.vo.SysRolePowerVo)
2018-08-26 12:55:48.949 [main] INFO  o.s.w.s.m.m.a.RequestMappingHandlerMapping - Mapped "{[/sysrolepower/delete/{id}],methods=[POST]}" onto public cn.yuchen.bigdate.rs.utility.ResponseResult<java.lang.Boolean> cn.yuchen.bigdate.rs.service.sysmanage.controller.SysRolePowerController.delete(java.lang.Long)
2018-08-26 12:55:48.949 [main] INFO  o.s.w.s.m.m.a.RequestMappingHandlerMapping - Mapped "{[/sysrolepower/find/{id}],methods=[POST]}" onto public cn.yuchen.bigdate.rs.utility.ResponseResult<java.util.List<cn.yuchen.bigdate.rs.service.sysmanage.pojo.vo.SysRolePowerVo>> cn.yuchen.bigdate.rs.service.sysmanage.controller.SysRolePowerController.findByUserId(java.lang.Long)
2018-08-26 12:55:48.950 [main] INFO  o.s.w.s.m.m.a.RequestMappingHandlerMapping - Mapped "{[/sysuser/add],methods=[POST]}" onto public cn.yuchen.bigdate.rs.utility.ResponseResult<java.lang.Boolean> cn.yuchen.bigdate.rs.service.sysmanage.controller.SysUserController.add(cn.yuchen.bigdate.rs.service.sysmanage.pojo.vo.SysUserVo)
2018-08-26 12:55:48.951 [main] INFO  o.s.w.s.m.m.a.RequestMappingHandlerMapping - Mapped "{[/sysuser/init/{id}],methods=[POST]}" onto public cn.yuchen.bigdate.rs.utility.ResponseResult<java.lang.Boolean> cn.yuchen.bigdate.rs.service.sysmanage.controller.SysUserController.update(java.lang.Long)
2018-08-26 12:55:48.951 [main] INFO  o.s.w.s.m.m.a.RequestMappingHandlerMapping - Mapped "{[/sysuser/update],methods=[POST]}" onto public cn.yuchen.bigdate.rs.utility.ResponseResult<java.lang.Boolean> cn.yuchen.bigdate.rs.service.sysmanage.controller.SysUserController.update(cn.yuchen.bigdate.rs.service.sysmanage.pojo.vo.SysUserVo)
2018-08-26 12:55:48.951 [main] INFO  o.s.w.s.m.m.a.RequestMappingHandlerMapping - Mapped "{[/sysuser/delete/{id}],methods=[POST]}" onto public cn.yuchen.bigdate.rs.utility.ResponseResult<java.lang.Boolean> cn.yuchen.bigdate.rs.service.sysmanage.controller.SysUserController.delete(java.lang.Long)
2018-08-26 12:55:48.952 [main] INFO  o.s.w.s.m.m.a.RequestMappingHandlerMapping - Mapped "{[/sysuser/find/{id}],methods=[POST]}" onto public cn.yuchen.bigdate.rs.utility.ResponseResult<cn.yuchen.bigdate.rs.service.sysmanage.pojo.vo.SysUserVo> cn.yuchen.bigdate.rs.service.sysmanage.controller.SysUserController.findById(java.lang.Long)
2018-08-26 12:55:48.952 [main] INFO  o.s.w.s.m.m.a.RequestMappingHandlerMapping - Mapped "{[/sysuser/findbypage],methods=[POST]}" onto public cn.yuchen.bigdate.rs.utility.ResponseResult<com.github.pagehelper.PageInfo<cn.yuchen.bigdate.rs.service.sysmanage.pojo.vo.SysUserVo>> cn.yuchen.bigdate.rs.service.sysmanage.controller.SysUserController.findByPage(cn.yuchen.bigdate.rs.service.sysmanage.pojo.webvo.SysPageVo)
2018-08-26 12:55:48.953 [main] INFO  o.s.w.s.m.m.a.RequestMappingHandlerMapping - Mapped "{[/sysuserrole/add],methods=[POST]}" onto public cn.yuchen.bigdate.rs.utility.ResponseResult<java.lang.Boolean> cn.yuchen.bigdate.rs.service.sysmanage.controller.SysUserRoleController.add(cn.yuchen.bigdate.rs.service.sysmanage.pojo.vo.SysUserRoleVo)
2018-08-26 12:55:48.954 [main] INFO  o.s.w.s.m.m.a.RequestMappingHandlerMapping - Mapped "{[/sysuserrole/delete/{id}],methods=[POST]}" onto public cn.yuchen.bigdate.rs.utility.ResponseResult<java.lang.Boolean> cn.yuchen.bigdate.rs.service.sysmanage.controller.SysUserRoleController.delete(java.lang.Long)
2018-08-26 12:55:48.954 [main] INFO  o.s.w.s.m.m.a.RequestMappingHandlerMapping - Mapped "{[/sysuserrole/find/{id}],methods=[POST]}" onto public cn.yuchen.bigdate.rs.utility.ResponseResult<java.util.List<cn.yuchen.bigdate.rs.service.sysmanage.pojo.vo.SysUserRoleVo>> cn.yuchen.bigdate.rs.service.sysmanage.controller.SysUserRoleController.findByUserId(java.lang.Long)
2018-08-26 12:55:48.956 [main] INFO  o.s.w.s.m.m.a.RequestMappingHandlerMapping - Mapped "{[/user/getSolr/{id}],methods=[GET]}" onto public cn.yuchen.bigdate.rs.utility.ResponseResult<cn.yuchen.bigdate.rs.usermanagement.pojo.vo.UserVo> cn.yuchen.bigdate.rs.usermanagement.controller.UserController.findUserVoFromSolr(java.lang.Integer) throws java.io.IOException,org.apache.solr.client.solrj.SolrServerException
2018-08-26 12:55:48.956 [main] INFO  o.s.w.s.m.m.a.RequestMappingHandlerMapping - Mapped "{[/user/add],methods=[POST]}" onto public cn.yuchen.bigdate.rs.utility.ResponseResult<java.lang.Boolean> cn.yuchen.bigdate.rs.usermanagement.controller.UserController.addUser(cn.yuchen.bigdate.rs.usermanagement.pojo.vo.UserVo)
2018-08-26 12:55:48.957 [main] INFO  o.s.w.s.m.m.a.RequestMappingHandlerMapping - Mapped "{[/user/findDB],methods=[POST]}" onto public cn.yuchen.bigdate.rs.utility.ResponseResult<java.util.List<cn.yuchen.bigdate.rs.usermanagement.pojo.po.UserPo>> cn.yuchen.bigdate.rs.usermanagement.controller.UserController.findUserForDB()
2018-08-26 12:55:48.957 [main] INFO  o.s.w.s.m.m.a.RequestMappingHandlerMapping - Mapped "{[/user/addDB],methods=[POST]}" onto public cn.yuchen.bigdate.rs.utility.ResponseResult<java.lang.String> cn.yuchen.bigdate.rs.usermanagement.controller.UserController.addUserForDB(cn.yuchen.bigdate.rs.usermanagement.pojo.vo.UserVo)
2018-08-26 12:55:48.957 [main] INFO  o.s.w.s.m.m.a.RequestMappingHandlerMapping - Mapped "{[/user/getUser/{id}],methods=[GET]}" onto public cn.yuchen.bigdate.rs.utility.ResponseResult<cn.yuchen.bigdate.rs.usermanagement.pojo.vo.UserVo> cn.yuchen.bigdate.rs.usermanagement.controller.UserController.findUserVoById(java.lang.Integer)
2018-08-26 12:55:48.958 [main] INFO  o.s.w.s.m.m.a.RequestMappingHandlerMapping - Mapped "{[/user/findalldb],methods=[POST]}" onto public cn.yuchen.bigdate.rs.utility.ResponseResult<org.springframework.data.domain.Page<cn.yuchen.bigdate.rs.usermanagement.pojo.mogopo.Tagdata>> cn.yuchen.bigdate.rs.usermanagement.controller.UserController.findAllDB()
2018-08-26 12:55:48.958 [main] INFO  o.s.w.s.m.m.a.RequestMappingHandlerMapping - Mapped "{[/user/hello/{s}],methods=[POST]}" onto public cn.yuchen.bigdate.rs.utility.ResponseResult<java.lang.String> cn.yuchen.bigdate.rs.usermanagement.controller.UserController.sayHello(java.lang.String)
2018-08-26 12:55:48.960 [main] INFO  o.s.w.s.m.m.a.RequestMappingHandlerMapping - Mapped "{[/error]}" onto public org.springframework.http.ResponseEntity<java.util.Map<java.lang.String, java.lang.Object>> org.springframework.boot.autoconfigure.web.servlet.error.BasicErrorController.error(javax.servlet.http.HttpServletRequest)
2018-08-26 12:55:48.961 [main] INFO  o.s.w.s.m.m.a.RequestMappingHandlerMapping - Mapped "{[/error],produces=[text/html]}" onto public org.springframework.web.servlet.ModelAndView org.springframework.boot.autoconfigure.web.servlet.error.BasicErrorController.errorHtml(javax.servlet.http.HttpServletRequest,javax.servlet.http.HttpServletResponse)
2018-08-26 12:55:49.003 [main] INFO  o.s.web.servlet.handler.SimpleUrlHandlerMapping - Mapped URL path [/webjars/**] onto handler of type [class org.springframework.web.servlet.resource.ResourceHttpRequestHandler]
2018-08-26 12:55:49.003 [main] INFO  o.s.web.servlet.handler.SimpleUrlHandlerMapping - Mapped URL path [/**] onto handler of type [class org.springframework.web.servlet.resource.ResourceHttpRequestHandler]
2018-08-26 12:55:49.028 [main] INFO  o.s.w.s.m.m.a.ExceptionHandlerExceptionResolver - Detected @ExceptionHandler methods in globalExceptionHandler
2018-08-26 12:55:49.544 [main] INFO  o.s.jmx.export.annotation.AnnotationMBeanExporter - Registering beans for JMX exposure on startup
2018-08-26 12:55:49.545 [main] INFO  o.s.jmx.export.annotation.AnnotationMBeanExporter - Bean with name 'dataSource' has been autodetected for JMX exposure
2018-08-26 12:55:49.553 [main] INFO  o.s.jmx.export.annotation.AnnotationMBeanExporter - Located MBean 'dataSource': registering with JMX server as MBean [com.zaxxer.hikari:name=dataSource,type=HikariDataSource]
2018-08-26 12:55:49.563 [main] INFO  org.apache.coyote.http11.Http11NioProtocol - Starting ProtocolHandler ["http-nio-8080"]
2018-08-26 12:55:49.573 [main] INFO  org.apache.tomcat.util.net.NioSelectorPool - Using a shared selector for servlet write/read
2018-08-26 12:55:49.590 [main] INFO  o.s.boot.web.embedded.tomcat.TomcatWebServer - Tomcat started on port(s): 8080 (http) with context path '/test'
2018-08-26 12:55:49.593 [main] INFO  cn.yuchen.bigdate.rs.RegionalstabilityApplication - Started RegionalstabilityApplication in 6.665 seconds (JVM running for 8.015)
2018-08-26 12:58:57.291 [http-nio-8080-exec-1] INFO  o.a.c.c.ContainerBase.[Tomcat].[localhost].[/test] - Initializing Spring FrameworkServlet 'dispatcherServlet'
2018-08-26 12:58:57.292 [http-nio-8080-exec-1] INFO  org.springframework.web.servlet.DispatcherServlet - FrameworkServlet 'dispatcherServlet': initialization started
2018-08-26 12:58:57.317 [http-nio-8080-exec-1] INFO  org.springframework.web.servlet.DispatcherServlet - FrameworkServlet 'dispatcherServlet': initialization completed in 25 ms
2018-08-26 12:58:57.487 [http-nio-8080-exec-1] INFO  org.mongodb.driver.connection - Opened connection [connectionId{localValue:2, serverValue:1494}] to 192.168.100.188:27017
