2018-08-01 14:04:34.595 [main] INFO  cn.yuchen.bigdate.rs.RegionalstabilityApplication - Starting RegionalstabilityApplication on DESKTOP-9BCQK4L with PID 12964 (E:\java_evn\java_IDE\ideaSpace\regionalstability\target\classes started by wzx in E:\java_evn\java_IDE\ideaSpace\regionalstability)
2018-08-01 14:04:34.612 [main] INFO  cn.yuchen.bigdate.rs.RegionalstabilityApplication - The following profiles are active: test
2018-08-01 14:04:34.968 [main] INFO  o.s.b.w.s.c.AnnotationConfigServletWebServerApplicationContext - Refreshing org.springframework.boot.web.servlet.context.AnnotationConfigServletWebServerApplicationContext@79517588: startup date [Wed Aug 01 14:04:34 CST 2018]; root of context hierarchy
2018-08-01 14:04:39.141 [main] INFO  o.s.d.r.config.RepositoryConfigurationDelegate - Multiple Spring Data modules found, entering strict repository configuration mode!
2018-08-01 14:04:39.243 [main] INFO  o.s.d.r.config.RepositoryConfigurationDelegate - Multiple Spring Data modules found, entering strict repository configuration mode!
2018-08-01 14:04:39.278 [main] INFO  o.s.d.r.c.RepositoryConfigurationExtensionSupport - Spring Data Redis - Could not safely identify store assignment for repository candidate interface cn.yuchen.bigdate.rs.usermanagement.repository.UserRepository.
2018-08-01 14:04:40.335 [main] INFO  o.s.c.s.PostProcessorRegistrationDelegate$BeanPostProcessorChecker - Bean 'org.springframework.transaction.annotation.ProxyTransactionManagementConfiguration' of type [org.springframework.transaction.annotation.ProxyTransactionManagementConfiguration$$EnhancerBySpringCGLIB$$506c6c5e] is not eligible for getting processed by all BeanPostProcessors (for example: not eligible for auto-proxying)
2018-08-01 14:04:42.741 [main] INFO  o.s.boot.web.embedded.tomcat.TomcatWebServer - Tomcat initialized with port(s): 8080 (http)
2018-08-01 14:04:42.961 [main] INFO  org.apache.coyote.http11.Http11NioProtocol - Initializing ProtocolHandler ["http-nio-8080"]
2018-08-01 14:04:43.092 [main] INFO  org.apache.catalina.core.StandardService - Starting service [Tomcat]
2018-08-01 14:04:43.092 [main] INFO  org.apache.catalina.core.StandardEngine - Starting Servlet Engine: Apache Tomcat/8.5.31
2018-08-01 14:04:43.169 [localhost-startStop-1] INFO  org.apache.catalina.core.AprLifecycleListener - The APR based Apache Tomcat Native library which allows optimal performance in production environments was not found on the java.library.path: [E:\java_evn\java_JDK\bin;C:\WINDOWS\Sun\Java\bin;C:\WINDOWS\system32;C:\WINDOWS;C:\Program Files (x86)\Intel\Intel(R) Management Engine Components\iCLS\;C:\Program Files\Intel\Intel(R) Management Engine Components\iCLS\;C:\Program Files (x86)\Common Files\Oracle\Java\javapath;C:\WINDOWS\system32;C:\WINDOWS;C:\WINDOWS\System32\Wbem;C:\WINDOWS\System32\WindowsPowerShell\v1.0\;E:\java_evn\java_JDK\bin;E:\java_evn\java_JDK\jre\bin;E:\java_evn\Git\Git\cmd;E:\java_evn\Maven\apache-maven-3.5.0\bin\;C:\Program Files (x86)\Intel\Intel(R) Management Engine Components\DAL;C:\Program Files\Intel\Intel(R) Management Engine Components\DAL;C:\Program Files (x86)\Intel\Intel(R) Management Engine Components\IPT;C:\Program Files\Intel\Intel(R) Management Engine Components\IPT;C:\Program Files (x86)\MySQL\MySQL Utilities 1.6\;C:\WINDOWS\System32\OpenSSH\;C:\Users\wzx\AppData\Local\Microsoft\WindowsApps;;.]
2018-08-01 14:04:43.908 [localhost-startStop-1] INFO  o.a.c.c.ContainerBase.[Tomcat].[localhost].[/test] - Initializing Spring embedded WebApplicationContext
2018-08-01 14:04:43.908 [localhost-startStop-1] INFO  org.springframework.web.context.ContextLoader - Root WebApplicationContext: initialization completed in 8940 ms
2018-08-01 14:04:44.338 [localhost-startStop-1] INFO  o.s.boot.web.servlet.ServletRegistrationBean - Servlet dispatcherServlet mapped to [/]
2018-08-01 14:04:44.367 [localhost-startStop-1] INFO  o.s.boot.web.servlet.FilterRegistrationBean - Mapping filter: 'characterEncodingFilter' to: [/*]
2018-08-01 14:04:44.367 [localhost-startStop-1] INFO  o.s.boot.web.servlet.FilterRegistrationBean - Mapping filter: 'hiddenHttpMethodFilter' to: [/*]
2018-08-01 14:04:44.367 [localhost-startStop-1] INFO  o.s.boot.web.servlet.FilterRegistrationBean - Mapping filter: 'httpPutFormContentFilter' to: [/*]
2018-08-01 14:04:44.368 [localhost-startStop-1] INFO  o.s.boot.web.servlet.FilterRegistrationBean - Mapping filter: 'requestContextFilter' to: [/*]
2018-08-01 14:04:48.820 [main] INFO  org.mongodb.driver.cluster - Cluster created with settings {hosts=[192.168.100.188:27017], mode=SINGLE, requiredClusterType=UNKNOWN, serverSelectionTimeout='30000 ms', maxWaitQueueSize=500}
2018-08-01 14:04:49.119 [cluster-ClusterId{value='5b614d8022c0ff32a4815c53', description='null'}-192.168.100.188:27017] INFO  org.mongodb.driver.connection - Opened connection [connectionId{localValue:1, serverValue:89}] to 192.168.100.188:27017
2018-08-01 14:04:49.123 [cluster-ClusterId{value='5b614d8022c0ff32a4815c53', description='null'}-192.168.100.188:27017] INFO  org.mongodb.driver.cluster - Monitor thread successfully connected to server with description ServerDescription{address=192.168.100.188:27017, type=STANDALONE, state=CONNECTED, ok=true, version=ServerVersion{versionList=[3, 6, 1]}, minWireVersion=0, maxWireVersion=6, maxDocumentSize=16777216, logicalSessionTimeoutMinutes=30, roundTripTimeNanos=2409816}
2018-08-01 14:04:51.664 [main] INFO  o.s.web.servlet.handler.SimpleUrlHandlerMapping - Mapped URL path [/**/favicon.ico] onto handler of type [class org.springframework.web.servlet.resource.ResourceHttpRequestHandler]
2018-08-01 14:04:52.329 [main] INFO  o.s.w.s.m.m.a.RequestMappingHandlerAdapter - Looking for @ControllerAdvice: org.springframework.boot.web.servlet.context.AnnotationConfigServletWebServerApplicationContext@79517588: startup date [Wed Aug 01 14:04:34 CST 2018]; root of context hierarchy
2018-08-01 14:04:52.433 [main] INFO  o.s.w.s.m.m.a.RequestMappingHandlerMapping - Mapped "{[/model/add],methods=[POST]}" onto public cn.yuchen.bigdate.rs.utility.ResponseResult<java.lang.Boolean> cn.yuchen.bigdate.rs.service.model.controller.ModelController.add(cn.yuchen.bigdate.rs.service.model.pojo.vo.ModelVo)
2018-08-01 14:04:52.434 [main] INFO  o.s.w.s.m.m.a.RequestMappingHandlerMapping - Mapped "{[/model/update],methods=[POST]}" onto public cn.yuchen.bigdate.rs.utility.ResponseResult<java.lang.Boolean> cn.yuchen.bigdate.rs.service.model.controller.ModelController.update(cn.yuchen.bigdate.rs.service.model.pojo.vo.ModelVo)
2018-08-01 14:04:52.435 [main] INFO  o.s.w.s.m.m.a.RequestMappingHandlerMapping - Mapped "{[/model/delete/{id}],methods=[POST]}" onto public cn.yuchen.bigdate.rs.utility.ResponseResult<java.lang.Boolean> cn.yuchen.bigdate.rs.service.model.controller.ModelController.delete(java.lang.Long)
2018-08-01 14:04:52.435 [main] INFO  o.s.w.s.m.m.a.RequestMappingHandlerMapping - Mapped "{[/model/findbypage],methods=[POST]}" onto public cn.yuchen.bigdate.rs.utility.ResponseResult<com.github.pagehelper.PageInfo<cn.yuchen.bigdate.rs.service.model.pojo.vo.ModelVo>> cn.yuchen.bigdate.rs.service.model.controller.ModelController.findByPage(cn.yuchen.bigdate.rs.service.model.pojo.webvo.ModelPageVo)
2018-08-01 14:04:52.435 [main] INFO  o.s.w.s.m.m.a.RequestMappingHandlerMapping - Mapped "{[/model/find/{id}],methods=[POST]}" onto public cn.yuchen.bigdate.rs.utility.ResponseResult<cn.yuchen.bigdate.rs.service.model.pojo.vo.ModelVo> cn.yuchen.bigdate.rs.service.model.controller.ModelController.findByPage(java.lang.Long)
2018-08-01 14:04:52.437 [main] INFO  o.s.w.s.m.m.a.RequestMappingHandlerMapping - Mapped "{[/modelmethod/add],methods=[POST]}" onto public cn.yuchen.bigdate.rs.utility.ResponseResult<java.lang.Boolean> cn.yuchen.bigdate.rs.service.model.controller.ModelMethodController.add(cn.yuchen.bigdate.rs.service.model.pojo.vo.ModelMethodVo)
2018-08-01 14:04:52.437 [main] INFO  o.s.w.s.m.m.a.RequestMappingHandlerMapping - Mapped "{[/modelmethod/update],methods=[POST]}" onto public cn.yuchen.bigdate.rs.utility.ResponseResult<java.lang.Boolean> cn.yuchen.bigdate.rs.service.model.controller.ModelMethodController.update(cn.yuchen.bigdate.rs.service.model.pojo.vo.ModelMethodVo)
2018-08-01 14:04:52.437 [main] INFO  o.s.w.s.m.m.a.RequestMappingHandlerMapping - Mapped "{[/modelmethod/delete/{id}],methods=[POST]}" onto public cn.yuchen.bigdate.rs.utility.ResponseResult<java.lang.Boolean> cn.yuchen.bigdate.rs.service.model.controller.ModelMethodController.delete(java.lang.Long)
2018-08-01 14:04:52.438 [main] INFO  o.s.w.s.m.m.a.RequestMappingHandlerMapping - Mapped "{[/modelmethod/findbypage],methods=[POST]}" onto public cn.yuchen.bigdate.rs.utility.ResponseResult<com.github.pagehelper.PageInfo<cn.yuchen.bigdate.rs.service.model.pojo.vo.ModelMethodVo>> cn.yuchen.bigdate.rs.service.model.controller.ModelMethodController.findByPage(cn.yuchen.bigdate.rs.service.model.pojo.webvo.ModelPageVo)
2018-08-01 14:04:52.438 [main] INFO  o.s.w.s.m.m.a.RequestMappingHandlerMapping - Mapped "{[/modelmethod/find/{id}],methods=[POST]}" onto public cn.yuchen.bigdate.rs.utility.ResponseResult<cn.yuchen.bigdate.rs.service.model.pojo.vo.ModelMethodVo> cn.yuchen.bigdate.rs.service.model.controller.ModelMethodController.findByPage(java.lang.Long)
2018-08-01 14:04:52.440 [main] INFO  o.s.w.s.m.m.a.RequestMappingHandlerMapping - Mapped "{[/modelmodule/add],methods=[POST]}" onto public cn.yuchen.bigdate.rs.utility.ResponseResult<java.lang.Boolean> cn.yuchen.bigdate.rs.service.model.controller.ModelModuleController.add(cn.yuchen.bigdate.rs.service.model.pojo.vo.ModelModuleVo)
2018-08-01 14:04:52.441 [main] INFO  o.s.w.s.m.m.a.RequestMappingHandlerMapping - Mapped "{[/modelmodule/update],methods=[POST]}" onto public cn.yuchen.bigdate.rs.utility.ResponseResult<java.lang.Boolean> cn.yuchen.bigdate.rs.service.model.controller.ModelModuleController.update(cn.yuchen.bigdate.rs.service.model.pojo.vo.ModelModuleVo)
2018-08-01 14:04:52.441 [main] INFO  o.s.w.s.m.m.a.RequestMappingHandlerMapping - Mapped "{[/modelmodule/delete/{id}],methods=[POST]}" onto public cn.yuchen.bigdate.rs.utility.ResponseResult<java.lang.Boolean> cn.yuchen.bigdate.rs.service.model.controller.ModelModuleController.delete(java.lang.Long)
2018-08-01 14:04:52.442 [main] INFO  o.s.w.s.m.m.a.RequestMappingHandlerMapping - Mapped "{[/modelmodule/findbypage],methods=[POST]}" onto public cn.yuchen.bigdate.rs.utility.ResponseResult<com.github.pagehelper.PageInfo<cn.yuchen.bigdate.rs.service.model.pojo.vo.ModelModuleVo>> cn.yuchen.bigdate.rs.service.model.controller.ModelModuleController.findByPage(cn.yuchen.bigdate.rs.service.model.pojo.webvo.ModelPageVo)
2018-08-01 14:04:52.442 [main] INFO  o.s.w.s.m.m.a.RequestMappingHandlerMapping - Mapped "{[/modelmodule/findall],methods=[POST]}" onto public cn.yuchen.bigdate.rs.utility.ResponseResult<java.util.List<cn.yuchen.bigdate.rs.service.model.pojo.vo.ModelModuleVo>> cn.yuchen.bigdate.rs.service.model.controller.ModelModuleController.findAll()
2018-08-01 14:04:52.446 [main] INFO  o.s.w.s.m.m.a.RequestMappingHandlerMapping - Mapped "{[/modelparameter/add],methods=[POST]}" onto public cn.yuchen.bigdate.rs.utility.ResponseResult<java.lang.Boolean> cn.yuchen.bigdate.rs.service.model.controller.ModelParameterController.add(cn.yuchen.bigdate.rs.service.model.pojo.vo.ModelParameterVo)
2018-08-01 14:04:52.446 [main] INFO  o.s.w.s.m.m.a.RequestMappingHandlerMapping - Mapped "{[/modelparameter/update],methods=[POST]}" onto public cn.yuchen.bigdate.rs.utility.ResponseResult<java.lang.Boolean> cn.yuchen.bigdate.rs.service.model.controller.ModelParameterController.update(cn.yuchen.bigdate.rs.service.model.pojo.vo.ModelParameterVo)
2018-08-01 14:04:52.447 [main] INFO  o.s.w.s.m.m.a.RequestMappingHandlerMapping - Mapped "{[/modelparameter/delete/{id}],methods=[POST]}" onto public cn.yuchen.bigdate.rs.utility.ResponseResult<java.lang.Boolean> cn.yuchen.bigdate.rs.service.model.controller.ModelParameterController.delete(java.lang.Long)
2018-08-01 14:04:52.447 [main] INFO  o.s.w.s.m.m.a.RequestMappingHandlerMapping - Mapped "{[/modelparameter/find/{id}],methods=[POST]}" onto public cn.yuchen.bigdate.rs.utility.ResponseResult<cn.yuchen.bigdate.rs.service.model.pojo.vo.ModelParameterVo> cn.yuchen.bigdate.rs.service.model.controller.ModelParameterController.findByPage(java.lang.Long)
2018-08-01 14:04:52.448 [main] INFO  o.s.w.s.m.m.a.RequestMappingHandlerMapping - Mapped "{[/log/add],methods=[POST]}" onto public cn.yuchen.bigdate.rs.utility.ResponseResult<java.lang.Boolean> cn.yuchen.bigdate.rs.service.operatedlog.controller.OperatedLogController.add(cn.yuchen.bigdate.rs.service.operatedlog.pojo.vo.OperatedLogVo)
2018-08-01 14:04:52.448 [main] INFO  o.s.w.s.m.m.a.RequestMappingHandlerMapping - Mapped "{[/log/findByPage],methods=[POST]}" onto public cn.yuchen.bigdate.rs.utility.ResponseResult<com.github.pagehelper.PageInfo<cn.yuchen.bigdate.rs.service.operatedlog.pojo.vo.OperatedLogVo>> cn.yuchen.bigdate.rs.service.operatedlog.controller.OperatedLogController.findByPage(cn.yuchen.bigdate.rs.service.operatedlog.pojo.vo.OperatedLogVo)
2018-08-01 14:04:52.451 [main] INFO  o.s.w.s.m.m.a.RequestMappingHandlerMapping - Mapped "{[/user/getUser/{id}],methods=[GET]}" onto public cn.yuchen.bigdate.rs.utility.ResponseResult<cn.yuchen.bigdate.rs.usermanagement.pojo.vo.UserVo> cn.yuchen.bigdate.rs.usermanagement.controller.UserController.findUserVoById(java.lang.Integer)
2018-08-01 14:04:52.451 [main] INFO  o.s.w.s.m.m.a.RequestMappingHandlerMapping - Mapped "{[/user/addDB],methods=[POST]}" onto public cn.yuchen.bigdate.rs.utility.ResponseResult<java.lang.String> cn.yuchen.bigdate.rs.usermanagement.controller.UserController.addUserForDB(cn.yuchen.bigdate.rs.usermanagement.pojo.vo.UserVo)
2018-08-01 14:04:52.452 [main] INFO  o.s.w.s.m.m.a.RequestMappingHandlerMapping - Mapped "{[/user/hello],methods=[POST]}" onto public cn.yuchen.bigdate.rs.utility.ResponseResult<java.lang.String> cn.yuchen.bigdate.rs.usermanagement.controller.UserController.sayHello(java.lang.String)
2018-08-01 14:04:52.452 [main] INFO  o.s.w.s.m.m.a.RequestMappingHandlerMapping - Mapped "{[/user/findDB],methods=[POST]}" onto public cn.yuchen.bigdate.rs.utility.ResponseResult<cn.yuchen.bigdate.rs.usermanagement.pojo.vo.UserVo> cn.yuchen.bigdate.rs.usermanagement.controller.UserController.findUserForDB()
2018-08-01 14:04:52.452 [main] INFO  o.s.w.s.m.m.a.RequestMappingHandlerMapping - Mapped "{[/user/getSolr/{id}],methods=[GET]}" onto public cn.yuchen.bigdate.rs.utility.ResponseResult<cn.yuchen.bigdate.rs.usermanagement.pojo.vo.UserVo> cn.yuchen.bigdate.rs.usermanagement.controller.UserController.findUserVoFromSolr(java.lang.Integer) throws java.io.IOException,org.apache.solr.client.solrj.SolrServerException
2018-08-01 14:04:52.453 [main] INFO  o.s.w.s.m.m.a.RequestMappingHandlerMapping - Mapped "{[/user/add],methods=[POST]}" onto public cn.yuchen.bigdate.rs.utility.ResponseResult<java.lang.Boolean> cn.yuchen.bigdate.rs.usermanagement.controller.UserController.addUser(cn.yuchen.bigdate.rs.usermanagement.pojo.vo.UserVo)
2018-08-01 14:04:52.455 [main] INFO  o.s.w.s.m.m.a.RequestMappingHandlerMapping - Mapped "{[/error]}" onto public org.springframework.http.ResponseEntity<java.util.Map<java.lang.String, java.lang.Object>> org.springframework.boot.autoconfigure.web.servlet.error.BasicErrorController.error(javax.servlet.http.HttpServletRequest)
2018-08-01 14:04:52.456 [main] INFO  o.s.w.s.m.m.a.RequestMappingHandlerMapping - Mapped "{[/error],produces=[text/html]}" onto public org.springframework.web.servlet.ModelAndView org.springframework.boot.autoconfigure.web.servlet.error.BasicErrorController.errorHtml(javax.servlet.http.HttpServletRequest,javax.servlet.http.HttpServletResponse)
2018-08-01 14:04:52.484 [main] INFO  o.s.web.servlet.handler.SimpleUrlHandlerMapping - Mapped URL path [/webjars/**] onto handler of type [class org.springframework.web.servlet.resource.ResourceHttpRequestHandler]
2018-08-01 14:04:52.485 [main] INFO  o.s.web.servlet.handler.SimpleUrlHandlerMapping - Mapped URL path [/**] onto handler of type [class org.springframework.web.servlet.resource.ResourceHttpRequestHandler]
2018-08-01 14:04:52.568 [main] INFO  o.s.w.s.m.m.a.ExceptionHandlerExceptionResolver - Detected @ExceptionHandler methods in globalExceptionHandler
2018-08-01 14:04:53.650 [main] INFO  o.s.jmx.export.annotation.AnnotationMBeanExporter - Registering beans for JMX exposure on startup
2018-08-01 14:04:53.652 [main] INFO  o.s.jmx.export.annotation.AnnotationMBeanExporter - Bean with name 'dataSource' has been autodetected for JMX exposure
2018-08-01 14:04:53.658 [main] INFO  o.s.jmx.export.annotation.AnnotationMBeanExporter - Located MBean 'dataSource': registering with JMX server as MBean [com.zaxxer.hikari:name=dataSource,type=HikariDataSource]
2018-08-01 14:04:53.718 [main] INFO  org.apache.coyote.http11.Http11NioProtocol - Starting ProtocolHandler ["http-nio-8080"]
2018-08-01 14:04:53.728 [main] INFO  org.apache.tomcat.util.net.NioSelectorPool - Using a shared selector for servlet write/read
2018-08-01 14:04:53.837 [main] INFO  o.s.boot.web.embedded.tomcat.TomcatWebServer - Tomcat started on port(s): 8080 (http) with context path '/test'
2018-08-01 14:04:53.849 [main] INFO  cn.yuchen.bigdate.rs.RegionalstabilityApplication - Started RegionalstabilityApplication in 21.468 seconds (JVM running for 26.289)
2018-08-01 14:06:10.759 [http-nio-8080-exec-1] INFO  o.a.c.c.ContainerBase.[Tomcat].[localhost].[/test] - Initializing Spring FrameworkServlet 'dispatcherServlet'
2018-08-01 14:06:10.760 [http-nio-8080-exec-1] INFO  org.springframework.web.servlet.DispatcherServlet - FrameworkServlet 'dispatcherServlet': initialization started
2018-08-01 14:06:10.781 [http-nio-8080-exec-1] INFO  org.springframework.web.servlet.DispatcherServlet - FrameworkServlet 'dispatcherServlet': initialization completed in 21 ms
2018-08-01 14:06:11.067 [http-nio-8080-exec-1] INFO  com.zaxxer.hikari.HikariDataSource - HikariPool-1 - Starting...
2018-08-01 14:06:11.313 [http-nio-8080-exec-1] INFO  com.zaxxer.hikari.HikariDataSource - HikariPool-1 - Start completed.
