2018-08-07 10:08:46.752 [main] INFO  cn.yuchen.bigdate.rs.RegionalstabilityApplication - Starting RegionalstabilityApplication on DESKTOP-9BCQK4L with PID 7440 (E:\java_evn\java_IDE\ideaSpace\regionalstability\target\classes started by wzx in E:\java_evn\java_IDE\ideaSpace\regionalstability)
2018-08-07 10:08:46.759 [main] INFO  cn.yuchen.bigdate.rs.RegionalstabilityApplication - The following profiles are active: test
2018-08-07 10:08:46.853 [main] INFO  o.s.b.w.s.c.AnnotationConfigServletWebServerApplicationContext - Refreshing org.springframework.boot.web.servlet.context.AnnotationConfigServletWebServerApplicationContext@115667d: startup date [Tue Aug 07 10:08:46 CST 2018]; root of context hierarchy
2018-08-07 10:08:47.563 [main] INFO  o.s.d.r.config.RepositoryConfigurationDelegate - Multiple Spring Data modules found, entering strict repository configuration mode!
2018-08-07 10:08:47.626 [main] INFO  o.s.d.r.config.RepositoryConfigurationDelegate - Multiple Spring Data modules found, entering strict repository configuration mode!
2018-08-07 10:08:47.641 [main] INFO  o.s.d.r.c.RepositoryConfigurationExtensionSupport - Spring Data Redis - Could not safely identify store assignment for repository candidate interface cn.yuchen.bigdate.rs.usermanagement.repository.UserRepository.
2018-08-07 10:08:47.984 [main] INFO  o.s.c.s.PostProcessorRegistrationDelegate$BeanPostProcessorChecker - Bean 'org.springframework.transaction.annotation.ProxyTransactionManagementConfiguration' of type [org.springframework.transaction.annotation.ProxyTransactionManagementConfiguration$$EnhancerBySpringCGLIB$$7e9c54] is not eligible for getting processed by all BeanPostProcessors (for example: not eligible for auto-proxying)
2018-08-07 10:08:48.321 [main] INFO  o.s.boot.web.embedded.tomcat.TomcatWebServer - Tomcat initialized with port(s): 8080 (http)
2018-08-07 10:08:48.359 [main] INFO  org.apache.coyote.http11.Http11NioProtocol - Initializing ProtocolHandler ["http-nio-8080"]
2018-08-07 10:08:48.374 [main] INFO  org.apache.catalina.core.StandardService - Starting service [Tomcat]
2018-08-07 10:08:48.374 [main] INFO  org.apache.catalina.core.StandardEngine - Starting Servlet Engine: Apache Tomcat/8.5.31
2018-08-07 10:08:48.390 [localhost-startStop-1] INFO  org.apache.catalina.core.AprLifecycleListener - The APR based Apache Tomcat Native library which allows optimal performance in production environments was not found on the java.library.path: [E:\java_evn\java_JDK\bin;C:\WINDOWS\Sun\Java\bin;C:\WINDOWS\system32;C:\WINDOWS;C:\Program Files (x86)\Intel\Intel(R) Management Engine Components\iCLS\;C:\Program Files\Intel\Intel(R) Management Engine Components\iCLS\;C:\Program Files (x86)\Common Files\Oracle\Java\javapath;C:\WINDOWS\system32;C:\WINDOWS;C:\WINDOWS\System32\Wbem;C:\WINDOWS\System32\WindowsPowerShell\v1.0\;E:\java_evn\java_JDK\bin;E:\java_evn\java_JDK\jre\bin;E:\java_evn\Git\Git\cmd;E:\java_evn\Maven\apache-maven-3.5.0\bin\;C:\Program Files (x86)\Intel\Intel(R) Management Engine Components\DAL;C:\Program Files\Intel\Intel(R) Management Engine Components\DAL;C:\Program Files (x86)\Intel\Intel(R) Management Engine Components\IPT;C:\Program Files\Intel\Intel(R) Management Engine Components\IPT;C:\Program Files (x86)\MySQL\MySQL Utilities 1.6\;C:\WINDOWS\System32\OpenSSH\;C:\Users\wzx\AppData\Local\Microsoft\WindowsApps;;.]
2018-08-07 10:08:48.484 [localhost-startStop-1] INFO  o.a.c.c.ContainerBase.[Tomcat].[localhost].[/test] - Initializing Spring embedded WebApplicationContext
2018-08-07 10:08:48.484 [localhost-startStop-1] INFO  org.springframework.web.context.ContextLoader - Root WebApplicationContext: initialization completed in 1631 ms
2018-08-07 10:08:48.687 [localhost-startStop-1] INFO  o.s.boot.web.servlet.ServletRegistrationBean - Servlet dispatcherServlet mapped to [/]
2018-08-07 10:08:48.687 [localhost-startStop-1] INFO  o.s.boot.web.servlet.FilterRegistrationBean - Mapping filter: 'characterEncodingFilter' to: [/*]
2018-08-07 10:08:48.687 [localhost-startStop-1] INFO  o.s.boot.web.servlet.FilterRegistrationBean - Mapping filter: 'hiddenHttpMethodFilter' to: [/*]
2018-08-07 10:08:48.687 [localhost-startStop-1] INFO  o.s.boot.web.servlet.FilterRegistrationBean - Mapping filter: 'httpPutFormContentFilter' to: [/*]
2018-08-07 10:08:48.687 [localhost-startStop-1] INFO  o.s.boot.web.servlet.FilterRegistrationBean - Mapping filter: 'requestContextFilter' to: [/*]
2018-08-07 10:08:50.281 [main] INFO  org.mongodb.driver.cluster - Cluster created with settings {hosts=[192.168.100.188:27017], mode=SINGLE, requiredClusterType=UNKNOWN, serverSelectionTimeout='30000 ms', maxWaitQueueSize=500}
2018-08-07 10:08:50.470 [cluster-ClusterId{value='5b68ff3265035f1d104c7f9c', description='null'}-192.168.100.188:27017] INFO  org.mongodb.driver.connection - Opened connection [connectionId{localValue:1, serverValue:143}] to 192.168.100.188:27017
2018-08-07 10:08:50.470 [cluster-ClusterId{value='5b68ff3265035f1d104c7f9c', description='null'}-192.168.100.188:27017] INFO  org.mongodb.driver.cluster - Monitor thread successfully connected to server with description ServerDescription{address=192.168.100.188:27017, type=STANDALONE, state=CONNECTED, ok=true, version=ServerVersion{versionList=[3, 6, 1]}, minWireVersion=0, maxWireVersion=6, maxDocumentSize=16777216, logicalSessionTimeoutMinutes=30, roundTripTimeNanos=5236728}
2018-08-07 10:08:51.094 [main] INFO  o.s.web.servlet.handler.SimpleUrlHandlerMapping - Mapped URL path [/**/favicon.ico] onto handler of type [class org.springframework.web.servlet.resource.ResourceHttpRequestHandler]
2018-08-07 10:08:51.360 [main] INFO  o.s.w.s.m.m.a.RequestMappingHandlerAdapter - Looking for @ControllerAdvice: org.springframework.boot.web.servlet.context.AnnotationConfigServletWebServerApplicationContext@115667d: startup date [Tue Aug 07 10:08:46 CST 2018]; root of context hierarchy
2018-08-07 10:08:51.423 [main] INFO  o.s.w.s.m.m.a.RequestMappingHandlerMapping - Mapped "{[/model/add],methods=[POST]}" onto public cn.yuchen.bigdate.rs.utility.ResponseResult<java.lang.Boolean> cn.yuchen.bigdate.rs.model.controller.ModelController.add(cn.yuchen.bigdate.rs.model.pojo.vo.ModelVo)
2018-08-07 10:08:51.423 [main] INFO  o.s.w.s.m.m.a.RequestMappingHandlerMapping - Mapped "{[/model/update],methods=[POST]}" onto public cn.yuchen.bigdate.rs.utility.ResponseResult<java.lang.Boolean> cn.yuchen.bigdate.rs.model.controller.ModelController.update(cn.yuchen.bigdate.rs.model.pojo.vo.ModelVo)
2018-08-07 10:08:51.423 [main] INFO  o.s.w.s.m.m.a.RequestMappingHandlerMapping - Mapped "{[/model/delete/{id}],methods=[POST]}" onto public cn.yuchen.bigdate.rs.utility.ResponseResult<java.lang.Boolean> cn.yuchen.bigdate.rs.model.controller.ModelController.delete(java.lang.Long)
2018-08-07 10:08:51.423 [main] INFO  o.s.w.s.m.m.a.RequestMappingHandlerMapping - Mapped "{[/model/find/{id}],methods=[POST]}" onto public cn.yuchen.bigdate.rs.utility.ResponseResult<cn.yuchen.bigdate.rs.model.pojo.vo.ModelVo> cn.yuchen.bigdate.rs.model.controller.ModelController.findById(java.lang.Long)
2018-08-07 10:08:51.423 [main] INFO  o.s.w.s.m.m.a.RequestMappingHandlerMapping - Mapped "{[/model/findbypage],methods=[POST]}" onto public cn.yuchen.bigdate.rs.utility.ResponseResult<com.github.pagehelper.PageInfo<cn.yuchen.bigdate.rs.model.pojo.vo.ModelVo>> cn.yuchen.bigdate.rs.model.controller.ModelController.findByPage(cn.yuchen.bigdate.rs.model.pojo.webvo.ModelPageVo)
2018-08-07 10:08:51.423 [main] INFO  o.s.w.s.m.m.a.RequestMappingHandlerMapping - Mapped "{[/modelmethod/add],methods=[POST]}" onto public cn.yuchen.bigdate.rs.utility.ResponseResult<java.lang.Boolean> cn.yuchen.bigdate.rs.model.controller.ModelMethodController.add(cn.yuchen.bigdate.rs.model.pojo.webvo.ModelMethodParameterVo)
2018-08-07 10:08:51.423 [main] INFO  o.s.w.s.m.m.a.RequestMappingHandlerMapping - Mapped "{[/modelmethod/update],methods=[POST]}" onto public cn.yuchen.bigdate.rs.utility.ResponseResult<java.lang.Boolean> cn.yuchen.bigdate.rs.model.controller.ModelMethodController.update(cn.yuchen.bigdate.rs.model.pojo.webvo.ModelMethodParameterVo)
2018-08-07 10:08:51.423 [main] INFO  o.s.w.s.m.m.a.RequestMappingHandlerMapping - Mapped "{[/modelmethod/delete/{id}],methods=[POST]}" onto public cn.yuchen.bigdate.rs.utility.ResponseResult<java.lang.Boolean> cn.yuchen.bigdate.rs.model.controller.ModelMethodController.delete(java.lang.Long)
2018-08-07 10:08:51.423 [main] INFO  o.s.w.s.m.m.a.RequestMappingHandlerMapping - Mapped "{[/modelmethod/findall],methods=[POST]}" onto public cn.yuchen.bigdate.rs.utility.ResponseResult<com.github.pagehelper.PageInfo<cn.yuchen.bigdate.rs.model.pojo.webvo.ModelMethodParameterVo>> cn.yuchen.bigdate.rs.model.controller.ModelMethodController.findAll(cn.yuchen.bigdate.rs.model.pojo.webvo.ModelPageVo)
2018-08-07 10:08:51.423 [main] INFO  o.s.w.s.m.m.a.RequestMappingHandlerMapping - Mapped "{[/modelmethod/findbypage],methods=[POST]}" onto public cn.yuchen.bigdate.rs.utility.ResponseResult<com.github.pagehelper.PageInfo<cn.yuchen.bigdate.rs.model.pojo.vo.ModelMethodVo>> cn.yuchen.bigdate.rs.model.controller.ModelMethodController.findByPage(cn.yuchen.bigdate.rs.model.pojo.webvo.ModelPageVo)
2018-08-07 10:08:51.438 [main] INFO  o.s.w.s.m.m.a.RequestMappingHandlerMapping - Mapped "{[/modelmethod/find/{id}],methods=[POST]}" onto public cn.yuchen.bigdate.rs.utility.ResponseResult<cn.yuchen.bigdate.rs.model.pojo.vo.ModelMethodVo> cn.yuchen.bigdate.rs.model.controller.ModelMethodController.findByPage(java.lang.Long)
2018-08-07 10:08:51.438 [main] INFO  o.s.w.s.m.m.a.RequestMappingHandlerMapping - Mapped "{[/modelmodule/add],methods=[POST]}" onto public cn.yuchen.bigdate.rs.utility.ResponseResult<java.lang.Boolean> cn.yuchen.bigdate.rs.model.controller.ModelModuleController.add(cn.yuchen.bigdate.rs.model.pojo.vo.ModelModuleVo)
2018-08-07 10:08:51.438 [main] INFO  o.s.w.s.m.m.a.RequestMappingHandlerMapping - Mapped "{[/modelmodule/update],methods=[POST]}" onto public cn.yuchen.bigdate.rs.utility.ResponseResult<java.lang.Boolean> cn.yuchen.bigdate.rs.model.controller.ModelModuleController.update(cn.yuchen.bigdate.rs.model.pojo.vo.ModelModuleVo)
2018-08-07 10:08:51.438 [main] INFO  o.s.w.s.m.m.a.RequestMappingHandlerMapping - Mapped "{[/modelmodule/delete/{id}],methods=[POST]}" onto public cn.yuchen.bigdate.rs.utility.ResponseResult<java.lang.Boolean> cn.yuchen.bigdate.rs.model.controller.ModelModuleController.delete(java.lang.Long)
2018-08-07 10:08:51.438 [main] INFO  o.s.w.s.m.m.a.RequestMappingHandlerMapping - Mapped "{[/modelmodule/findall],methods=[POST]}" onto public cn.yuchen.bigdate.rs.utility.ResponseResult<java.util.List<cn.yuchen.bigdate.rs.model.pojo.vo.ModelModuleVo>> cn.yuchen.bigdate.rs.model.controller.ModelModuleController.findAll()
2018-08-07 10:08:51.438 [main] INFO  o.s.w.s.m.m.a.RequestMappingHandlerMapping - Mapped "{[/modelmodule/findbypage],methods=[POST]}" onto public cn.yuchen.bigdate.rs.utility.ResponseResult<com.github.pagehelper.PageInfo<cn.yuchen.bigdate.rs.model.pojo.vo.ModelModuleVo>> cn.yuchen.bigdate.rs.model.controller.ModelModuleController.findByPage(cn.yuchen.bigdate.rs.model.pojo.webvo.ModelPageVo)
2018-08-07 10:08:51.438 [main] INFO  o.s.w.s.m.m.a.RequestMappingHandlerMapping - Mapped "{[/modelparameter/add],methods=[POST]}" onto public cn.yuchen.bigdate.rs.utility.ResponseResult<java.lang.Boolean> cn.yuchen.bigdate.rs.model.controller.ModelParameterController.add(cn.yuchen.bigdate.rs.model.pojo.vo.ModelParameterVo)
2018-08-07 10:08:51.438 [main] INFO  o.s.w.s.m.m.a.RequestMappingHandlerMapping - Mapped "{[/modelparameter/update],methods=[POST]}" onto public cn.yuchen.bigdate.rs.utility.ResponseResult<java.lang.Boolean> cn.yuchen.bigdate.rs.model.controller.ModelParameterController.update(cn.yuchen.bigdate.rs.model.pojo.vo.ModelParameterVo)
2018-08-07 10:08:51.438 [main] INFO  o.s.w.s.m.m.a.RequestMappingHandlerMapping - Mapped "{[/modelparameter/delete/{id}],methods=[POST]}" onto public cn.yuchen.bigdate.rs.utility.ResponseResult<java.lang.Boolean> cn.yuchen.bigdate.rs.model.controller.ModelParameterController.delete(java.lang.Long)
2018-08-07 10:08:51.438 [main] INFO  o.s.w.s.m.m.a.RequestMappingHandlerMapping - Mapped "{[/modelparameter/find/{id}],methods=[POST]}" onto public cn.yuchen.bigdate.rs.utility.ResponseResult<cn.yuchen.bigdate.rs.model.pojo.vo.ModelParameterVo> cn.yuchen.bigdate.rs.model.controller.ModelParameterController.findByPage(java.lang.Long)
2018-08-07 10:08:51.454 [main] INFO  o.s.w.s.m.m.a.RequestMappingHandlerMapping - Mapped "{[/log/add],methods=[POST]}" onto public cn.yuchen.bigdate.rs.utility.ResponseResult<java.lang.Boolean> cn.yuchen.bigdate.rs.operatedlog.controller.OperatedLogController.add(cn.yuchen.bigdate.rs.operatedlog.pojo.vo.OperatedLogVo)
2018-08-07 10:08:51.454 [main] INFO  o.s.w.s.m.m.a.RequestMappingHandlerMapping - Mapped "{[/log/findByPage],methods=[POST]}" onto public cn.yuchen.bigdate.rs.utility.ResponseResult<com.github.pagehelper.PageInfo<cn.yuchen.bigdate.rs.operatedlog.pojo.vo.OperatedLogVo>> cn.yuchen.bigdate.rs.operatedlog.controller.OperatedLogController.findByPage(cn.yuchen.bigdate.rs.operatedlog.pojo.vo.OperatedLogVo)
2018-08-07 10:08:51.454 [main] INFO  o.s.w.s.m.m.a.RequestMappingHandlerMapping - Mapped "{[/user/getSolr/{id}],methods=[GET]}" onto public cn.yuchen.bigdate.rs.utility.ResponseResult<cn.yuchen.bigdate.rs.usermanagement.pojo.vo.UserVo> cn.yuchen.bigdate.rs.usermanagement.controller.UserController.findUserVoFromSolr(java.lang.Integer) throws java.io.IOException,org.apache.solr.client.solrj.SolrServerException
2018-08-07 10:08:51.454 [main] INFO  o.s.w.s.m.m.a.RequestMappingHandlerMapping - Mapped "{[/user/add],methods=[POST]}" onto public cn.yuchen.bigdate.rs.utility.ResponseResult<java.lang.Boolean> cn.yuchen.bigdate.rs.usermanagement.controller.UserController.addUser(cn.yuchen.bigdate.rs.usermanagement.pojo.vo.UserVo)
2018-08-07 10:08:51.454 [main] INFO  o.s.w.s.m.m.a.RequestMappingHandlerMapping - Mapped "{[/user/getUser/{id}],methods=[GET]}" onto public cn.yuchen.bigdate.rs.utility.ResponseResult<cn.yuchen.bigdate.rs.usermanagement.pojo.vo.UserVo> cn.yuchen.bigdate.rs.usermanagement.controller.UserController.findUserVoById(java.lang.Integer)
2018-08-07 10:08:51.454 [main] INFO  o.s.w.s.m.m.a.RequestMappingHandlerMapping - Mapped "{[/user/addDB],methods=[POST]}" onto public cn.yuchen.bigdate.rs.utility.ResponseResult<java.lang.String> cn.yuchen.bigdate.rs.usermanagement.controller.UserController.addUserForDB(cn.yuchen.bigdate.rs.usermanagement.pojo.vo.UserVo)
2018-08-07 10:08:51.454 [main] INFO  o.s.w.s.m.m.a.RequestMappingHandlerMapping - Mapped "{[/user/findDB],methods=[POST]}" onto public cn.yuchen.bigdate.rs.utility.ResponseResult<cn.yuchen.bigdate.rs.usermanagement.pojo.vo.UserVo> cn.yuchen.bigdate.rs.usermanagement.controller.UserController.findUserForDB()
2018-08-07 10:08:51.454 [main] INFO  o.s.w.s.m.m.a.RequestMappingHandlerMapping - Mapped "{[/user/hello],methods=[POST]}" onto public cn.yuchen.bigdate.rs.utility.ResponseResult<java.lang.String> cn.yuchen.bigdate.rs.usermanagement.controller.UserController.sayHello(java.lang.String)
2018-08-07 10:08:51.454 [main] INFO  o.s.w.s.m.m.a.RequestMappingHandlerMapping - Mapped "{[/error]}" onto public org.springframework.http.ResponseEntity<java.util.Map<java.lang.String, java.lang.Object>> org.springframework.boot.autoconfigure.web.servlet.error.BasicErrorController.error(javax.servlet.http.HttpServletRequest)
2018-08-07 10:08:51.454 [main] INFO  o.s.w.s.m.m.a.RequestMappingHandlerMapping - Mapped "{[/error],produces=[text/html]}" onto public org.springframework.web.servlet.ModelAndView org.springframework.boot.autoconfigure.web.servlet.error.BasicErrorController.errorHtml(javax.servlet.http.HttpServletRequest,javax.servlet.http.HttpServletResponse)
2018-08-07 10:08:51.485 [main] INFO  o.s.web.servlet.handler.SimpleUrlHandlerMapping - Mapped URL path [/webjars/**] onto handler of type [class org.springframework.web.servlet.resource.ResourceHttpRequestHandler]
2018-08-07 10:08:51.485 [main] INFO  o.s.web.servlet.handler.SimpleUrlHandlerMapping - Mapped URL path [/**] onto handler of type [class org.springframework.web.servlet.resource.ResourceHttpRequestHandler]
2018-08-07 10:08:51.501 [main] INFO  o.s.w.s.m.m.a.ExceptionHandlerExceptionResolver - Detected @ExceptionHandler methods in globalExceptionHandler
2018-08-07 10:08:51.999 [main] INFO  o.s.jmx.export.annotation.AnnotationMBeanExporter - Registering beans for JMX exposure on startup
2018-08-07 10:08:51.999 [main] INFO  o.s.jmx.export.annotation.AnnotationMBeanExporter - Bean with name 'dataSource' has been autodetected for JMX exposure
2018-08-07 10:08:52.015 [main] INFO  o.s.jmx.export.annotation.AnnotationMBeanExporter - Located MBean 'dataSource': registering with JMX server as MBean [com.zaxxer.hikari:name=dataSource,type=HikariDataSource]
2018-08-07 10:08:52.030 [main] INFO  org.apache.coyote.http11.Http11NioProtocol - Starting ProtocolHandler ["http-nio-8080"]
2018-08-07 10:08:52.030 [main] INFO  org.apache.tomcat.util.net.NioSelectorPool - Using a shared selector for servlet write/read
2018-08-07 10:08:52.046 [main] INFO  o.s.boot.web.embedded.tomcat.TomcatWebServer - Tomcat started on port(s): 8080 (http) with context path '/test'
2018-08-07 10:08:52.061 [main] INFO  cn.yuchen.bigdate.rs.RegionalstabilityApplication - Started RegionalstabilityApplication in 6.64 seconds (JVM running for 9.853)
2018-08-07 10:13:12.547 [main] INFO  cn.yuchen.bigdate.rs.RegionalstabilityApplication - Starting RegionalstabilityApplication on DESKTOP-9BCQK4L with PID 15000 (E:\java_evn\java_IDE\ideaSpace\regionalstability\target\classes started by wzx in E:\java_evn\java_IDE\ideaSpace\regionalstability)
2018-08-07 10:13:12.563 [main] INFO  cn.yuchen.bigdate.rs.RegionalstabilityApplication - The following profiles are active: test
2018-08-07 10:13:12.641 [main] INFO  o.s.b.w.s.c.AnnotationConfigServletWebServerApplicationContext - Refreshing org.springframework.boot.web.servlet.context.AnnotationConfigServletWebServerApplicationContext@4ae9cfc1: startup date [Tue Aug 07 10:13:12 CST 2018]; root of context hierarchy
2018-08-07 10:13:13.297 [main] INFO  o.s.d.r.config.RepositoryConfigurationDelegate - Multiple Spring Data modules found, entering strict repository configuration mode!
2018-08-07 10:13:13.360 [main] INFO  o.s.d.r.config.RepositoryConfigurationDelegate - Multiple Spring Data modules found, entering strict repository configuration mode!
2018-08-07 10:13:13.375 [main] INFO  o.s.d.r.c.RepositoryConfigurationExtensionSupport - Spring Data Redis - Could not safely identify store assignment for repository candidate interface cn.yuchen.bigdate.rs.usermanagement.repository.UserRepository.
2018-08-07 10:13:13.688 [main] INFO  o.s.c.s.PostProcessorRegistrationDelegate$BeanPostProcessorChecker - Bean 'org.springframework.transaction.annotation.ProxyTransactionManagementConfiguration' of type [org.springframework.transaction.annotation.ProxyTransactionManagementConfiguration$$EnhancerBySpringCGLIB$$d6188b2b] is not eligible for getting processed by all BeanPostProcessors (for example: not eligible for auto-proxying)
2018-08-07 10:13:13.922 [main] INFO  o.s.boot.web.embedded.tomcat.TomcatWebServer - Tomcat initialized with port(s): 8080 (http)
2018-08-07 10:13:13.938 [main] INFO  org.apache.coyote.http11.Http11NioProtocol - Initializing ProtocolHandler ["http-nio-8080"]
2018-08-07 10:13:13.938 [main] INFO  org.apache.catalina.core.StandardService - Starting service [Tomcat]
2018-08-07 10:13:13.938 [main] INFO  org.apache.catalina.core.StandardEngine - Starting Servlet Engine: Apache Tomcat/8.5.31
2018-08-07 10:13:13.953 [localhost-startStop-1] INFO  org.apache.catalina.core.AprLifecycleListener - The APR based Apache Tomcat Native library which allows optimal performance in production environments was not found on the java.library.path: [E:\java_evn\java_JDK\bin;C:\WINDOWS\Sun\Java\bin;C:\WINDOWS\system32;C:\WINDOWS;C:\Program Files (x86)\Intel\Intel(R) Management Engine Components\iCLS\;C:\Program Files\Intel\Intel(R) Management Engine Components\iCLS\;C:\Program Files (x86)\Common Files\Oracle\Java\javapath;C:\WINDOWS\system32;C:\WINDOWS;C:\WINDOWS\System32\Wbem;C:\WINDOWS\System32\WindowsPowerShell\v1.0\;E:\java_evn\java_JDK\bin;E:\java_evn\java_JDK\jre\bin;E:\java_evn\Git\Git\cmd;E:\java_evn\Maven\apache-maven-3.5.0\bin\;C:\Program Files (x86)\Intel\Intel(R) Management Engine Components\DAL;C:\Program Files\Intel\Intel(R) Management Engine Components\DAL;C:\Program Files (x86)\Intel\Intel(R) Management Engine Components\IPT;C:\Program Files\Intel\Intel(R) Management Engine Components\IPT;C:\Program Files (x86)\MySQL\MySQL Utilities 1.6\;C:\WINDOWS\System32\OpenSSH\;C:\Users\wzx\AppData\Local\Microsoft\WindowsApps;;.]
2018-08-07 10:13:14.047 [localhost-startStop-1] INFO  o.a.c.c.ContainerBase.[Tomcat].[localhost].[/test] - Initializing Spring embedded WebApplicationContext
2018-08-07 10:13:14.047 [localhost-startStop-1] INFO  org.springframework.web.context.ContextLoader - Root WebApplicationContext: initialization completed in 1406 ms
2018-08-07 10:13:14.188 [localhost-startStop-1] INFO  o.s.boot.web.servlet.ServletRegistrationBean - Servlet dispatcherServlet mapped to [/]
2018-08-07 10:13:14.203 [localhost-startStop-1] INFO  o.s.boot.web.servlet.FilterRegistrationBean - Mapping filter: 'characterEncodingFilter' to: [/*]
2018-08-07 10:13:14.203 [localhost-startStop-1] INFO  o.s.boot.web.servlet.FilterRegistrationBean - Mapping filter: 'hiddenHttpMethodFilter' to: [/*]
2018-08-07 10:13:14.203 [localhost-startStop-1] INFO  o.s.boot.web.servlet.FilterRegistrationBean - Mapping filter: 'httpPutFormContentFilter' to: [/*]
2018-08-07 10:13:14.203 [localhost-startStop-1] INFO  o.s.boot.web.servlet.FilterRegistrationBean - Mapping filter: 'requestContextFilter' to: [/*]
2018-08-07 10:13:15.141 [main] INFO  org.mongodb.driver.cluster - Cluster created with settings {hosts=[192.168.100.188:27017], mode=SINGLE, requiredClusterType=UNKNOWN, serverSelectionTimeout='30000 ms', maxWaitQueueSize=500}
2018-08-07 10:13:15.266 [cluster-ClusterId{value='5b69003b65035f3a985dc769', description='null'}-192.168.100.188:27017] INFO  org.mongodb.driver.connection - Opened connection [connectionId{localValue:1, serverValue:144}] to 192.168.100.188:27017
2018-08-07 10:13:15.266 [cluster-ClusterId{value='5b69003b65035f3a985dc769', description='null'}-192.168.100.188:27017] INFO  org.mongodb.driver.cluster - Monitor thread successfully connected to server with description ServerDescription{address=192.168.100.188:27017, type=STANDALONE, state=CONNECTED, ok=true, version=ServerVersion{versionList=[3, 6, 1]}, minWireVersion=0, maxWireVersion=6, maxDocumentSize=16777216, logicalSessionTimeoutMinutes=30, roundTripTimeNanos=5178360}
2018-08-07 10:13:15.828 [main] INFO  o.s.web.servlet.handler.SimpleUrlHandlerMapping - Mapped URL path [/**/favicon.ico] onto handler of type [class org.springframework.web.servlet.resource.ResourceHttpRequestHandler]
2018-08-07 10:13:16.031 [main] INFO  o.s.w.s.m.m.a.RequestMappingHandlerAdapter - Looking for @ControllerAdvice: org.springframework.boot.web.servlet.context.AnnotationConfigServletWebServerApplicationContext@4ae9cfc1: startup date [Tue Aug 07 10:13:12 CST 2018]; root of context hierarchy
2018-08-07 10:13:16.094 [main] INFO  o.s.w.s.m.m.a.RequestMappingHandlerMapping - Mapped "{[/model/add],methods=[POST]}" onto public cn.yuchen.bigdate.rs.utility.ResponseResult<java.lang.Boolean> cn.yuchen.bigdate.rs.model.controller.ModelController.add(cn.yuchen.bigdate.rs.model.pojo.vo.ModelVo)
2018-08-07 10:13:16.094 [main] INFO  o.s.w.s.m.m.a.RequestMappingHandlerMapping - Mapped "{[/model/update],methods=[POST]}" onto public cn.yuchen.bigdate.rs.utility.ResponseResult<java.lang.Boolean> cn.yuchen.bigdate.rs.model.controller.ModelController.update(cn.yuchen.bigdate.rs.model.pojo.vo.ModelVo)
2018-08-07 10:13:16.094 [main] INFO  o.s.w.s.m.m.a.RequestMappingHandlerMapping - Mapped "{[/model/delete/{id}],methods=[POST]}" onto public cn.yuchen.bigdate.rs.utility.ResponseResult<java.lang.Boolean> cn.yuchen.bigdate.rs.model.controller.ModelController.delete(java.lang.Long)
2018-08-07 10:13:16.094 [main] INFO  o.s.w.s.m.m.a.RequestMappingHandlerMapping - Mapped "{[/model/find/{id}],methods=[POST]}" onto public cn.yuchen.bigdate.rs.utility.ResponseResult<cn.yuchen.bigdate.rs.model.pojo.vo.ModelVo> cn.yuchen.bigdate.rs.model.controller.ModelController.findById(java.lang.Long)
2018-08-07 10:13:16.094 [main] INFO  o.s.w.s.m.m.a.RequestMappingHandlerMapping - Mapped "{[/model/findbypage],methods=[POST]}" onto public cn.yuchen.bigdate.rs.utility.ResponseResult<com.github.pagehelper.PageInfo<cn.yuchen.bigdate.rs.model.pojo.vo.ModelVo>> cn.yuchen.bigdate.rs.model.controller.ModelController.findByPage(cn.yuchen.bigdate.rs.model.pojo.webvo.ModelPageVo)
2018-08-07 10:13:16.094 [main] INFO  o.s.w.s.m.m.a.RequestMappingHandlerMapping - Mapped "{[/modelmethod/add],methods=[POST]}" onto public cn.yuchen.bigdate.rs.utility.ResponseResult<java.lang.Boolean> cn.yuchen.bigdate.rs.model.controller.ModelMethodController.add(cn.yuchen.bigdate.rs.model.pojo.webvo.ModelMethodParameterVo)
2018-08-07 10:13:16.094 [main] INFO  o.s.w.s.m.m.a.RequestMappingHandlerMapping - Mapped "{[/modelmethod/update],methods=[POST]}" onto public cn.yuchen.bigdate.rs.utility.ResponseResult<java.lang.Boolean> cn.yuchen.bigdate.rs.model.controller.ModelMethodController.update(cn.yuchen.bigdate.rs.model.pojo.webvo.ModelMethodParameterVo)
2018-08-07 10:13:16.094 [main] INFO  o.s.w.s.m.m.a.RequestMappingHandlerMapping - Mapped "{[/modelmethod/delete/{id}],methods=[POST]}" onto public cn.yuchen.bigdate.rs.utility.ResponseResult<java.lang.Boolean> cn.yuchen.bigdate.rs.model.controller.ModelMethodController.delete(java.lang.Long)
2018-08-07 10:13:16.094 [main] INFO  o.s.w.s.m.m.a.RequestMappingHandlerMapping - Mapped "{[/modelmethod/findall],methods=[POST]}" onto public cn.yuchen.bigdate.rs.utility.ResponseResult<com.github.pagehelper.PageInfo<cn.yuchen.bigdate.rs.model.pojo.webvo.ModelMethodParameterVo>> cn.yuchen.bigdate.rs.model.controller.ModelMethodController.findAll(cn.yuchen.bigdate.rs.model.pojo.webvo.ModelPageVo)
2018-08-07 10:13:16.094 [main] INFO  o.s.w.s.m.m.a.RequestMappingHandlerMapping - Mapped "{[/modelmethod/findbypage],methods=[POST]}" onto public cn.yuchen.bigdate.rs.utility.ResponseResult<com.github.pagehelper.PageInfo<cn.yuchen.bigdate.rs.model.pojo.vo.ModelMethodVo>> cn.yuchen.bigdate.rs.model.controller.ModelMethodController.findByPage(cn.yuchen.bigdate.rs.model.pojo.webvo.ModelPageVo)
2018-08-07 10:13:16.109 [main] INFO  o.s.w.s.m.m.a.RequestMappingHandlerMapping - Mapped "{[/modelmethod/find/{id}],methods=[POST]}" onto public cn.yuchen.bigdate.rs.utility.ResponseResult<cn.yuchen.bigdate.rs.model.pojo.vo.ModelMethodVo> cn.yuchen.bigdate.rs.model.controller.ModelMethodController.findByPage(java.lang.Long)
2018-08-07 10:13:16.109 [main] INFO  o.s.w.s.m.m.a.RequestMappingHandlerMapping - Mapped "{[/modelmodule/add],methods=[POST]}" onto public cn.yuchen.bigdate.rs.utility.ResponseResult<java.lang.Boolean> cn.yuchen.bigdate.rs.model.controller.ModelModuleController.add(cn.yuchen.bigdate.rs.model.pojo.vo.ModelModuleVo)
2018-08-07 10:13:16.109 [main] INFO  o.s.w.s.m.m.a.RequestMappingHandlerMapping - Mapped "{[/modelmodule/update],methods=[POST]}" onto public cn.yuchen.bigdate.rs.utility.ResponseResult<java.lang.Boolean> cn.yuchen.bigdate.rs.model.controller.ModelModuleController.update(cn.yuchen.bigdate.rs.model.pojo.vo.ModelModuleVo)
2018-08-07 10:13:16.109 [main] INFO  o.s.w.s.m.m.a.RequestMappingHandlerMapping - Mapped "{[/modelmodule/delete/{id}],methods=[POST]}" onto public cn.yuchen.bigdate.rs.utility.ResponseResult<java.lang.Boolean> cn.yuchen.bigdate.rs.model.controller.ModelModuleController.delete(java.lang.Long)
2018-08-07 10:13:16.109 [main] INFO  o.s.w.s.m.m.a.RequestMappingHandlerMapping - Mapped "{[/modelmodule/findall],methods=[POST]}" onto public cn.yuchen.bigdate.rs.utility.ResponseResult<java.util.List<cn.yuchen.bigdate.rs.model.pojo.vo.ModelModuleVo>> cn.yuchen.bigdate.rs.model.controller.ModelModuleController.findAll()
2018-08-07 10:13:16.109 [main] INFO  o.s.w.s.m.m.a.RequestMappingHandlerMapping - Mapped "{[/modelmodule/findbypage],methods=[POST]}" onto public cn.yuchen.bigdate.rs.utility.ResponseResult<com.github.pagehelper.PageInfo<cn.yuchen.bigdate.rs.model.pojo.vo.ModelModuleVo>> cn.yuchen.bigdate.rs.model.controller.ModelModuleController.findByPage(cn.yuchen.bigdate.rs.model.pojo.webvo.ModelPageVo)
2018-08-07 10:13:16.109 [main] INFO  o.s.w.s.m.m.a.RequestMappingHandlerMapping - Mapped "{[/modelparameter/add],methods=[POST]}" onto public cn.yuchen.bigdate.rs.utility.ResponseResult<java.lang.Boolean> cn.yuchen.bigdate.rs.model.controller.ModelParameterController.add(cn.yuchen.bigdate.rs.model.pojo.vo.ModelParameterVo)
2018-08-07 10:13:16.109 [main] INFO  o.s.w.s.m.m.a.RequestMappingHandlerMapping - Mapped "{[/modelparameter/update],methods=[POST]}" onto public cn.yuchen.bigdate.rs.utility.ResponseResult<java.lang.Boolean> cn.yuchen.bigdate.rs.model.controller.ModelParameterController.update(cn.yuchen.bigdate.rs.model.pojo.vo.ModelParameterVo)
2018-08-07 10:13:16.109 [main] INFO  o.s.w.s.m.m.a.RequestMappingHandlerMapping - Mapped "{[/modelparameter/delete/{id}],methods=[POST]}" onto public cn.yuchen.bigdate.rs.utility.ResponseResult<java.lang.Boolean> cn.yuchen.bigdate.rs.model.controller.ModelParameterController.delete(java.lang.Long)
2018-08-07 10:13:16.109 [main] INFO  o.s.w.s.m.m.a.RequestMappingHandlerMapping - Mapped "{[/modelparameter/find/{id}],methods=[POST]}" onto public cn.yuchen.bigdate.rs.utility.ResponseResult<cn.yuchen.bigdate.rs.model.pojo.vo.ModelParameterVo> cn.yuchen.bigdate.rs.model.controller.ModelParameterController.findByPage(java.lang.Long)
2018-08-07 10:13:16.125 [main] INFO  o.s.w.s.m.m.a.RequestMappingHandlerMapping - Mapped "{[/log/add],methods=[POST]}" onto public cn.yuchen.bigdate.rs.utility.ResponseResult<java.lang.Boolean> cn.yuchen.bigdate.rs.operatedlog.controller.OperatedLogController.add(cn.yuchen.bigdate.rs.operatedlog.pojo.vo.OperatedLogVo)
2018-08-07 10:13:16.125 [main] INFO  o.s.w.s.m.m.a.RequestMappingHandlerMapping - Mapped "{[/log/findByPage],methods=[POST]}" onto public cn.yuchen.bigdate.rs.utility.ResponseResult<com.github.pagehelper.PageInfo<cn.yuchen.bigdate.rs.operatedlog.pojo.vo.OperatedLogVo>> cn.yuchen.bigdate.rs.operatedlog.controller.OperatedLogController.findByPage(cn.yuchen.bigdate.rs.operatedlog.pojo.vo.OperatedLogVo)
2018-08-07 10:13:16.125 [main] INFO  o.s.w.s.m.m.a.RequestMappingHandlerMapping - Mapped "{[/user/getSolr/{id}],methods=[GET]}" onto public cn.yuchen.bigdate.rs.utility.ResponseResult<cn.yuchen.bigdate.rs.usermanagement.pojo.vo.UserVo> cn.yuchen.bigdate.rs.usermanagement.controller.UserController.findUserVoFromSolr(java.lang.Integer) throws java.io.IOException,org.apache.solr.client.solrj.SolrServerException
2018-08-07 10:13:16.125 [main] INFO  o.s.w.s.m.m.a.RequestMappingHandlerMapping - Mapped "{[/user/addDB],methods=[POST]}" onto public cn.yuchen.bigdate.rs.utility.ResponseResult<java.lang.String> cn.yuchen.bigdate.rs.usermanagement.controller.UserController.addUserForDB(cn.yuchen.bigdate.rs.usermanagement.pojo.vo.UserVo)
2018-08-07 10:13:16.125 [main] INFO  o.s.w.s.m.m.a.RequestMappingHandlerMapping - Mapped "{[/user/findDB],methods=[POST]}" onto public cn.yuchen.bigdate.rs.utility.ResponseResult<cn.yuchen.bigdate.rs.usermanagement.pojo.vo.UserVo> cn.yuchen.bigdate.rs.usermanagement.controller.UserController.findUserForDB()
2018-08-07 10:13:16.125 [main] INFO  o.s.w.s.m.m.a.RequestMappingHandlerMapping - Mapped "{[/user/getUser/{id}],methods=[GET]}" onto public cn.yuchen.bigdate.rs.utility.ResponseResult<cn.yuchen.bigdate.rs.usermanagement.pojo.vo.UserVo> cn.yuchen.bigdate.rs.usermanagement.controller.UserController.findUserVoById(java.lang.Integer)
2018-08-07 10:13:16.125 [main] INFO  o.s.w.s.m.m.a.RequestMappingHandlerMapping - Mapped "{[/user/hello/{s}],methods=[POST]}" onto public cn.yuchen.bigdate.rs.utility.ResponseResult<java.lang.String> cn.yuchen.bigdate.rs.usermanagement.controller.UserController.sayHello(java.lang.String)
2018-08-07 10:13:16.125 [main] INFO  o.s.w.s.m.m.a.RequestMappingHandlerMapping - Mapped "{[/user/add],methods=[POST]}" onto public cn.yuchen.bigdate.rs.utility.ResponseResult<java.lang.Boolean> cn.yuchen.bigdate.rs.usermanagement.controller.UserController.addUser(cn.yuchen.bigdate.rs.usermanagement.pojo.vo.UserVo)
2018-08-07 10:13:16.125 [main] INFO  o.s.w.s.m.m.a.RequestMappingHandlerMapping - Mapped "{[/error]}" onto public org.springframework.http.ResponseEntity<java.util.Map<java.lang.String, java.lang.Object>> org.springframework.boot.autoconfigure.web.servlet.error.BasicErrorController.error(javax.servlet.http.HttpServletRequest)
2018-08-07 10:13:16.125 [main] INFO  o.s.w.s.m.m.a.RequestMappingHandlerMapping - Mapped "{[/error],produces=[text/html]}" onto public org.springframework.web.servlet.ModelAndView org.springframework.boot.autoconfigure.web.servlet.error.BasicErrorController.errorHtml(javax.servlet.http.HttpServletRequest,javax.servlet.http.HttpServletResponse)
2018-08-07 10:13:16.156 [main] INFO  o.s.web.servlet.handler.SimpleUrlHandlerMapping - Mapped URL path [/webjars/**] onto handler of type [class org.springframework.web.servlet.resource.ResourceHttpRequestHandler]
2018-08-07 10:13:16.156 [main] INFO  o.s.web.servlet.handler.SimpleUrlHandlerMapping - Mapped URL path [/**] onto handler of type [class org.springframework.web.servlet.resource.ResourceHttpRequestHandler]
2018-08-07 10:13:16.172 [main] INFO  o.s.w.s.m.m.a.ExceptionHandlerExceptionResolver - Detected @ExceptionHandler methods in globalExceptionHandler
2018-08-07 10:13:16.515 [main] INFO  o.s.jmx.export.annotation.AnnotationMBeanExporter - Registering beans for JMX exposure on startup
2018-08-07 10:13:16.515 [main] INFO  o.s.jmx.export.annotation.AnnotationMBeanExporter - Bean with name 'dataSource' has been autodetected for JMX exposure
2018-08-07 10:13:16.515 [main] INFO  o.s.jmx.export.annotation.AnnotationMBeanExporter - Located MBean 'dataSource': registering with JMX server as MBean [com.zaxxer.hikari:name=dataSource,type=HikariDataSource]
2018-08-07 10:13:16.547 [main] INFO  org.apache.coyote.http11.Http11NioProtocol - Starting ProtocolHandler ["http-nio-8080"]
2018-08-07 10:13:16.562 [main] INFO  org.apache.tomcat.util.net.NioSelectorPool - Using a shared selector for servlet write/read
2018-08-07 10:13:16.578 [main] INFO  o.s.boot.web.embedded.tomcat.TomcatWebServer - Tomcat started on port(s): 8080 (http) with context path '/test'
2018-08-07 10:13:16.578 [main] INFO  cn.yuchen.bigdate.rs.RegionalstabilityApplication - Started RegionalstabilityApplication in 4.749 seconds (JVM running for 5.877)
2018-08-07 10:15:09.123 [main] INFO  cn.yuchen.bigdate.rs.RegionalstabilityApplication - Starting RegionalstabilityApplication on DESKTOP-9BCQK4L with PID 13112 (E:\java_evn\java_IDE\ideaSpace\regionalstability\target\classes started by wzx in E:\java_evn\java_IDE\ideaSpace\regionalstability)
2018-08-07 10:15:09.138 [main] INFO  cn.yuchen.bigdate.rs.RegionalstabilityApplication - The following profiles are active: test
2018-08-07 10:15:09.227 [main] INFO  o.s.b.w.s.c.AnnotationConfigServletWebServerApplicationContext - Refreshing org.springframework.boot.web.servlet.context.AnnotationConfigServletWebServerApplicationContext@6ce86ce1: startup date [Tue Aug 07 10:15:09 CST 2018]; root of context hierarchy
2018-08-07 10:15:09.916 [main] INFO  o.s.d.r.config.RepositoryConfigurationDelegate - Multiple Spring Data modules found, entering strict repository configuration mode!
2018-08-07 10:15:09.983 [main] INFO  o.s.d.r.config.RepositoryConfigurationDelegate - Multiple Spring Data modules found, entering strict repository configuration mode!
2018-08-07 10:15:09.985 [main] INFO  o.s.d.r.c.RepositoryConfigurationExtensionSupport - Spring Data Redis - Could not safely identify store assignment for repository candidate interface cn.yuchen.bigdate.rs.usermanagement.repository.UserRepository.
2018-08-07 10:15:10.339 [main] INFO  o.s.c.s.PostProcessorRegistrationDelegate$BeanPostProcessorChecker - Bean 'org.springframework.transaction.annotation.ProxyTransactionManagementConfiguration' of type [org.springframework.transaction.annotation.ProxyTransactionManagementConfiguration$$EnhancerBySpringCGLIB$$56999ad5] is not eligible for getting processed by all BeanPostProcessors (for example: not eligible for auto-proxying)
2018-08-07 10:15:10.582 [main] INFO  o.s.boot.web.embedded.tomcat.TomcatWebServer - Tomcat initialized with port(s): 8080 (http)
2018-08-07 10:15:10.594 [main] INFO  org.apache.coyote.http11.Http11NioProtocol - Initializing ProtocolHandler ["http-nio-8080"]
2018-08-07 10:15:10.603 [main] INFO  org.apache.catalina.core.StandardService - Starting service [Tomcat]
2018-08-07 10:15:10.603 [main] INFO  org.apache.catalina.core.StandardEngine - Starting Servlet Engine: Apache Tomcat/8.5.31
2018-08-07 10:15:10.607 [localhost-startStop-1] INFO  org.apache.catalina.core.AprLifecycleListener - The APR based Apache Tomcat Native library which allows optimal performance in production environments was not found on the java.library.path: [E:\java_evn\java_JDK\bin;C:\WINDOWS\Sun\Java\bin;C:\WINDOWS\system32;C:\WINDOWS;C:\Program Files (x86)\Intel\Intel(R) Management Engine Components\iCLS\;C:\Program Files\Intel\Intel(R) Management Engine Components\iCLS\;C:\Program Files (x86)\Common Files\Oracle\Java\javapath;C:\WINDOWS\system32;C:\WINDOWS;C:\WINDOWS\System32\Wbem;C:\WINDOWS\System32\WindowsPowerShell\v1.0\;E:\java_evn\java_JDK\bin;E:\java_evn\java_JDK\jre\bin;E:\java_evn\Git\Git\cmd;E:\java_evn\Maven\apache-maven-3.5.0\bin\;C:\Program Files (x86)\Intel\Intel(R) Management Engine Components\DAL;C:\Program Files\Intel\Intel(R) Management Engine Components\DAL;C:\Program Files (x86)\Intel\Intel(R) Management Engine Components\IPT;C:\Program Files\Intel\Intel(R) Management Engine Components\IPT;C:\Program Files (x86)\MySQL\MySQL Utilities 1.6\;C:\WINDOWS\System32\OpenSSH\;C:\Users\wzx\AppData\Local\Microsoft\WindowsApps;;.]
2018-08-07 10:15:10.701 [localhost-startStop-1] INFO  o.a.c.c.ContainerBase.[Tomcat].[localhost].[/test] - Initializing Spring embedded WebApplicationContext
2018-08-07 10:15:10.701 [localhost-startStop-1] INFO  org.springframework.web.context.ContextLoader - Root WebApplicationContext: initialization completed in 1474 ms
2018-08-07 10:15:10.816 [localhost-startStop-1] INFO  o.s.boot.web.servlet.ServletRegistrationBean - Servlet dispatcherServlet mapped to [/]
2018-08-07 10:15:10.832 [localhost-startStop-1] INFO  o.s.boot.web.servlet.FilterRegistrationBean - Mapping filter: 'characterEncodingFilter' to: [/*]
2018-08-07 10:15:10.832 [localhost-startStop-1] INFO  o.s.boot.web.servlet.FilterRegistrationBean - Mapping filter: 'hiddenHttpMethodFilter' to: [/*]
2018-08-07 10:15:10.832 [localhost-startStop-1] INFO  o.s.boot.web.servlet.FilterRegistrationBean - Mapping filter: 'httpPutFormContentFilter' to: [/*]
2018-08-07 10:15:10.832 [localhost-startStop-1] INFO  o.s.boot.web.servlet.FilterRegistrationBean - Mapping filter: 'requestContextFilter' to: [/*]
2018-08-07 10:15:11.832 [main] INFO  org.mongodb.driver.cluster - Cluster created with settings {hosts=[192.168.100.188:27017], mode=SINGLE, requiredClusterType=UNKNOWN, serverSelectionTimeout='30000 ms', maxWaitQueueSize=500}
2018-08-07 10:15:11.942 [cluster-ClusterId{value='5b6900af65035f3338308824', description='null'}-192.168.100.188:27017] INFO  org.mongodb.driver.connection - Opened connection [connectionId{localValue:1, serverValue:146}] to 192.168.100.188:27017
2018-08-07 10:15:11.942 [cluster-ClusterId{value='5b6900af65035f3338308824', description='null'}-192.168.100.188:27017] INFO  org.mongodb.driver.cluster - Monitor thread successfully connected to server with description ServerDescription{address=192.168.100.188:27017, type=STANDALONE, state=CONNECTED, ok=true, version=ServerVersion{versionList=[3, 6, 1]}, minWireVersion=0, maxWireVersion=6, maxDocumentSize=16777216, logicalSessionTimeoutMinutes=30, roundTripTimeNanos=2454524}
2018-08-07 10:15:12.497 [main] INFO  o.s.web.servlet.handler.SimpleUrlHandlerMapping - Mapped URL path [/**/favicon.ico] onto handler of type [class org.springframework.web.servlet.resource.ResourceHttpRequestHandler]
2018-08-07 10:15:12.705 [main] INFO  o.s.w.s.m.m.a.RequestMappingHandlerAdapter - Looking for @ControllerAdvice: org.springframework.boot.web.servlet.context.AnnotationConfigServletWebServerApplicationContext@6ce86ce1: startup date [Tue Aug 07 10:15:09 CST 2018]; root of context hierarchy
2018-08-07 10:15:12.759 [main] INFO  o.s.w.s.m.m.a.RequestMappingHandlerMapping - Mapped "{[/model/add],methods=[POST]}" onto public cn.yuchen.bigdate.rs.utility.ResponseResult<java.lang.Boolean> cn.yuchen.bigdate.rs.model.controller.ModelController.add(cn.yuchen.bigdate.rs.model.pojo.vo.ModelVo)
2018-08-07 10:15:12.761 [main] INFO  o.s.w.s.m.m.a.RequestMappingHandlerMapping - Mapped "{[/model/update],methods=[POST]}" onto public cn.yuchen.bigdate.rs.utility.ResponseResult<java.lang.Boolean> cn.yuchen.bigdate.rs.model.controller.ModelController.update(cn.yuchen.bigdate.rs.model.pojo.vo.ModelVo)
2018-08-07 10:15:12.761 [main] INFO  o.s.w.s.m.m.a.RequestMappingHandlerMapping - Mapped "{[/model/delete/{id}],methods=[POST]}" onto public cn.yuchen.bigdate.rs.utility.ResponseResult<java.lang.Boolean> cn.yuchen.bigdate.rs.model.controller.ModelController.delete(java.lang.Long)
2018-08-07 10:15:12.761 [main] INFO  o.s.w.s.m.m.a.RequestMappingHandlerMapping - Mapped "{[/model/find/{id}],methods=[POST]}" onto public cn.yuchen.bigdate.rs.utility.ResponseResult<cn.yuchen.bigdate.rs.model.pojo.vo.ModelVo> cn.yuchen.bigdate.rs.model.controller.ModelController.findById(java.lang.Long)
2018-08-07 10:15:12.762 [main] INFO  o.s.w.s.m.m.a.RequestMappingHandlerMapping - Mapped "{[/model/findbypage],methods=[POST]}" onto public cn.yuchen.bigdate.rs.utility.ResponseResult<com.github.pagehelper.PageInfo<cn.yuchen.bigdate.rs.model.pojo.vo.ModelVo>> cn.yuchen.bigdate.rs.model.controller.ModelController.findByPage(cn.yuchen.bigdate.rs.model.pojo.webvo.ModelPageVo)
2018-08-07 10:15:12.763 [main] INFO  o.s.w.s.m.m.a.RequestMappingHandlerMapping - Mapped "{[/modelmethod/add],methods=[POST]}" onto public cn.yuchen.bigdate.rs.utility.ResponseResult<java.lang.Boolean> cn.yuchen.bigdate.rs.model.controller.ModelMethodController.add(cn.yuchen.bigdate.rs.model.pojo.webvo.ModelMethodParameterVo)
2018-08-07 10:15:12.764 [main] INFO  o.s.w.s.m.m.a.RequestMappingHandlerMapping - Mapped "{[/modelmethod/update],methods=[POST]}" onto public cn.yuchen.bigdate.rs.utility.ResponseResult<java.lang.Boolean> cn.yuchen.bigdate.rs.model.controller.ModelMethodController.update(cn.yuchen.bigdate.rs.model.pojo.webvo.ModelMethodParameterVo)
2018-08-07 10:15:12.764 [main] INFO  o.s.w.s.m.m.a.RequestMappingHandlerMapping - Mapped "{[/modelmethod/delete/{id}],methods=[POST]}" onto public cn.yuchen.bigdate.rs.utility.ResponseResult<java.lang.Boolean> cn.yuchen.bigdate.rs.model.controller.ModelMethodController.delete(java.lang.Long)
2018-08-07 10:15:12.765 [main] INFO  o.s.w.s.m.m.a.RequestMappingHandlerMapping - Mapped "{[/modelmethod/findall],methods=[POST]}" onto public cn.yuchen.bigdate.rs.utility.ResponseResult<com.github.pagehelper.PageInfo<cn.yuchen.bigdate.rs.model.pojo.webvo.ModelMethodParameterVo>> cn.yuchen.bigdate.rs.model.controller.ModelMethodController.findAll(cn.yuchen.bigdate.rs.model.pojo.webvo.ModelPageVo)
2018-08-07 10:15:12.765 [main] INFO  o.s.w.s.m.m.a.RequestMappingHandlerMapping - Mapped "{[/modelmethod/findbypage],methods=[POST]}" onto public cn.yuchen.bigdate.rs.utility.ResponseResult<com.github.pagehelper.PageInfo<cn.yuchen.bigdate.rs.model.pojo.vo.ModelMethodVo>> cn.yuchen.bigdate.rs.model.controller.ModelMethodController.findByPage(cn.yuchen.bigdate.rs.model.pojo.webvo.ModelPageVo)
2018-08-07 10:15:12.766 [main] INFO  o.s.w.s.m.m.a.RequestMappingHandlerMapping - Mapped "{[/modelmethod/find/{id}],methods=[POST]}" onto public cn.yuchen.bigdate.rs.utility.ResponseResult<cn.yuchen.bigdate.rs.model.pojo.vo.ModelMethodVo> cn.yuchen.bigdate.rs.model.controller.ModelMethodController.findByPage(java.lang.Long)
2018-08-07 10:15:12.770 [main] INFO  o.s.w.s.m.m.a.RequestMappingHandlerMapping - Mapped "{[/modelmodule/add],methods=[POST]}" onto public cn.yuchen.bigdate.rs.utility.ResponseResult<java.lang.Boolean> cn.yuchen.bigdate.rs.model.controller.ModelModuleController.add(cn.yuchen.bigdate.rs.model.pojo.vo.ModelModuleVo)
2018-08-07 10:15:12.770 [main] INFO  o.s.w.s.m.m.a.RequestMappingHandlerMapping - Mapped "{[/modelmodule/update],methods=[POST]}" onto public cn.yuchen.bigdate.rs.utility.ResponseResult<java.lang.Boolean> cn.yuchen.bigdate.rs.model.controller.ModelModuleController.update(cn.yuchen.bigdate.rs.model.pojo.vo.ModelModuleVo)
2018-08-07 10:15:12.771 [main] INFO  o.s.w.s.m.m.a.RequestMappingHandlerMapping - Mapped "{[/modelmodule/delete/{id}],methods=[POST]}" onto public cn.yuchen.bigdate.rs.utility.ResponseResult<java.lang.Boolean> cn.yuchen.bigdate.rs.model.controller.ModelModuleController.delete(java.lang.Long)
2018-08-07 10:15:12.771 [main] INFO  o.s.w.s.m.m.a.RequestMappingHandlerMapping - Mapped "{[/modelmodule/findall],methods=[POST]}" onto public cn.yuchen.bigdate.rs.utility.ResponseResult<java.util.List<cn.yuchen.bigdate.rs.model.pojo.vo.ModelModuleVo>> cn.yuchen.bigdate.rs.model.controller.ModelModuleController.findAll()
2018-08-07 10:15:12.771 [main] INFO  o.s.w.s.m.m.a.RequestMappingHandlerMapping - Mapped "{[/modelmodule/findbypage],methods=[POST]}" onto public cn.yuchen.bigdate.rs.utility.ResponseResult<com.github.pagehelper.PageInfo<cn.yuchen.bigdate.rs.model.pojo.vo.ModelModuleVo>> cn.yuchen.bigdate.rs.model.controller.ModelModuleController.findByPage(cn.yuchen.bigdate.rs.model.pojo.webvo.ModelPageVo)
2018-08-07 10:15:12.774 [main] INFO  o.s.w.s.m.m.a.RequestMappingHandlerMapping - Mapped "{[/modelparameter/add],methods=[POST]}" onto public cn.yuchen.bigdate.rs.utility.ResponseResult<java.lang.Boolean> cn.yuchen.bigdate.rs.model.controller.ModelParameterController.add(cn.yuchen.bigdate.rs.model.pojo.vo.ModelParameterVo)
2018-08-07 10:15:12.774 [main] INFO  o.s.w.s.m.m.a.RequestMappingHandlerMapping - Mapped "{[/modelparameter/update],methods=[POST]}" onto public cn.yuchen.bigdate.rs.utility.ResponseResult<java.lang.Boolean> cn.yuchen.bigdate.rs.model.controller.ModelParameterController.update(cn.yuchen.bigdate.rs.model.pojo.vo.ModelParameterVo)
2018-08-07 10:15:12.775 [main] INFO  o.s.w.s.m.m.a.RequestMappingHandlerMapping - Mapped "{[/modelparameter/delete/{id}],methods=[POST]}" onto public cn.yuchen.bigdate.rs.utility.ResponseResult<java.lang.Boolean> cn.yuchen.bigdate.rs.model.controller.ModelParameterController.delete(java.lang.Long)
2018-08-07 10:15:12.775 [main] INFO  o.s.w.s.m.m.a.RequestMappingHandlerMapping - Mapped "{[/modelparameter/find/{id}],methods=[POST]}" onto public cn.yuchen.bigdate.rs.utility.ResponseResult<cn.yuchen.bigdate.rs.model.pojo.vo.ModelParameterVo> cn.yuchen.bigdate.rs.model.controller.ModelParameterController.findByPage(java.lang.Long)
2018-08-07 10:15:12.776 [main] INFO  o.s.w.s.m.m.a.RequestMappingHandlerMapping - Mapped "{[/log/add],methods=[POST]}" onto public cn.yuchen.bigdate.rs.utility.ResponseResult<java.lang.Boolean> cn.yuchen.bigdate.rs.operatedlog.controller.OperatedLogController.add(cn.yuchen.bigdate.rs.operatedlog.pojo.vo.OperatedLogVo)
2018-08-07 10:15:12.776 [main] INFO  o.s.w.s.m.m.a.RequestMappingHandlerMapping - Mapped "{[/log/findByPage],methods=[POST]}" onto public cn.yuchen.bigdate.rs.utility.ResponseResult<com.github.pagehelper.PageInfo<cn.yuchen.bigdate.rs.operatedlog.pojo.vo.OperatedLogVo>> cn.yuchen.bigdate.rs.operatedlog.controller.OperatedLogController.findByPage(cn.yuchen.bigdate.rs.operatedlog.pojo.vo.OperatedLogVo)
2018-08-07 10:15:12.779 [main] INFO  o.s.w.s.m.m.a.RequestMappingHandlerMapping - Mapped "{[/user/getSolr/{id}],methods=[GET]}" onto public cn.yuchen.bigdate.rs.utility.ResponseResult<cn.yuchen.bigdate.rs.usermanagement.pojo.vo.UserVo> cn.yuchen.bigdate.rs.usermanagement.controller.UserController.findUserVoFromSolr(java.lang.Integer) throws java.io.IOException,org.apache.solr.client.solrj.SolrServerException
2018-08-07 10:15:12.779 [main] INFO  o.s.w.s.m.m.a.RequestMappingHandlerMapping - Mapped "{[/user/getUser/{id}],methods=[GET]}" onto public cn.yuchen.bigdate.rs.utility.ResponseResult<cn.yuchen.bigdate.rs.usermanagement.pojo.vo.UserVo> cn.yuchen.bigdate.rs.usermanagement.controller.UserController.findUserVoById(java.lang.Integer)
2018-08-07 10:15:12.779 [main] INFO  o.s.w.s.m.m.a.RequestMappingHandlerMapping - Mapped "{[/user/addDB],methods=[POST]}" onto public cn.yuchen.bigdate.rs.utility.ResponseResult<java.lang.String> cn.yuchen.bigdate.rs.usermanagement.controller.UserController.addUserForDB(cn.yuchen.bigdate.rs.usermanagement.pojo.vo.UserVo)
2018-08-07 10:15:12.780 [main] INFO  o.s.w.s.m.m.a.RequestMappingHandlerMapping - Mapped "{[/user/findDB],methods=[POST]}" onto public cn.yuchen.bigdate.rs.utility.ResponseResult<cn.yuchen.bigdate.rs.usermanagement.pojo.vo.UserVo> cn.yuchen.bigdate.rs.usermanagement.controller.UserController.findUserForDB()
2018-08-07 10:15:12.780 [main] INFO  o.s.w.s.m.m.a.RequestMappingHandlerMapping - Mapped "{[/user/hello/{s}],methods=[POST]}" onto public cn.yuchen.bigdate.rs.utility.ResponseResult<java.lang.String> cn.yuchen.bigdate.rs.usermanagement.controller.UserController.sayHello(java.lang.String)
2018-08-07 10:15:12.780 [main] INFO  o.s.w.s.m.m.a.RequestMappingHandlerMapping - Mapped "{[/user/add],methods=[POST]}" onto public cn.yuchen.bigdate.rs.utility.ResponseResult<java.lang.Boolean> cn.yuchen.bigdate.rs.usermanagement.controller.UserController.addUser(cn.yuchen.bigdate.rs.usermanagement.pojo.vo.UserVo)
2018-08-07 10:15:12.782 [main] INFO  o.s.w.s.m.m.a.RequestMappingHandlerMapping - Mapped "{[/error]}" onto public org.springframework.http.ResponseEntity<java.util.Map<java.lang.String, java.lang.Object>> org.springframework.boot.autoconfigure.web.servlet.error.BasicErrorController.error(javax.servlet.http.HttpServletRequest)
2018-08-07 10:15:12.782 [main] INFO  o.s.w.s.m.m.a.RequestMappingHandlerMapping - Mapped "{[/error],produces=[text/html]}" onto public org.springframework.web.servlet.ModelAndView org.springframework.boot.autoconfigure.web.servlet.error.BasicErrorController.errorHtml(javax.servlet.http.HttpServletRequest,javax.servlet.http.HttpServletResponse)
2018-08-07 10:15:12.801 [main] INFO  o.s.web.servlet.handler.SimpleUrlHandlerMapping - Mapped URL path [/webjars/**] onto handler of type [class org.springframework.web.servlet.resource.ResourceHttpRequestHandler]
2018-08-07 10:15:12.801 [main] INFO  o.s.web.servlet.handler.SimpleUrlHandlerMapping - Mapped URL path [/**] onto handler of type [class org.springframework.web.servlet.resource.ResourceHttpRequestHandler]
2018-08-07 10:15:12.816 [main] INFO  o.s.w.s.m.m.a.ExceptionHandlerExceptionResolver - Detected @ExceptionHandler methods in globalExceptionHandler
2018-08-07 10:15:13.154 [main] INFO  o.s.jmx.export.annotation.AnnotationMBeanExporter - Registering beans for JMX exposure on startup
2018-08-07 10:15:13.154 [main] INFO  o.s.jmx.export.annotation.AnnotationMBeanExporter - Bean with name 'dataSource' has been autodetected for JMX exposure
2018-08-07 10:15:13.154 [main] INFO  o.s.jmx.export.annotation.AnnotationMBeanExporter - Located MBean 'dataSource': registering with JMX server as MBean [com.zaxxer.hikari:name=dataSource,type=HikariDataSource]
2018-08-07 10:15:13.185 [main] INFO  org.apache.coyote.http11.Http11NioProtocol - Starting ProtocolHandler ["http-nio-8080"]
2018-08-07 10:15:13.202 [main] INFO  org.apache.tomcat.util.net.NioSelectorPool - Using a shared selector for servlet write/read
2018-08-07 10:15:13.218 [main] INFO  o.s.boot.web.embedded.tomcat.TomcatWebServer - Tomcat started on port(s): 8080 (http) with context path '/test'
2018-08-07 10:15:13.221 [main] INFO  cn.yuchen.bigdate.rs.RegionalstabilityApplication - Started RegionalstabilityApplication in 4.732 seconds (JVM running for 5.605)
2018-08-07 11:45:24.825 [main] INFO  cn.yuchen.bigdate.rs.RegionalstabilityApplication - Starting RegionalstabilityApplication on DESKTOP-9BCQK4L with PID 12816 (E:\java_evn\java_IDE\ideaSpace\regionalstability\target\classes started by wzx in E:\java_evn\java_IDE\ideaSpace\regionalstability)
2018-08-07 11:45:24.827 [main] INFO  cn.yuchen.bigdate.rs.RegionalstabilityApplication - The following profiles are active: test
2018-08-07 11:45:24.875 [main] INFO  o.s.b.w.s.c.AnnotationConfigServletWebServerApplicationContext - Refreshing org.springframework.boot.web.servlet.context.AnnotationConfigServletWebServerApplicationContext@d62fe5b: startup date [Tue Aug 07 11:45:24 CST 2018]; root of context hierarchy
2018-08-07 11:45:25.813 [main] INFO  o.s.d.r.config.RepositoryConfigurationDelegate - Multiple Spring Data modules found, entering strict repository configuration mode!
2018-08-07 11:45:25.874 [main] INFO  o.s.d.r.config.RepositoryConfigurationDelegate - Multiple Spring Data modules found, entering strict repository configuration mode!
2018-08-07 11:45:25.890 [main] INFO  o.s.d.r.c.RepositoryConfigurationExtensionSupport - Spring Data Redis - Could not safely identify store assignment for repository candidate interface cn.yuchen.bigdate.rs.usermanagement.repository.UserRepository.
2018-08-07 11:45:26.253 [main] INFO  o.s.c.s.PostProcessorRegistrationDelegate$BeanPostProcessorChecker - Bean 'org.springframework.transaction.annotation.ProxyTransactionManagementConfiguration' of type [org.springframework.transaction.annotation.ProxyTransactionManagementConfiguration$$EnhancerBySpringCGLIB$$4d4522e] is not eligible for getting processed by all BeanPostProcessors (for example: not eligible for auto-proxying)
2018-08-07 11:45:26.543 [main] INFO  o.s.boot.web.embedded.tomcat.TomcatWebServer - Tomcat initialized with port(s): 8080 (http)
2018-08-07 11:45:26.556 [main] INFO  org.apache.coyote.http11.Http11NioProtocol - Initializing ProtocolHandler ["http-nio-8080"]
2018-08-07 11:45:26.573 [main] INFO  org.apache.catalina.core.StandardService - Starting service [Tomcat]
2018-08-07 11:45:26.573 [main] INFO  org.apache.catalina.core.StandardEngine - Starting Servlet Engine: Apache Tomcat/8.5.31
2018-08-07 11:45:26.580 [localhost-startStop-1] INFO  org.apache.catalina.core.AprLifecycleListener - The APR based Apache Tomcat Native library which allows optimal performance in production environments was not found on the java.library.path: [E:\java_evn\java_JDK\bin;C:\WINDOWS\Sun\Java\bin;C:\WINDOWS\system32;C:\WINDOWS;C:\Program Files (x86)\Intel\Intel(R) Management Engine Components\iCLS\;C:\Program Files\Intel\Intel(R) Management Engine Components\iCLS\;C:\Program Files (x86)\Common Files\Oracle\Java\javapath;C:\WINDOWS\system32;C:\WINDOWS;C:\WINDOWS\System32\Wbem;C:\WINDOWS\System32\WindowsPowerShell\v1.0\;E:\java_evn\java_JDK\bin;E:\java_evn\java_JDK\jre\bin;E:\java_evn\Git\Git\cmd;E:\java_evn\Maven\apache-maven-3.5.0\bin\;C:\Program Files (x86)\Intel\Intel(R) Management Engine Components\DAL;C:\Program Files\Intel\Intel(R) Management Engine Components\DAL;C:\Program Files (x86)\Intel\Intel(R) Management Engine Components\IPT;C:\Program Files\Intel\Intel(R) Management Engine Components\IPT;C:\Program Files (x86)\MySQL\MySQL Utilities 1.6\;C:\WINDOWS\System32\OpenSSH\;C:\Users\wzx\AppData\Local\Microsoft\WindowsApps;;.]
2018-08-07 11:45:26.688 [localhost-startStop-1] INFO  o.a.c.c.ContainerBase.[Tomcat].[localhost].[/test] - Initializing Spring embedded WebApplicationContext
2018-08-07 11:45:26.688 [localhost-startStop-1] INFO  org.springframework.web.context.ContextLoader - Root WebApplicationContext: initialization completed in 1813 ms
2018-08-07 11:45:26.860 [localhost-startStop-1] INFO  o.s.boot.web.servlet.ServletRegistrationBean - Servlet dispatcherServlet mapped to [/]
2018-08-07 11:45:26.865 [localhost-startStop-1] INFO  o.s.boot.web.servlet.FilterRegistrationBean - Mapping filter: 'characterEncodingFilter' to: [/*]
2018-08-07 11:45:26.865 [localhost-startStop-1] INFO  o.s.boot.web.servlet.FilterRegistrationBean - Mapping filter: 'hiddenHttpMethodFilter' to: [/*]
2018-08-07 11:45:26.865 [localhost-startStop-1] INFO  o.s.boot.web.servlet.FilterRegistrationBean - Mapping filter: 'httpPutFormContentFilter' to: [/*]
2018-08-07 11:45:26.865 [localhost-startStop-1] INFO  o.s.boot.web.servlet.FilterRegistrationBean - Mapping filter: 'requestContextFilter' to: [/*]
2018-08-07 11:45:28.235 [main] INFO  org.mongodb.driver.cluster - Cluster created with settings {hosts=[192.168.100.188:27017], mode=SINGLE, requiredClusterType=UNKNOWN, serverSelectionTimeout='30000 ms', maxWaitQueueSize=500}
2018-08-07 11:45:28.378 [cluster-ClusterId{value='5b6915d865035f32107d984b', description='null'}-192.168.100.188:27017] INFO  org.mongodb.driver.connection - Opened connection [connectionId{localValue:1, serverValue:148}] to 192.168.100.188:27017
2018-08-07 11:45:28.383 [cluster-ClusterId{value='5b6915d865035f32107d984b', description='null'}-192.168.100.188:27017] INFO  org.mongodb.driver.cluster - Monitor thread successfully connected to server with description ServerDescription{address=192.168.100.188:27017, type=STANDALONE, state=CONNECTED, ok=true, version=ServerVersion{versionList=[3, 6, 1]}, minWireVersion=0, maxWireVersion=6, maxDocumentSize=16777216, logicalSessionTimeoutMinutes=30, roundTripTimeNanos=3113979}
2018-08-07 11:45:29.096 [main] INFO  o.s.web.servlet.handler.SimpleUrlHandlerMapping - Mapped URL path [/**/favicon.ico] onto handler of type [class org.springframework.web.servlet.resource.ResourceHttpRequestHandler]
2018-08-07 11:45:29.366 [main] INFO  o.s.w.s.m.m.a.RequestMappingHandlerAdapter - Looking for @ControllerAdvice: org.springframework.boot.web.servlet.context.AnnotationConfigServletWebServerApplicationContext@d62fe5b: startup date [Tue Aug 07 11:45:24 CST 2018]; root of context hierarchy
2018-08-07 11:45:29.427 [main] INFO  o.s.w.s.m.m.a.RequestMappingHandlerMapping - Mapped "{[/model/add],methods=[POST]}" onto public cn.yuchen.bigdate.rs.utility.ResponseResult<java.lang.Boolean> cn.yuchen.bigdate.rs.model.controller.ModelController.add(cn.yuchen.bigdate.rs.model.pojo.vo.ModelVo)
2018-08-07 11:45:29.430 [main] INFO  o.s.w.s.m.m.a.RequestMappingHandlerMapping - Mapped "{[/model/update],methods=[POST]}" onto public cn.yuchen.bigdate.rs.utility.ResponseResult<java.lang.Boolean> cn.yuchen.bigdate.rs.model.controller.ModelController.update(cn.yuchen.bigdate.rs.model.pojo.vo.ModelVo)
2018-08-07 11:45:29.430 [main] INFO  o.s.w.s.m.m.a.RequestMappingHandlerMapping - Mapped "{[/model/delete/{id}],methods=[POST]}" onto public cn.yuchen.bigdate.rs.utility.ResponseResult<java.lang.Boolean> cn.yuchen.bigdate.rs.model.controller.ModelController.delete(java.lang.Long)
2018-08-07 11:45:29.431 [main] INFO  o.s.w.s.m.m.a.RequestMappingHandlerMapping - Mapped "{[/model/find/{id}],methods=[POST]}" onto public cn.yuchen.bigdate.rs.utility.ResponseResult<cn.yuchen.bigdate.rs.model.pojo.vo.ModelVo> cn.yuchen.bigdate.rs.model.controller.ModelController.findById(java.lang.Long)
2018-08-07 11:45:29.431 [main] INFO  o.s.w.s.m.m.a.RequestMappingHandlerMapping - Mapped "{[/model/findbypage],methods=[POST]}" onto public cn.yuchen.bigdate.rs.utility.ResponseResult<com.github.pagehelper.PageInfo<cn.yuchen.bigdate.rs.model.pojo.vo.ModelVo>> cn.yuchen.bigdate.rs.model.controller.ModelController.findByPage(cn.yuchen.bigdate.rs.model.pojo.webvo.ModelPageVo)
2018-08-07 11:45:29.433 [main] INFO  o.s.w.s.m.m.a.RequestMappingHandlerMapping - Mapped "{[/modelmethod/add],methods=[POST]}" onto public cn.yuchen.bigdate.rs.utility.ResponseResult<java.lang.Boolean> cn.yuchen.bigdate.rs.model.controller.ModelMethodController.add(cn.yuchen.bigdate.rs.model.pojo.webvo.ModelMethodParameterVo)
2018-08-07 11:45:29.433 [main] INFO  o.s.w.s.m.m.a.RequestMappingHandlerMapping - Mapped "{[/modelmethod/update],methods=[POST]}" onto public cn.yuchen.bigdate.rs.utility.ResponseResult<java.lang.Boolean> cn.yuchen.bigdate.rs.model.controller.ModelMethodController.update(cn.yuchen.bigdate.rs.model.pojo.webvo.ModelMethodParameterVo)
2018-08-07 11:45:29.433 [main] INFO  o.s.w.s.m.m.a.RequestMappingHandlerMapping - Mapped "{[/modelmethod/delete/{id}],methods=[POST]}" onto public cn.yuchen.bigdate.rs.utility.ResponseResult<java.lang.Boolean> cn.yuchen.bigdate.rs.model.controller.ModelMethodController.delete(java.lang.Long)
2018-08-07 11:45:29.434 [main] INFO  o.s.w.s.m.m.a.RequestMappingHandlerMapping - Mapped "{[/modelmethod/findall],methods=[POST]}" onto public cn.yuchen.bigdate.rs.utility.ResponseResult<com.github.pagehelper.PageInfo<cn.yuchen.bigdate.rs.model.pojo.webvo.ModelMethodParameterVo>> cn.yuchen.bigdate.rs.model.controller.ModelMethodController.findAll(cn.yuchen.bigdate.rs.model.pojo.webvo.ModelPageVo)
2018-08-07 11:45:29.434 [main] INFO  o.s.w.s.m.m.a.RequestMappingHandlerMapping - Mapped "{[/modelmethod/find/{id}],methods=[POST]}" onto public cn.yuchen.bigdate.rs.utility.ResponseResult<cn.yuchen.bigdate.rs.model.pojo.vo.ModelMethodVo> cn.yuchen.bigdate.rs.model.controller.ModelMethodController.findByPage(java.lang.Long)
2018-08-07 11:45:29.435 [main] INFO  o.s.w.s.m.m.a.RequestMappingHandlerMapping - Mapped "{[/modelmethod/findbypage],methods=[POST]}" onto public cn.yuchen.bigdate.rs.utility.ResponseResult<com.github.pagehelper.PageInfo<cn.yuchen.bigdate.rs.model.pojo.vo.ModelMethodVo>> cn.yuchen.bigdate.rs.model.controller.ModelMethodController.findByPage(cn.yuchen.bigdate.rs.model.pojo.webvo.ModelPageVo)
2018-08-07 11:45:29.435 [main] INFO  o.s.w.s.m.m.a.RequestMappingHandlerMapping - Mapped "{[/modelmethod/findmmpvo/{id}],methods=[POST]}" onto public cn.yuchen.bigdate.rs.utility.ResponseResult<cn.yuchen.bigdate.rs.model.pojo.webvo.ModelMethodParameterVo> cn.yuchen.bigdate.rs.model.controller.ModelMethodController.findModelMethodParameterVoByMethodId(java.lang.Long)
2018-08-07 11:45:29.440 [main] INFO  o.s.w.s.m.m.a.RequestMappingHandlerMapping - Mapped "{[/modelmodule/add],methods=[POST]}" onto public cn.yuchen.bigdate.rs.utility.ResponseResult<java.lang.Boolean> cn.yuchen.bigdate.rs.model.controller.ModelModuleController.add(cn.yuchen.bigdate.rs.model.pojo.vo.ModelModuleVo)
2018-08-07 11:45:29.441 [main] INFO  o.s.w.s.m.m.a.RequestMappingHandlerMapping - Mapped "{[/modelmodule/update],methods=[POST]}" onto public cn.yuchen.bigdate.rs.utility.ResponseResult<java.lang.Boolean> cn.yuchen.bigdate.rs.model.controller.ModelModuleController.update(cn.yuchen.bigdate.rs.model.pojo.vo.ModelModuleVo)
2018-08-07 11:45:29.441 [main] INFO  o.s.w.s.m.m.a.RequestMappingHandlerMapping - Mapped "{[/modelmodule/delete/{id}],methods=[POST]}" onto public cn.yuchen.bigdate.rs.utility.ResponseResult<java.lang.Boolean> cn.yuchen.bigdate.rs.model.controller.ModelModuleController.delete(java.lang.Long)
2018-08-07 11:45:29.441 [main] INFO  o.s.w.s.m.m.a.RequestMappingHandlerMapping - Mapped "{[/modelmodule/findall],methods=[POST]}" onto public cn.yuchen.bigdate.rs.utility.ResponseResult<java.util.List<cn.yuchen.bigdate.rs.model.pojo.vo.ModelModuleVo>> cn.yuchen.bigdate.rs.model.controller.ModelModuleController.findAll()
2018-08-07 11:45:29.443 [main] INFO  o.s.w.s.m.m.a.RequestMappingHandlerMapping - Mapped "{[/modelmodule/findbypage],methods=[POST]}" onto public cn.yuchen.bigdate.rs.utility.ResponseResult<com.github.pagehelper.PageInfo<cn.yuchen.bigdate.rs.model.pojo.vo.ModelModuleVo>> cn.yuchen.bigdate.rs.model.controller.ModelModuleController.findByPage(cn.yuchen.bigdate.rs.model.pojo.webvo.ModelPageVo)
2018-08-07 11:45:29.444 [main] INFO  o.s.w.s.m.m.a.RequestMappingHandlerMapping - Mapped "{[/modelparameter/add],methods=[POST]}" onto public cn.yuchen.bigdate.rs.utility.ResponseResult<java.lang.Boolean> cn.yuchen.bigdate.rs.model.controller.ModelParameterController.add(cn.yuchen.bigdate.rs.model.pojo.vo.ModelParameterVo)
2018-08-07 11:45:29.444 [main] INFO  o.s.w.s.m.m.a.RequestMappingHandlerMapping - Mapped "{[/modelparameter/update],methods=[POST]}" onto public cn.yuchen.bigdate.rs.utility.ResponseResult<java.lang.Boolean> cn.yuchen.bigdate.rs.model.controller.ModelParameterController.update(cn.yuchen.bigdate.rs.model.pojo.vo.ModelParameterVo)
2018-08-07 11:45:29.445 [main] INFO  o.s.w.s.m.m.a.RequestMappingHandlerMapping - Mapped "{[/modelparameter/delete/{id}],methods=[POST]}" onto public cn.yuchen.bigdate.rs.utility.ResponseResult<java.lang.Boolean> cn.yuchen.bigdate.rs.model.controller.ModelParameterController.delete(java.lang.Long)
2018-08-07 11:45:29.445 [main] INFO  o.s.w.s.m.m.a.RequestMappingHandlerMapping - Mapped "{[/modelparameter/find/{id}],methods=[POST]}" onto public cn.yuchen.bigdate.rs.utility.ResponseResult<cn.yuchen.bigdate.rs.model.pojo.vo.ModelParameterVo> cn.yuchen.bigdate.rs.model.controller.ModelParameterController.findByPage(java.lang.Long)
2018-08-07 11:45:29.446 [main] INFO  o.s.w.s.m.m.a.RequestMappingHandlerMapping - Mapped "{[/log/add],methods=[POST]}" onto public cn.yuchen.bigdate.rs.utility.ResponseResult<java.lang.Boolean> cn.yuchen.bigdate.rs.operatedlog.controller.OperatedLogController.add(cn.yuchen.bigdate.rs.operatedlog.pojo.vo.OperatedLogVo)
2018-08-07 11:45:29.446 [main] INFO  o.s.w.s.m.m.a.RequestMappingHandlerMapping - Mapped "{[/log/findByPage],methods=[POST]}" onto public cn.yuchen.bigdate.rs.utility.ResponseResult<com.github.pagehelper.PageInfo<cn.yuchen.bigdate.rs.operatedlog.pojo.vo.OperatedLogVo>> cn.yuchen.bigdate.rs.operatedlog.controller.OperatedLogController.findByPage(cn.yuchen.bigdate.rs.operatedlog.pojo.vo.OperatedLogVo)
2018-08-07 11:45:29.448 [main] INFO  o.s.w.s.m.m.a.RequestMappingHandlerMapping - Mapped "{[/user/getSolr/{id}],methods=[GET]}" onto public cn.yuchen.bigdate.rs.utility.ResponseResult<cn.yuchen.bigdate.rs.usermanagement.pojo.vo.UserVo> cn.yuchen.bigdate.rs.usermanagement.controller.UserController.findUserVoFromSolr(java.lang.Integer) throws java.io.IOException,org.apache.solr.client.solrj.SolrServerException
2018-08-07 11:45:29.449 [main] INFO  o.s.w.s.m.m.a.RequestMappingHandlerMapping - Mapped "{[/user/add],methods=[POST]}" onto public cn.yuchen.bigdate.rs.utility.ResponseResult<java.lang.Boolean> cn.yuchen.bigdate.rs.usermanagement.controller.UserController.addUser(cn.yuchen.bigdate.rs.usermanagement.pojo.vo.UserVo)
2018-08-07 11:45:29.449 [main] INFO  o.s.w.s.m.m.a.RequestMappingHandlerMapping - Mapped "{[/user/addDB],methods=[POST]}" onto public cn.yuchen.bigdate.rs.utility.ResponseResult<java.lang.String> cn.yuchen.bigdate.rs.usermanagement.controller.UserController.addUserForDB(cn.yuchen.bigdate.rs.usermanagement.pojo.vo.UserVo)
2018-08-07 11:45:29.449 [main] INFO  o.s.w.s.m.m.a.RequestMappingHandlerMapping - Mapped "{[/user/hello/{s}],methods=[POST]}" onto public cn.yuchen.bigdate.rs.utility.ResponseResult<java.lang.String> cn.yuchen.bigdate.rs.usermanagement.controller.UserController.sayHello(java.lang.String)
2018-08-07 11:45:29.450 [main] INFO  o.s.w.s.m.m.a.RequestMappingHandlerMapping - Mapped "{[/user/getUser/{id}],methods=[GET]}" onto public cn.yuchen.bigdate.rs.utility.ResponseResult<cn.yuchen.bigdate.rs.usermanagement.pojo.vo.UserVo> cn.yuchen.bigdate.rs.usermanagement.controller.UserController.findUserVoById(java.lang.Integer)
2018-08-07 11:45:29.450 [main] INFO  o.s.w.s.m.m.a.RequestMappingHandlerMapping - Mapped "{[/user/findDB],methods=[POST]}" onto public cn.yuchen.bigdate.rs.utility.ResponseResult<cn.yuchen.bigdate.rs.usermanagement.pojo.vo.UserVo> cn.yuchen.bigdate.rs.usermanagement.controller.UserController.findUserForDB()
2018-08-07 11:45:29.451 [main] INFO  o.s.w.s.m.m.a.RequestMappingHandlerMapping - Mapped "{[/error]}" onto public org.springframework.http.ResponseEntity<java.util.Map<java.lang.String, java.lang.Object>> org.springframework.boot.autoconfigure.web.servlet.error.BasicErrorController.error(javax.servlet.http.HttpServletRequest)
2018-08-07 11:45:29.452 [main] INFO  o.s.w.s.m.m.a.RequestMappingHandlerMapping - Mapped "{[/error],produces=[text/html]}" onto public org.springframework.web.servlet.ModelAndView org.springframework.boot.autoconfigure.web.servlet.error.BasicErrorController.errorHtml(javax.servlet.http.HttpServletRequest,javax.servlet.http.HttpServletResponse)
2018-08-07 11:45:29.481 [main] INFO  o.s.web.servlet.handler.SimpleUrlHandlerMapping - Mapped URL path [/webjars/**] onto handler of type [class org.springframework.web.servlet.resource.ResourceHttpRequestHandler]
2018-08-07 11:45:29.481 [main] INFO  o.s.web.servlet.handler.SimpleUrlHandlerMapping - Mapped URL path [/**] onto handler of type [class org.springframework.web.servlet.resource.ResourceHttpRequestHandler]
2018-08-07 11:45:29.499 [main] INFO  o.s.w.s.m.m.a.ExceptionHandlerExceptionResolver - Detected @ExceptionHandler methods in globalExceptionHandler
2018-08-07 11:45:29.943 [main] INFO  o.s.jmx.export.annotation.AnnotationMBeanExporter - Registering beans for JMX exposure on startup
2018-08-07 11:45:29.945 [main] INFO  o.s.jmx.export.annotation.AnnotationMBeanExporter - Bean with name 'dataSource' has been autodetected for JMX exposure
2018-08-07 11:45:29.950 [main] INFO  o.s.jmx.export.annotation.AnnotationMBeanExporter - Located MBean 'dataSource': registering with JMX server as MBean [com.zaxxer.hikari:name=dataSource,type=HikariDataSource]
2018-08-07 11:45:29.962 [main] INFO  org.apache.coyote.http11.Http11NioProtocol - Starting ProtocolHandler ["http-nio-8080"]
2018-08-07 11:45:29.971 [main] INFO  org.apache.tomcat.util.net.NioSelectorPool - Using a shared selector for servlet write/read
2018-08-07 11:45:29.990 [main] INFO  o.s.boot.web.embedded.tomcat.TomcatWebServer - Tomcat started on port(s): 8080 (http) with context path '/test'
2018-08-07 11:45:29.994 [main] INFO  cn.yuchen.bigdate.rs.RegionalstabilityApplication - Started RegionalstabilityApplication in 5.822 seconds (JVM running for 6.984)
2018-08-07 11:46:04.963 [http-nio-8080-exec-1] INFO  o.a.c.c.ContainerBase.[Tomcat].[localhost].[/test] - Initializing Spring FrameworkServlet 'dispatcherServlet'
2018-08-07 11:46:04.964 [http-nio-8080-exec-1] INFO  org.springframework.web.servlet.DispatcherServlet - FrameworkServlet 'dispatcherServlet': initialization started
2018-08-07 11:46:04.988 [http-nio-8080-exec-1] INFO  org.springframework.web.servlet.DispatcherServlet - FrameworkServlet 'dispatcherServlet': initialization completed in 24 ms
2018-08-07 11:46:05.043 [http-nio-8080-exec-1] INFO  com.zaxxer.hikari.HikariDataSource - HikariPool-1 - Starting...
2018-08-07 11:46:05.246 [http-nio-8080-exec-1] INFO  com.zaxxer.hikari.HikariDataSource - HikariPool-1 - Start completed.
2018-08-07 11:46:28.617 [main] INFO  cn.yuchen.bigdate.rs.RegionalstabilityApplication - Starting RegionalstabilityApplication on DESKTOP-9BCQK4L with PID 14344 (E:\java_evn\java_IDE\ideaSpace\regionalstability\target\classes started by wzx in E:\java_evn\java_IDE\ideaSpace\regionalstability)
2018-08-07 11:46:28.620 [main] INFO  cn.yuchen.bigdate.rs.RegionalstabilityApplication - The following profiles are active: test
2018-08-07 11:46:28.744 [main] INFO  o.s.b.w.s.c.AnnotationConfigServletWebServerApplicationContext - Refreshing org.springframework.boot.web.servlet.context.AnnotationConfigServletWebServerApplicationContext@6fb365ed: startup date [Tue Aug 07 11:46:28 CST 2018]; root of context hierarchy
2018-08-07 11:46:29.342 [main] INFO  o.s.d.r.config.RepositoryConfigurationDelegate - Multiple Spring Data modules found, entering strict repository configuration mode!
2018-08-07 11:46:29.407 [main] INFO  o.s.d.r.config.RepositoryConfigurationDelegate - Multiple Spring Data modules found, entering strict repository configuration mode!
2018-08-07 11:46:29.423 [main] INFO  o.s.d.r.c.RepositoryConfigurationExtensionSupport - Spring Data Redis - Could not safely identify store assignment for repository candidate interface cn.yuchen.bigdate.rs.usermanagement.repository.UserRepository.
2018-08-07 11:46:29.786 [main] INFO  o.s.c.s.PostProcessorRegistrationDelegate$BeanPostProcessorChecker - Bean 'org.springframework.transaction.annotation.ProxyTransactionManagementConfiguration' of type [org.springframework.transaction.annotation.ProxyTransactionManagementConfiguration$$EnhancerBySpringCGLIB$$b50d7199] is not eligible for getting processed by all BeanPostProcessors (for example: not eligible for auto-proxying)
2018-08-07 11:46:30.091 [main] INFO  o.s.boot.web.embedded.tomcat.TomcatWebServer - Tomcat initialized with port(s): 8080 (http)
2018-08-07 11:46:30.104 [main] INFO  org.apache.coyote.http11.Http11NioProtocol - Initializing ProtocolHandler ["http-nio-8080"]
2018-08-07 11:46:30.114 [main] INFO  org.apache.catalina.core.StandardService - Starting service [Tomcat]
2018-08-07 11:46:30.114 [main] INFO  org.apache.catalina.core.StandardEngine - Starting Servlet Engine: Apache Tomcat/8.5.31
2018-08-07 11:46:30.121 [localhost-startStop-1] INFO  org.apache.catalina.core.AprLifecycleListener - The APR based Apache Tomcat Native library which allows optimal performance in production environments was not found on the java.library.path: [E:\java_evn\java_JDK\bin;C:\WINDOWS\Sun\Java\bin;C:\WINDOWS\system32;C:\WINDOWS;C:\Program Files (x86)\Intel\Intel(R) Management Engine Components\iCLS\;C:\Program Files\Intel\Intel(R) Management Engine Components\iCLS\;C:\Program Files (x86)\Common Files\Oracle\Java\javapath;C:\WINDOWS\system32;C:\WINDOWS;C:\WINDOWS\System32\Wbem;C:\WINDOWS\System32\WindowsPowerShell\v1.0\;E:\java_evn\java_JDK\bin;E:\java_evn\java_JDK\jre\bin;E:\java_evn\Git\Git\cmd;E:\java_evn\Maven\apache-maven-3.5.0\bin\;C:\Program Files (x86)\Intel\Intel(R) Management Engine Components\DAL;C:\Program Files\Intel\Intel(R) Management Engine Components\DAL;C:\Program Files (x86)\Intel\Intel(R) Management Engine Components\IPT;C:\Program Files\Intel\Intel(R) Management Engine Components\IPT;C:\Program Files (x86)\MySQL\MySQL Utilities 1.6\;C:\WINDOWS\System32\OpenSSH\;C:\Users\wzx\AppData\Local\Microsoft\WindowsApps;;.]
2018-08-07 11:46:30.223 [localhost-startStop-1] INFO  o.a.c.c.ContainerBase.[Tomcat].[localhost].[/test] - Initializing Spring embedded WebApplicationContext
2018-08-07 11:46:30.224 [localhost-startStop-1] INFO  org.springframework.web.context.ContextLoader - Root WebApplicationContext: initialization completed in 1480 ms
2018-08-07 11:46:30.418 [localhost-startStop-1] INFO  o.s.boot.web.servlet.ServletRegistrationBean - Servlet dispatcherServlet mapped to [/]
2018-08-07 11:46:30.422 [localhost-startStop-1] INFO  o.s.boot.web.servlet.FilterRegistrationBean - Mapping filter: 'characterEncodingFilter' to: [/*]
2018-08-07 11:46:30.422 [localhost-startStop-1] INFO  o.s.boot.web.servlet.FilterRegistrationBean - Mapping filter: 'hiddenHttpMethodFilter' to: [/*]
2018-08-07 11:46:30.423 [localhost-startStop-1] INFO  o.s.boot.web.servlet.FilterRegistrationBean - Mapping filter: 'httpPutFormContentFilter' to: [/*]
2018-08-07 11:46:30.423 [localhost-startStop-1] INFO  o.s.boot.web.servlet.FilterRegistrationBean - Mapping filter: 'requestContextFilter' to: [/*]
2018-08-07 11:46:31.590 [main] INFO  org.mongodb.driver.cluster - Cluster created with settings {hosts=[192.168.100.188:27017], mode=SINGLE, requiredClusterType=UNKNOWN, serverSelectionTimeout='30000 ms', maxWaitQueueSize=500}
2018-08-07 11:46:31.711 [cluster-ClusterId{value='5b69161765035f38084a6637', description='null'}-192.168.100.188:27017] INFO  org.mongodb.driver.connection - Opened connection [connectionId{localValue:1, serverValue:149}] to 192.168.100.188:27017
2018-08-07 11:46:31.715 [cluster-ClusterId{value='5b69161765035f38084a6637', description='null'}-192.168.100.188:27017] INFO  org.mongodb.driver.cluster - Monitor thread successfully connected to server with description ServerDescription{address=192.168.100.188:27017, type=STANDALONE, state=CONNECTED, ok=true, version=ServerVersion{versionList=[3, 6, 1]}, minWireVersion=0, maxWireVersion=6, maxDocumentSize=16777216, logicalSessionTimeoutMinutes=30, roundTripTimeNanos=2956966}
2018-08-07 11:46:32.349 [main] INFO  o.s.web.servlet.handler.SimpleUrlHandlerMapping - Mapped URL path [/**/favicon.ico] onto handler of type [class org.springframework.web.servlet.resource.ResourceHttpRequestHandler]
2018-08-07 11:46:32.607 [main] INFO  o.s.w.s.m.m.a.RequestMappingHandlerAdapter - Looking for @ControllerAdvice: org.springframework.boot.web.servlet.context.AnnotationConfigServletWebServerApplicationContext@6fb365ed: startup date [Tue Aug 07 11:46:28 CST 2018]; root of context hierarchy
2018-08-07 11:46:32.681 [main] INFO  o.s.w.s.m.m.a.RequestMappingHandlerMapping - Mapped "{[/model/add],methods=[POST]}" onto public cn.yuchen.bigdate.rs.utility.ResponseResult<java.lang.Boolean> cn.yuchen.bigdate.rs.model.controller.ModelController.add(cn.yuchen.bigdate.rs.model.pojo.vo.ModelVo)
2018-08-07 11:46:32.684 [main] INFO  o.s.w.s.m.m.a.RequestMappingHandlerMapping - Mapped "{[/model/update],methods=[POST]}" onto public cn.yuchen.bigdate.rs.utility.ResponseResult<java.lang.Boolean> cn.yuchen.bigdate.rs.model.controller.ModelController.update(cn.yuchen.bigdate.rs.model.pojo.vo.ModelVo)
2018-08-07 11:46:32.685 [main] INFO  o.s.w.s.m.m.a.RequestMappingHandlerMapping - Mapped "{[/model/delete/{id}],methods=[POST]}" onto public cn.yuchen.bigdate.rs.utility.ResponseResult<java.lang.Boolean> cn.yuchen.bigdate.rs.model.controller.ModelController.delete(java.lang.Long)
2018-08-07 11:46:32.685 [main] INFO  o.s.w.s.m.m.a.RequestMappingHandlerMapping - Mapped "{[/model/find/{id}],methods=[POST]}" onto public cn.yuchen.bigdate.rs.utility.ResponseResult<cn.yuchen.bigdate.rs.model.pojo.vo.ModelVo> cn.yuchen.bigdate.rs.model.controller.ModelController.findById(java.lang.Long)
2018-08-07 11:46:32.686 [main] INFO  o.s.w.s.m.m.a.RequestMappingHandlerMapping - Mapped "{[/model/findbypage],methods=[POST]}" onto public cn.yuchen.bigdate.rs.utility.ResponseResult<com.github.pagehelper.PageInfo<cn.yuchen.bigdate.rs.model.pojo.vo.ModelVo>> cn.yuchen.bigdate.rs.model.controller.ModelController.findByPage(cn.yuchen.bigdate.rs.model.pojo.webvo.ModelPageVo)
2018-08-07 11:46:32.688 [main] INFO  o.s.w.s.m.m.a.RequestMappingHandlerMapping - Mapped "{[/modelmethod/add],methods=[POST]}" onto public cn.yuchen.bigdate.rs.utility.ResponseResult<java.lang.Boolean> cn.yuchen.bigdate.rs.model.controller.ModelMethodController.add(cn.yuchen.bigdate.rs.model.pojo.webvo.ModelMethodParameterVo)
2018-08-07 11:46:32.689 [main] INFO  o.s.w.s.m.m.a.RequestMappingHandlerMapping - Mapped "{[/modelmethod/update],methods=[POST]}" onto public cn.yuchen.bigdate.rs.utility.ResponseResult<java.lang.Boolean> cn.yuchen.bigdate.rs.model.controller.ModelMethodController.update(cn.yuchen.bigdate.rs.model.pojo.webvo.ModelMethodParameterVo)
2018-08-07 11:46:32.689 [main] INFO  o.s.w.s.m.m.a.RequestMappingHandlerMapping - Mapped "{[/modelmethod/delete/{id}],methods=[POST]}" onto public cn.yuchen.bigdate.rs.utility.ResponseResult<java.lang.Boolean> cn.yuchen.bigdate.rs.model.controller.ModelMethodController.delete(java.lang.Long)
2018-08-07 11:46:32.690 [main] INFO  o.s.w.s.m.m.a.RequestMappingHandlerMapping - Mapped "{[/modelmethod/findall],methods=[POST]}" onto public cn.yuchen.bigdate.rs.utility.ResponseResult<com.github.pagehelper.PageInfo<cn.yuchen.bigdate.rs.model.pojo.webvo.ModelMethodParameterVo>> cn.yuchen.bigdate.rs.model.controller.ModelMethodController.findAll(cn.yuchen.bigdate.rs.model.pojo.webvo.ModelPageVo)
2018-08-07 11:46:32.690 [main] INFO  o.s.w.s.m.m.a.RequestMappingHandlerMapping - Mapped "{[/modelmethod/findmmpvo/{id}],methods=[POST]}" onto public cn.yuchen.bigdate.rs.utility.ResponseResult<cn.yuchen.bigdate.rs.model.pojo.webvo.ModelMethodParameterVo> cn.yuchen.bigdate.rs.model.controller.ModelMethodController.findModelMethodParameterVoByMethodId(java.lang.Long)
2018-08-07 11:46:32.690 [main] INFO  o.s.w.s.m.m.a.RequestMappingHandlerMapping - Mapped "{[/modelmethod/findbypage],methods=[POST]}" onto public cn.yuchen.bigdate.rs.utility.ResponseResult<com.github.pagehelper.PageInfo<cn.yuchen.bigdate.rs.model.pojo.vo.ModelMethodVo>> cn.yuchen.bigdate.rs.model.controller.ModelMethodController.findByPage(cn.yuchen.bigdate.rs.model.pojo.webvo.ModelPageVo)
2018-08-07 11:46:32.691 [main] INFO  o.s.w.s.m.m.a.RequestMappingHandlerMapping - Mapped "{[/modelmethod/find/{id}],methods=[POST]}" onto public cn.yuchen.bigdate.rs.utility.ResponseResult<cn.yuchen.bigdate.rs.model.pojo.vo.ModelMethodVo> cn.yuchen.bigdate.rs.model.controller.ModelMethodController.findByPage(java.lang.Long)
2018-08-07 11:46:32.695 [main] INFO  o.s.w.s.m.m.a.RequestMappingHandlerMapping - Mapped "{[/modelmodule/add],methods=[POST]}" onto public cn.yuchen.bigdate.rs.utility.ResponseResult<java.lang.Boolean> cn.yuchen.bigdate.rs.model.controller.ModelModuleController.add(cn.yuchen.bigdate.rs.model.pojo.vo.ModelModuleVo)
2018-08-07 11:46:32.696 [main] INFO  o.s.w.s.m.m.a.RequestMappingHandlerMapping - Mapped "{[/modelmodule/update],methods=[POST]}" onto public cn.yuchen.bigdate.rs.utility.ResponseResult<java.lang.Boolean> cn.yuchen.bigdate.rs.model.controller.ModelModuleController.update(cn.yuchen.bigdate.rs.model.pojo.vo.ModelModuleVo)
2018-08-07 11:46:32.696 [main] INFO  o.s.w.s.m.m.a.RequestMappingHandlerMapping - Mapped "{[/modelmodule/delete/{id}],methods=[POST]}" onto public cn.yuchen.bigdate.rs.utility.ResponseResult<java.lang.Boolean> cn.yuchen.bigdate.rs.model.controller.ModelModuleController.delete(java.lang.Long)
2018-08-07 11:46:32.696 [main] INFO  o.s.w.s.m.m.a.RequestMappingHandlerMapping - Mapped "{[/modelmodule/findall],methods=[POST]}" onto public cn.yuchen.bigdate.rs.utility.ResponseResult<java.util.List<cn.yuchen.bigdate.rs.model.pojo.vo.ModelModuleVo>> cn.yuchen.bigdate.rs.model.controller.ModelModuleController.findAll()
2018-08-07 11:46:32.698 [main] INFO  o.s.w.s.m.m.a.RequestMappingHandlerMapping - Mapped "{[/modelmodule/findbypage],methods=[POST]}" onto public cn.yuchen.bigdate.rs.utility.ResponseResult<com.github.pagehelper.PageInfo<cn.yuchen.bigdate.rs.model.pojo.vo.ModelModuleVo>> cn.yuchen.bigdate.rs.model.controller.ModelModuleController.findByPage(cn.yuchen.bigdate.rs.model.pojo.webvo.ModelPageVo)
2018-08-07 11:46:32.699 [main] INFO  o.s.w.s.m.m.a.RequestMappingHandlerMapping - Mapped "{[/modelparameter/add],methods=[POST]}" onto public cn.yuchen.bigdate.rs.utility.ResponseResult<java.lang.Boolean> cn.yuchen.bigdate.rs.model.controller.ModelParameterController.add(cn.yuchen.bigdate.rs.model.pojo.vo.ModelParameterVo)
2018-08-07 11:46:32.700 [main] INFO  o.s.w.s.m.m.a.RequestMappingHandlerMapping - Mapped "{[/modelparameter/update],methods=[POST]}" onto public cn.yuchen.bigdate.rs.utility.ResponseResult<java.lang.Boolean> cn.yuchen.bigdate.rs.model.controller.ModelParameterController.update(cn.yuchen.bigdate.rs.model.pojo.vo.ModelParameterVo)
2018-08-07 11:46:32.701 [main] INFO  o.s.w.s.m.m.a.RequestMappingHandlerMapping - Mapped "{[/modelparameter/delete/{id}],methods=[POST]}" onto public cn.yuchen.bigdate.rs.utility.ResponseResult<java.lang.Boolean> cn.yuchen.bigdate.rs.model.controller.ModelParameterController.delete(java.lang.Long)
2018-08-07 11:46:32.702 [main] INFO  o.s.w.s.m.m.a.RequestMappingHandlerMapping - Mapped "{[/modelparameter/find/{id}],methods=[POST]}" onto public cn.yuchen.bigdate.rs.utility.ResponseResult<cn.yuchen.bigdate.rs.model.pojo.vo.ModelParameterVo> cn.yuchen.bigdate.rs.model.controller.ModelParameterController.findByPage(java.lang.Long)
2018-08-07 11:46:32.703 [main] INFO  o.s.w.s.m.m.a.RequestMappingHandlerMapping - Mapped "{[/log/add],methods=[POST]}" onto public cn.yuchen.bigdate.rs.utility.ResponseResult<java.lang.Boolean> cn.yuchen.bigdate.rs.operatedlog.controller.OperatedLogController.add(cn.yuchen.bigdate.rs.operatedlog.pojo.vo.OperatedLogVo)
2018-08-07 11:46:32.703 [main] INFO  o.s.w.s.m.m.a.RequestMappingHandlerMapping - Mapped "{[/log/findByPage],methods=[POST]}" onto public cn.yuchen.bigdate.rs.utility.ResponseResult<com.github.pagehelper.PageInfo<cn.yuchen.bigdate.rs.operatedlog.pojo.vo.OperatedLogVo>> cn.yuchen.bigdate.rs.operatedlog.controller.OperatedLogController.findByPage(cn.yuchen.bigdate.rs.operatedlog.pojo.vo.OperatedLogVo)
2018-08-07 11:46:32.706 [main] INFO  o.s.w.s.m.m.a.RequestMappingHandlerMapping - Mapped "{[/user/add],methods=[POST]}" onto public cn.yuchen.bigdate.rs.utility.ResponseResult<java.lang.Boolean> cn.yuchen.bigdate.rs.usermanagement.controller.UserController.addUser(cn.yuchen.bigdate.rs.usermanagement.pojo.vo.UserVo)
2018-08-07 11:46:32.706 [main] INFO  o.s.w.s.m.m.a.RequestMappingHandlerMapping - Mapped "{[/user/getSolr/{id}],methods=[GET]}" onto public cn.yuchen.bigdate.rs.utility.ResponseResult<cn.yuchen.bigdate.rs.usermanagement.pojo.vo.UserVo> cn.yuchen.bigdate.rs.usermanagement.controller.UserController.findUserVoFromSolr(java.lang.Integer) throws java.io.IOException,org.apache.solr.client.solrj.SolrServerException
2018-08-07 11:46:32.706 [main] INFO  o.s.w.s.m.m.a.RequestMappingHandlerMapping - Mapped "{[/user/addDB],methods=[POST]}" onto public cn.yuchen.bigdate.rs.utility.ResponseResult<java.lang.String> cn.yuchen.bigdate.rs.usermanagement.controller.UserController.addUserForDB(cn.yuchen.bigdate.rs.usermanagement.pojo.vo.UserVo)
2018-08-07 11:46:32.707 [main] INFO  o.s.w.s.m.m.a.RequestMappingHandlerMapping - Mapped "{[/user/findDB],methods=[POST]}" onto public cn.yuchen.bigdate.rs.utility.ResponseResult<cn.yuchen.bigdate.rs.usermanagement.pojo.vo.UserVo> cn.yuchen.bigdate.rs.usermanagement.controller.UserController.findUserForDB()
2018-08-07 11:46:32.707 [main] INFO  o.s.w.s.m.m.a.RequestMappingHandlerMapping - Mapped "{[/user/getUser/{id}],methods=[GET]}" onto public cn.yuchen.bigdate.rs.utility.ResponseResult<cn.yuchen.bigdate.rs.usermanagement.pojo.vo.UserVo> cn.yuchen.bigdate.rs.usermanagement.controller.UserController.findUserVoById(java.lang.Integer)
2018-08-07 11:46:32.708 [main] INFO  o.s.w.s.m.m.a.RequestMappingHandlerMapping - Mapped "{[/user/hello/{s}],methods=[POST]}" onto public cn.yuchen.bigdate.rs.utility.ResponseResult<java.lang.String> cn.yuchen.bigdate.rs.usermanagement.controller.UserController.sayHello(java.lang.String)
2018-08-07 11:46:32.710 [main] INFO  o.s.w.s.m.m.a.RequestMappingHandlerMapping - Mapped "{[/error]}" onto public org.springframework.http.ResponseEntity<java.util.Map<java.lang.String, java.lang.Object>> org.springframework.boot.autoconfigure.web.servlet.error.BasicErrorController.error(javax.servlet.http.HttpServletRequest)
2018-08-07 11:46:32.710 [main] INFO  o.s.w.s.m.m.a.RequestMappingHandlerMapping - Mapped "{[/error],produces=[text/html]}" onto public org.springframework.web.servlet.ModelAndView org.springframework.boot.autoconfigure.web.servlet.error.BasicErrorController.errorHtml(javax.servlet.http.HttpServletRequest,javax.servlet.http.HttpServletResponse)
2018-08-07 11:46:32.740 [main] INFO  o.s.web.servlet.handler.SimpleUrlHandlerMapping - Mapped URL path [/webjars/**] onto handler of type [class org.springframework.web.servlet.resource.ResourceHttpRequestHandler]
2018-08-07 11:46:32.740 [main] INFO  o.s.web.servlet.handler.SimpleUrlHandlerMapping - Mapped URL path [/**] onto handler of type [class org.springframework.web.servlet.resource.ResourceHttpRequestHandler]
2018-08-07 11:46:32.757 [main] INFO  o.s.w.s.m.m.a.ExceptionHandlerExceptionResolver - Detected @ExceptionHandler methods in globalExceptionHandler
2018-08-07 11:46:33.187 [main] INFO  o.s.jmx.export.annotation.AnnotationMBeanExporter - Registering beans for JMX exposure on startup
2018-08-07 11:46:33.189 [main] INFO  o.s.jmx.export.annotation.AnnotationMBeanExporter - Bean with name 'dataSource' has been autodetected for JMX exposure
2018-08-07 11:46:33.195 [main] INFO  o.s.jmx.export.annotation.AnnotationMBeanExporter - Located MBean 'dataSource': registering with JMX server as MBean [com.zaxxer.hikari:name=dataSource,type=HikariDataSource]
2018-08-07 11:46:33.205 [main] INFO  org.apache.coyote.http11.Http11NioProtocol - Starting ProtocolHandler ["http-nio-8080"]
2018-08-07 11:46:33.216 [main] INFO  org.apache.tomcat.util.net.NioSelectorPool - Using a shared selector for servlet write/read
2018-08-07 11:46:33.233 [main] INFO  o.s.boot.web.embedded.tomcat.TomcatWebServer - Tomcat started on port(s): 8080 (http) with context path '/test'
2018-08-07 11:46:33.238 [main] INFO  cn.yuchen.bigdate.rs.RegionalstabilityApplication - Started RegionalstabilityApplication in 5.444 seconds (JVM running for 6.793)
2018-08-07 11:46:53.748 [http-nio-8080-exec-2] INFO  o.a.c.c.ContainerBase.[Tomcat].[localhost].[/test] - Initializing Spring FrameworkServlet 'dispatcherServlet'
2018-08-07 11:46:53.748 [http-nio-8080-exec-2] INFO  org.springframework.web.servlet.DispatcherServlet - FrameworkServlet 'dispatcherServlet': initialization started
2018-08-07 11:46:53.770 [http-nio-8080-exec-2] INFO  org.springframework.web.servlet.DispatcherServlet - FrameworkServlet 'dispatcherServlet': initialization completed in 22 ms
2018-08-07 11:46:53.827 [http-nio-8080-exec-2] INFO  com.zaxxer.hikari.HikariDataSource - HikariPool-1 - Starting...
2018-08-07 11:46:53.999 [http-nio-8080-exec-2] INFO  com.zaxxer.hikari.HikariDataSource - HikariPool-1 - Start completed.
