2018-07-26 17:47:32.039 [main] INFO  cn.yuchen.bigdate.rs.RegionalstabilityApplication - Starting RegionalstabilityApplication on DESKTOP-9BCQK4L with PID 16660 (E:\java_evn\java_IDE\ideaSpace\regionalstability\target\classes started by wzx in E:\java_evn\java_IDE\ideaSpace\regionalstability)
2018-07-26 17:47:32.043 [main] INFO  cn.yuchen.bigdate.rs.RegionalstabilityApplication - The following profiles are active: test
2018-07-26 17:47:32.190 [main] INFO  o.s.b.w.s.c.AnnotationConfigServletWebServerApplicationContext - Refreshing org.springframework.boot.web.servlet.context.AnnotationConfigServletWebServerApplicationContext@2f17e30d: startup date [Thu Jul 26 17:47:32 CST 2018]; root of context hierarchy
2018-07-26 17:47:32.958 [main] INFO  o.s.d.r.config.RepositoryConfigurationDelegate - Multiple Spring Data modules found, entering strict repository configuration mode!
2018-07-26 17:47:33.013 [main] INFO  o.s.d.r.config.RepositoryConfigurationDelegate - Multiple Spring Data modules found, entering strict repository configuration mode!
2018-07-26 17:47:33.027 [main] INFO  o.s.d.r.c.RepositoryConfigurationExtensionSupport - Spring Data Redis - Could not safely identify store assignment for repository candidate interface cn.yuchen.bigdate.rs.usermanagement.repository.UserRepository.
2018-07-26 17:47:33.394 [main] INFO  o.s.c.s.PostProcessorRegistrationDelegate$BeanPostProcessorChecker - Bean 'org.springframework.transaction.annotation.ProxyTransactionManagementConfiguration' of type [org.springframework.transaction.annotation.ProxyTransactionManagementConfiguration$$EnhancerBySpringCGLIB$$a3a75360] is not eligible for getting processed by all BeanPostProcessors (for example: not eligible for auto-proxying)
2018-07-26 17:47:33.665 [main] INFO  o.s.boot.web.embedded.tomcat.TomcatWebServer - Tomcat initialized with port(s): 8080 (http)
2018-07-26 17:47:33.677 [main] INFO  org.apache.coyote.http11.Http11NioProtocol - Initializing ProtocolHandler ["http-nio-8080"]
2018-07-26 17:47:33.687 [main] INFO  org.apache.catalina.core.StandardService - Starting service [Tomcat]
2018-07-26 17:47:33.687 [main] INFO  org.apache.catalina.core.StandardEngine - Starting Servlet Engine: Apache Tomcat/8.5.31
2018-07-26 17:47:33.692 [localhost-startStop-1] INFO  org.apache.catalina.core.AprLifecycleListener - The APR based Apache Tomcat Native library which allows optimal performance in production environments was not found on the java.library.path: [E:\java_evn\java_JDK\bin;C:\WINDOWS\Sun\Java\bin;C:\WINDOWS\system32;C:\WINDOWS;C:\Program Files (x86)\Intel\Intel(R) Management Engine Components\iCLS\;C:\Program Files\Intel\Intel(R) Management Engine Components\iCLS\;C:\Program Files (x86)\Common Files\Oracle\Java\javapath;C:\WINDOWS\system32;C:\WINDOWS;C:\WINDOWS\System32\Wbem;C:\WINDOWS\System32\WindowsPowerShell\v1.0\;E:\java_evn\java_JDK\bin;E:\java_evn\java_JDK\jre\bin;E:\java_evn\Git\Git\cmd;E:\java_evn\Maven\apache-maven-3.5.0\bin\;C:\Program Files (x86)\Intel\Intel(R) Management Engine Components\DAL;C:\Program Files\Intel\Intel(R) Management Engine Components\DAL;C:\Program Files (x86)\Intel\Intel(R) Management Engine Components\IPT;C:\Program Files\Intel\Intel(R) Management Engine Components\IPT;C:\Program Files (x86)\MySQL\MySQL Utilities 1.6\;C:\WINDOWS\System32\OpenSSH\;C:\Users\wzx\AppData\Local\Microsoft\WindowsApps;;.]
2018-07-26 17:47:33.788 [localhost-startStop-1] INFO  o.a.c.c.ContainerBase.[Tomcat].[localhost].[/test] - Initializing Spring embedded WebApplicationContext
2018-07-26 17:47:33.788 [localhost-startStop-1] INFO  org.springframework.web.context.ContextLoader - Root WebApplicationContext: initialization completed in 1598 ms
2018-07-26 17:47:33.944 [localhost-startStop-1] INFO  o.s.boot.web.servlet.ServletRegistrationBean - Servlet dispatcherServlet mapped to [/]
2018-07-26 17:47:33.950 [localhost-startStop-1] INFO  o.s.boot.web.servlet.FilterRegistrationBean - Mapping filter: 'characterEncodingFilter' to: [/*]
2018-07-26 17:47:33.951 [localhost-startStop-1] INFO  o.s.boot.web.servlet.FilterRegistrationBean - Mapping filter: 'hiddenHttpMethodFilter' to: [/*]
2018-07-26 17:47:33.951 [localhost-startStop-1] INFO  o.s.boot.web.servlet.FilterRegistrationBean - Mapping filter: 'httpPutFormContentFilter' to: [/*]
2018-07-26 17:47:33.951 [localhost-startStop-1] INFO  o.s.boot.web.servlet.FilterRegistrationBean - Mapping filter: 'requestContextFilter' to: [/*]
2018-07-26 17:47:34.988 [main] INFO  org.mongodb.driver.cluster - Cluster created with settings {hosts=[192.168.100.188:27017], mode=SINGLE, requiredClusterType=UNKNOWN, serverSelectionTimeout='30000 ms', maxWaitQueueSize=500}
2018-07-26 17:47:35.107 [cluster-ClusterId{value='5b5998b622c0ff4114d7401e', description='null'}-192.168.100.188:27017] INFO  org.mongodb.driver.connection - Opened connection [connectionId{localValue:1, serverValue:59}] to 192.168.100.188:27017
2018-07-26 17:47:35.111 [cluster-ClusterId{value='5b5998b622c0ff4114d7401e', description='null'}-192.168.100.188:27017] INFO  org.mongodb.driver.cluster - Monitor thread successfully connected to server with description ServerDescription{address=192.168.100.188:27017, type=STANDALONE, state=CONNECTED, ok=true, version=ServerVersion{versionList=[3, 6, 1]}, minWireVersion=0, maxWireVersion=6, maxDocumentSize=16777216, logicalSessionTimeoutMinutes=30, roundTripTimeNanos=2754555}
2018-07-26 17:47:35.712 [main] INFO  o.s.web.servlet.handler.SimpleUrlHandlerMapping - Mapped URL path [/**/favicon.ico] onto handler of type [class org.springframework.web.servlet.resource.ResourceHttpRequestHandler]
2018-07-26 17:47:35.955 [main] INFO  o.s.w.s.m.m.a.RequestMappingHandlerAdapter - Looking for @ControllerAdvice: org.springframework.boot.web.servlet.context.AnnotationConfigServletWebServerApplicationContext@2f17e30d: startup date [Thu Jul 26 17:47:32 CST 2018]; root of context hierarchy
2018-07-26 17:47:36.011 [main] INFO  o.s.w.s.m.m.a.RequestMappingHandlerMapping - Mapped "{[/log/add],methods=[POST]}" onto public cn.yuchen.bigdate.rs.utility.ResponseResult<java.lang.Boolean> cn.yuchen.bigdate.rs.operatedlog.controller.OperatedLogController.add(cn.yuchen.bigdate.rs.operatedlog.pojo.vo.OperatedLogVo)
2018-07-26 17:47:36.013 [main] INFO  o.s.w.s.m.m.a.RequestMappingHandlerMapping - Mapped "{[/log/findByPage],methods=[POST]}" onto public cn.yuchen.bigdate.rs.utility.ResponseResult<com.github.pagehelper.PageInfo<cn.yuchen.bigdate.rs.operatedlog.pojo.vo.OperatedLogVo>> cn.yuchen.bigdate.rs.operatedlog.controller.OperatedLogController.findByPage(cn.yuchen.bigdate.rs.operatedlog.pojo.vo.OperatedLogVo)
2018-07-26 17:47:36.015 [main] INFO  o.s.w.s.m.m.a.RequestMappingHandlerMapping - Mapped "{[/user/add],methods=[POST]}" onto public cn.yuchen.bigdate.rs.utility.ResponseResult<java.lang.Boolean> cn.yuchen.bigdate.rs.usermanagement.controller.UserController.addUser(cn.yuchen.bigdate.rs.usermanagement.pojo.vo.UserVo)
2018-07-26 17:47:36.016 [main] INFO  o.s.w.s.m.m.a.RequestMappingHandlerMapping - Mapped "{[/user/addDB],methods=[POST]}" onto public cn.yuchen.bigdate.rs.utility.ResponseResult<java.lang.String> cn.yuchen.bigdate.rs.usermanagement.controller.UserController.addUserForDB(cn.yuchen.bigdate.rs.usermanagement.pojo.vo.UserVo)
2018-07-26 17:47:36.016 [main] INFO  o.s.w.s.m.m.a.RequestMappingHandlerMapping - Mapped "{[/user/hello],methods=[POST]}" onto public cn.yuchen.bigdate.rs.utility.ResponseResult<java.lang.String> cn.yuchen.bigdate.rs.usermanagement.controller.UserController.sayHello(java.lang.String)
2018-07-26 17:47:36.016 [main] INFO  o.s.w.s.m.m.a.RequestMappingHandlerMapping - Mapped "{[/user/findDB],methods=[POST]}" onto public cn.yuchen.bigdate.rs.utility.ResponseResult<cn.yuchen.bigdate.rs.usermanagement.pojo.vo.UserVo> cn.yuchen.bigdate.rs.usermanagement.controller.UserController.findUserForDB()
2018-07-26 17:47:36.017 [main] INFO  o.s.w.s.m.m.a.RequestMappingHandlerMapping - Mapped "{[/user/getUser/{id}],methods=[GET]}" onto public cn.yuchen.bigdate.rs.utility.ResponseResult<cn.yuchen.bigdate.rs.usermanagement.pojo.vo.UserVo> cn.yuchen.bigdate.rs.usermanagement.controller.UserController.findUserVoById(java.lang.Integer)
2018-07-26 17:47:36.017 [main] INFO  o.s.w.s.m.m.a.RequestMappingHandlerMapping - Mapped "{[/user/getSolr/{id}],methods=[GET]}" onto public cn.yuchen.bigdate.rs.utility.ResponseResult<cn.yuchen.bigdate.rs.usermanagement.pojo.vo.UserVo> cn.yuchen.bigdate.rs.usermanagement.controller.UserController.findUserVoFromSolr(java.lang.Integer) throws java.io.IOException,org.apache.solr.client.solrj.SolrServerException
2018-07-26 17:47:36.019 [main] INFO  o.s.w.s.m.m.a.RequestMappingHandlerMapping - Mapped "{[/error]}" onto public org.springframework.http.ResponseEntity<java.util.Map<java.lang.String, java.lang.Object>> org.springframework.boot.autoconfigure.web.servlet.error.BasicErrorController.error(javax.servlet.http.HttpServletRequest)
2018-07-26 17:47:36.019 [main] INFO  o.s.w.s.m.m.a.RequestMappingHandlerMapping - Mapped "{[/error],produces=[text/html]}" onto public org.springframework.web.servlet.ModelAndView org.springframework.boot.autoconfigure.web.servlet.error.BasicErrorController.errorHtml(javax.servlet.http.HttpServletRequest,javax.servlet.http.HttpServletResponse)
2018-07-26 17:47:36.048 [main] INFO  o.s.web.servlet.handler.SimpleUrlHandlerMapping - Mapped URL path [/webjars/**] onto handler of type [class org.springframework.web.servlet.resource.ResourceHttpRequestHandler]
2018-07-26 17:47:36.048 [main] INFO  o.s.web.servlet.handler.SimpleUrlHandlerMapping - Mapped URL path [/**] onto handler of type [class org.springframework.web.servlet.resource.ResourceHttpRequestHandler]
2018-07-26 17:47:36.063 [main] INFO  o.s.w.s.m.m.a.ExceptionHandlerExceptionResolver - Detected @ExceptionHandler methods in globalExceptionHandler
2018-07-26 17:47:36.456 [main] INFO  o.s.jmx.export.annotation.AnnotationMBeanExporter - Registering beans for JMX exposure on startup
2018-07-26 17:47:36.457 [main] INFO  o.s.jmx.export.annotation.AnnotationMBeanExporter - Bean with name 'dataSource' has been autodetected for JMX exposure
2018-07-26 17:47:36.462 [main] INFO  o.s.jmx.export.annotation.AnnotationMBeanExporter - Located MBean 'dataSource': registering with JMX server as MBean [com.zaxxer.hikari:name=dataSource,type=HikariDataSource]
2018-07-26 17:47:36.473 [main] INFO  org.apache.coyote.http11.Http11NioProtocol - Starting ProtocolHandler ["http-nio-8080"]
2018-07-26 17:47:36.483 [main] INFO  org.apache.tomcat.util.net.NioSelectorPool - Using a shared selector for servlet write/read
2018-07-26 17:47:36.499 [main] INFO  o.s.boot.web.embedded.tomcat.TomcatWebServer - Tomcat started on port(s): 8080 (http) with context path '/test'
2018-07-26 17:47:36.502 [main] INFO  cn.yuchen.bigdate.rs.RegionalstabilityApplication - Started RegionalstabilityApplication in 5.278 seconds (JVM running for 6.202)
2018-07-26 17:47:58.953 [http-nio-8080-exec-2] INFO  o.a.c.c.ContainerBase.[Tomcat].[localhost].[/test] - Initializing Spring FrameworkServlet 'dispatcherServlet'
2018-07-26 17:47:58.953 [http-nio-8080-exec-2] INFO  org.springframework.web.servlet.DispatcherServlet - FrameworkServlet 'dispatcherServlet': initialization started
2018-07-26 17:47:58.979 [http-nio-8080-exec-2] INFO  org.springframework.web.servlet.DispatcherServlet - FrameworkServlet 'dispatcherServlet': initialization completed in 26 ms
2018-07-26 17:47:59.029 [http-nio-8080-exec-2] INFO  com.zaxxer.hikari.HikariDataSource - HikariPool-1 - Starting...
2018-07-26 17:47:59.204 [http-nio-8080-exec-2] INFO  com.zaxxer.hikari.HikariDataSource - HikariPool-1 - Start completed.
2018-07-26 17:47:59.312 [http-nio-8080-exec-1] INFO  c.y.b.r.o.controller.OperatedLogController - 顺序1
2018-07-26 17:47:59.313 [http-nio-8080-exec-1] INFO  c.y.b.r.o.controller.OperatedLogController - 这里使用了系统日志记录操作
2018-07-26 17:47:59.389 [http-nio-8080-exec-2] INFO  c.y.b.rs.usermanagement.controller.UserController - 顺序2
2018-07-26 17:58:53.191 [main] INFO  cn.yuchen.bigdate.rs.RegionalstabilityApplication - Starting RegionalstabilityApplication on DESKTOP-9BCQK4L with PID 16924 (E:\java_evn\java_IDE\ideaSpace\regionalstability\target\classes started by wzx in E:\java_evn\java_IDE\ideaSpace\regionalstability)
2018-07-26 17:58:53.200 [main] INFO  cn.yuchen.bigdate.rs.RegionalstabilityApplication - The following profiles are active: test
2018-07-26 17:58:53.298 [main] INFO  o.s.b.w.s.c.AnnotationConfigServletWebServerApplicationContext - Refreshing org.springframework.boot.web.servlet.context.AnnotationConfigServletWebServerApplicationContext@1afdd473: startup date [Thu Jul 26 17:58:53 CST 2018]; root of context hierarchy
2018-07-26 17:58:54.222 [main] INFO  o.s.d.r.config.RepositoryConfigurationDelegate - Multiple Spring Data modules found, entering strict repository configuration mode!
2018-07-26 17:58:54.459 [main] INFO  o.s.d.r.config.RepositoryConfigurationDelegate - Multiple Spring Data modules found, entering strict repository configuration mode!
2018-07-26 17:58:54.475 [main] INFO  o.s.d.r.c.RepositoryConfigurationExtensionSupport - Spring Data Redis - Could not safely identify store assignment for repository candidate interface cn.yuchen.bigdate.rs.usermanagement.repository.UserRepository.
2018-07-26 17:58:54.814 [main] INFO  o.s.c.s.PostProcessorRegistrationDelegate$BeanPostProcessorChecker - Bean 'org.springframework.transaction.annotation.ProxyTransactionManagementConfiguration' of type [org.springframework.transaction.annotation.ProxyTransactionManagementConfiguration$$EnhancerBySpringCGLIB$$6f5699ae] is not eligible for getting processed by all BeanPostProcessors (for example: not eligible for auto-proxying)
2018-07-26 17:58:55.094 [main] INFO  o.s.boot.web.embedded.tomcat.TomcatWebServer - Tomcat initialized with port(s): 8080 (http)
2018-07-26 17:58:55.105 [main] INFO  org.apache.coyote.http11.Http11NioProtocol - Initializing ProtocolHandler ["http-nio-8080"]
2018-07-26 17:58:55.115 [main] INFO  org.apache.catalina.core.StandardService - Starting service [Tomcat]
2018-07-26 17:58:55.116 [main] INFO  org.apache.catalina.core.StandardEngine - Starting Servlet Engine: Apache Tomcat/8.5.31
2018-07-26 17:58:55.120 [localhost-startStop-1] INFO  org.apache.catalina.core.AprLifecycleListener - The APR based Apache Tomcat Native library which allows optimal performance in production environments was not found on the java.library.path: [E:\java_evn\java_JDK\bin;C:\WINDOWS\Sun\Java\bin;C:\WINDOWS\system32;C:\WINDOWS;C:\Program Files (x86)\Intel\Intel(R) Management Engine Components\iCLS\;C:\Program Files\Intel\Intel(R) Management Engine Components\iCLS\;C:\Program Files (x86)\Common Files\Oracle\Java\javapath;C:\WINDOWS\system32;C:\WINDOWS;C:\WINDOWS\System32\Wbem;C:\WINDOWS\System32\WindowsPowerShell\v1.0\;E:\java_evn\java_JDK\bin;E:\java_evn\java_JDK\jre\bin;E:\java_evn\Git\Git\cmd;E:\java_evn\Maven\apache-maven-3.5.0\bin\;C:\Program Files (x86)\Intel\Intel(R) Management Engine Components\DAL;C:\Program Files\Intel\Intel(R) Management Engine Components\DAL;C:\Program Files (x86)\Intel\Intel(R) Management Engine Components\IPT;C:\Program Files\Intel\Intel(R) Management Engine Components\IPT;C:\Program Files (x86)\MySQL\MySQL Utilities 1.6\;C:\WINDOWS\System32\OpenSSH\;C:\Users\wzx\AppData\Local\Microsoft\WindowsApps;;.]
2018-07-26 17:58:55.209 [localhost-startStop-1] INFO  o.a.c.c.ContainerBase.[Tomcat].[localhost].[/test] - Initializing Spring embedded WebApplicationContext
2018-07-26 17:58:55.210 [localhost-startStop-1] INFO  org.springframework.web.context.ContextLoader - Root WebApplicationContext: initialization completed in 1912 ms
2018-07-26 17:58:55.353 [localhost-startStop-1] INFO  o.s.boot.web.servlet.ServletRegistrationBean - Servlet dispatcherServlet mapped to [/]
2018-07-26 17:58:55.359 [localhost-startStop-1] INFO  o.s.boot.web.servlet.FilterRegistrationBean - Mapping filter: 'characterEncodingFilter' to: [/*]
2018-07-26 17:58:55.360 [localhost-startStop-1] INFO  o.s.boot.web.servlet.FilterRegistrationBean - Mapping filter: 'hiddenHttpMethodFilter' to: [/*]
2018-07-26 17:58:55.360 [localhost-startStop-1] INFO  o.s.boot.web.servlet.FilterRegistrationBean - Mapping filter: 'httpPutFormContentFilter' to: [/*]
2018-07-26 17:58:55.360 [localhost-startStop-1] INFO  o.s.boot.web.servlet.FilterRegistrationBean - Mapping filter: 'requestContextFilter' to: [/*]
2018-07-26 17:58:56.319 [main] INFO  org.mongodb.driver.cluster - Cluster created with settings {hosts=[192.168.100.188:27017], mode=SINGLE, requiredClusterType=UNKNOWN, serverSelectionTimeout='30000 ms', maxWaitQueueSize=500}
2018-07-26 17:58:56.461 [cluster-ClusterId{value='5b599b6022c0ff421cb2c083', description='null'}-192.168.100.188:27017] INFO  org.mongodb.driver.connection - Opened connection [connectionId{localValue:1, serverValue:62}] to 192.168.100.188:27017
2018-07-26 17:58:56.465 [cluster-ClusterId{value='5b599b6022c0ff421cb2c083', description='null'}-192.168.100.188:27017] INFO  org.mongodb.driver.cluster - Monitor thread successfully connected to server with description ServerDescription{address=192.168.100.188:27017, type=STANDALONE, state=CONNECTED, ok=true, version=ServerVersion{versionList=[3, 6, 1]}, minWireVersion=0, maxWireVersion=6, maxDocumentSize=16777216, logicalSessionTimeoutMinutes=30, roundTripTimeNanos=2668880}
2018-07-26 17:58:57.042 [main] INFO  o.s.web.servlet.handler.SimpleUrlHandlerMapping - Mapped URL path [/**/favicon.ico] onto handler of type [class org.springframework.web.servlet.resource.ResourceHttpRequestHandler]
2018-07-26 17:58:57.308 [main] INFO  o.s.w.s.m.m.a.RequestMappingHandlerAdapter - Looking for @ControllerAdvice: org.springframework.boot.web.servlet.context.AnnotationConfigServletWebServerApplicationContext@1afdd473: startup date [Thu Jul 26 17:58:53 CST 2018]; root of context hierarchy
2018-07-26 17:58:57.366 [main] INFO  o.s.w.s.m.m.a.RequestMappingHandlerMapping - Mapped "{[/log/add],methods=[POST]}" onto public cn.yuchen.bigdate.rs.utility.ResponseResult<java.lang.Boolean> cn.yuchen.bigdate.rs.operatedlog.controller.OperatedLogController.add(cn.yuchen.bigdate.rs.operatedlog.pojo.vo.OperatedLogVo)
2018-07-26 17:58:57.366 [main] INFO  o.s.w.s.m.m.a.RequestMappingHandlerMapping - Mapped "{[/log/findByPage],methods=[POST]}" onto public cn.yuchen.bigdate.rs.utility.ResponseResult<com.github.pagehelper.PageInfo<cn.yuchen.bigdate.rs.operatedlog.pojo.vo.OperatedLogVo>> cn.yuchen.bigdate.rs.operatedlog.controller.OperatedLogController.findByPage(cn.yuchen.bigdate.rs.operatedlog.pojo.vo.OperatedLogVo)
2018-07-26 17:58:57.369 [main] INFO  o.s.w.s.m.m.a.RequestMappingHandlerMapping - Mapped "{[/user/getUser/{id}],methods=[GET]}" onto public cn.yuchen.bigdate.rs.utility.ResponseResult<cn.yuchen.bigdate.rs.usermanagement.pojo.vo.UserVo> cn.yuchen.bigdate.rs.usermanagement.controller.UserController.findUserVoById(java.lang.Integer)
2018-07-26 17:58:57.369 [main] INFO  o.s.w.s.m.m.a.RequestMappingHandlerMapping - Mapped "{[/user/hello],methods=[POST]}" onto public cn.yuchen.bigdate.rs.utility.ResponseResult<java.lang.String> cn.yuchen.bigdate.rs.usermanagement.controller.UserController.sayHello(java.lang.String)
2018-07-26 17:58:57.369 [main] INFO  o.s.w.s.m.m.a.RequestMappingHandlerMapping - Mapped "{[/user/findDB],methods=[POST]}" onto public cn.yuchen.bigdate.rs.utility.ResponseResult<cn.yuchen.bigdate.rs.usermanagement.pojo.vo.UserVo> cn.yuchen.bigdate.rs.usermanagement.controller.UserController.findUserForDB()
2018-07-26 17:58:57.370 [main] INFO  o.s.w.s.m.m.a.RequestMappingHandlerMapping - Mapped "{[/user/addDB],methods=[POST]}" onto public cn.yuchen.bigdate.rs.utility.ResponseResult<java.lang.String> cn.yuchen.bigdate.rs.usermanagement.controller.UserController.addUserForDB(cn.yuchen.bigdate.rs.usermanagement.pojo.vo.UserVo)
2018-07-26 17:58:57.370 [main] INFO  o.s.w.s.m.m.a.RequestMappingHandlerMapping - Mapped "{[/user/add],methods=[POST]}" onto public cn.yuchen.bigdate.rs.utility.ResponseResult<java.lang.Boolean> cn.yuchen.bigdate.rs.usermanagement.controller.UserController.addUser(cn.yuchen.bigdate.rs.usermanagement.pojo.vo.UserVo)
2018-07-26 17:58:57.371 [main] INFO  o.s.w.s.m.m.a.RequestMappingHandlerMapping - Mapped "{[/user/getSolr/{id}],methods=[GET]}" onto public cn.yuchen.bigdate.rs.utility.ResponseResult<cn.yuchen.bigdate.rs.usermanagement.pojo.vo.UserVo> cn.yuchen.bigdate.rs.usermanagement.controller.UserController.findUserVoFromSolr(java.lang.Integer) throws java.io.IOException,org.apache.solr.client.solrj.SolrServerException
2018-07-26 17:58:57.373 [main] INFO  o.s.w.s.m.m.a.RequestMappingHandlerMapping - Mapped "{[/error]}" onto public org.springframework.http.ResponseEntity<java.util.Map<java.lang.String, java.lang.Object>> org.springframework.boot.autoconfigure.web.servlet.error.BasicErrorController.error(javax.servlet.http.HttpServletRequest)
2018-07-26 17:58:57.374 [main] INFO  o.s.w.s.m.m.a.RequestMappingHandlerMapping - Mapped "{[/error],produces=[text/html]}" onto public org.springframework.web.servlet.ModelAndView org.springframework.boot.autoconfigure.web.servlet.error.BasicErrorController.errorHtml(javax.servlet.http.HttpServletRequest,javax.servlet.http.HttpServletResponse)
2018-07-26 17:58:57.401 [main] INFO  o.s.web.servlet.handler.SimpleUrlHandlerMapping - Mapped URL path [/webjars/**] onto handler of type [class org.springframework.web.servlet.resource.ResourceHttpRequestHandler]
2018-07-26 17:58:57.402 [main] INFO  o.s.web.servlet.handler.SimpleUrlHandlerMapping - Mapped URL path [/**] onto handler of type [class org.springframework.web.servlet.resource.ResourceHttpRequestHandler]
2018-07-26 17:58:57.420 [main] INFO  o.s.w.s.m.m.a.ExceptionHandlerExceptionResolver - Detected @ExceptionHandler methods in globalExceptionHandler
2018-07-26 17:58:57.799 [main] INFO  o.s.jmx.export.annotation.AnnotationMBeanExporter - Registering beans for JMX exposure on startup
2018-07-26 17:58:57.800 [main] INFO  o.s.jmx.export.annotation.AnnotationMBeanExporter - Bean with name 'dataSource' has been autodetected for JMX exposure
2018-07-26 17:58:57.806 [main] INFO  o.s.jmx.export.annotation.AnnotationMBeanExporter - Located MBean 'dataSource': registering with JMX server as MBean [com.zaxxer.hikari:name=dataSource,type=HikariDataSource]
2018-07-26 17:58:57.817 [main] INFO  org.apache.coyote.http11.Http11NioProtocol - Starting ProtocolHandler ["http-nio-8080"]
2018-07-26 17:58:57.828 [main] INFO  org.apache.tomcat.util.net.NioSelectorPool - Using a shared selector for servlet write/read
2018-07-26 17:58:57.846 [main] INFO  o.s.boot.web.embedded.tomcat.TomcatWebServer - Tomcat started on port(s): 8080 (http) with context path '/test'
2018-07-26 17:58:57.849 [main] INFO  cn.yuchen.bigdate.rs.RegionalstabilityApplication - Started RegionalstabilityApplication in 5.328 seconds (JVM running for 6.203)
2018-07-26 17:59:05.134 [http-nio-8080-exec-2] INFO  o.a.c.c.ContainerBase.[Tomcat].[localhost].[/test] - Initializing Spring FrameworkServlet 'dispatcherServlet'
2018-07-26 17:59:05.135 [http-nio-8080-exec-2] INFO  org.springframework.web.servlet.DispatcherServlet - FrameworkServlet 'dispatcherServlet': initialization started
2018-07-26 17:59:05.154 [http-nio-8080-exec-2] INFO  org.springframework.web.servlet.DispatcherServlet - FrameworkServlet 'dispatcherServlet': initialization completed in 19 ms
2018-07-26 17:59:05.200 [http-nio-8080-exec-2] INFO  com.zaxxer.hikari.HikariDataSource - HikariPool-1 - Starting...
2018-07-26 17:59:05.417 [http-nio-8080-exec-2] INFO  com.zaxxer.hikari.HikariDataSource - HikariPool-1 - Start completed.
2018-07-26 17:59:05.524 [http-nio-8080-exec-1] INFO  c.y.b.r.o.controller.OperatedLogController - 顺序1
2018-07-26 17:59:05.525 [http-nio-8080-exec-1] INFO  c.y.b.r.o.controller.OperatedLogController - 这里使用了系统日志记录操作
2018-07-26 17:59:05.604 [http-nio-8080-exec-2] INFO  c.y.b.rs.usermanagement.controller.UserController - 顺序2
